# JRE version: OpenJDK Runtime Environment (8.0_242) (build 1.8.0_242-release-1644-b3-6222593)
# Java VM: OpenJDK 64-Bit Server VM (25.242-b3-6222593 mixed mode bsd-amd64 compressed oops)
Heap:
 PSYoungGen      total 292352K, used 19452K [0x0000000795580000, 0x00000007a9880000, 0x00000007c0000000)
  eden space 272896K, 0% used [0x0000000795580000,0x0000000795580000,0x00000007a6000000)
  from space 19456K, 99% used [0x00000007a7a00000,0x00000007a8cff320,0x00000007a8d00000)
  to   space 26624K, 0% used [0x00000007a6000000,0x00000007a6000000,0x00000007a7a00000)
 ParOldGen       total 113152K, used 35375K [0x0000000740000000, 0x0000000746e80000, 0x0000000795580000)
  object space 113152K, 31% used [0x0000000740000000,0x000000074228be30,0x0000000746e80000)
 Metaspace       used 56486K, capacity 58990K, committed 59028K, reserved 1099776K
  class space    used 7573K, capacity 8135K, committed 8152K, reserved 1048576K
GC Heap History (10 events):
Event: 9.460 GC heap after
Heap after GC invocations=6 (full 1):
 PSYoungGen      total 138240K, used 5120K [0x0000000795580000, 0x00000007a3c00000, 0x00000007c0000000)
  eden space 133120K, 0% used [0x0000000795580000,0x0000000795580000,0x000000079d780000)
  from space 5120K, 100% used [0x000000079d780000,0x000000079dc80000,0x000000079dc80000)
  to   space 17408K, 0% used [0x00000007a2b00000,0x00000007a2b00000,0x00000007a3c00000)
 ParOldGen       total 67584K, used 20306K [0x0000000740000000, 0x0000000744200000, 0x0000000795580000)
  object space 67584K, 30% used [0x0000000740000000,0x00000007413d4ac8,0x0000000744200000)
 Metaspace       used 32993K, capacity 34190K, committed 34560K, reserved 1079296K
  class space    used 4455K, capacity 4752K, committed 4864K, reserved 1048576K
}
Event: 10.426 GC heap before
{Heap before GC invocations=7 (full 1):
 PSYoungGen      total 138240K, used 31304K [0x0000000795580000, 0x00000007a3c00000, 0x00000007c0000000)
  eden space 133120K, 19% used [0x0000000795580000,0x0000000796f12320,0x000000079d780000)
  from space 5120K, 100% used [0x000000079d780000,0x000000079dc80000,0x000000079dc80000)
  to   space 17408K, 0% used [0x00000007a2b00000,0x00000007a2b00000,0x00000007a3c00000)
 ParOldGen       total 67584K, used 20306K [0x0000000740000000, 0x0000000744200000, 0x0000000795580000)
  object space 67584K, 30% used [0x0000000740000000,0x00000007413d4ac8,0x0000000744200000)
 Metaspace       used 34007K, capacity 35324K, committed 35416K, reserved 1079296K
  class space    used 4573K, capacity 4883K, committed 4952K, reserved 1048576K
Event: 10.442 GC heap after
Heap after GC invocations=7 (full 1):
 PSYoungGen      total 220160K, used 8272K [0x0000000795580000, 0x00000007a3d80000, 0x00000007c0000000)
  eden space 202752K, 0% used [0x0000000795580000,0x0000000795580000,0x00000007a1b80000)
  from space 17408K, 47% used [0x00000007a2b00000,0x00000007a33143b0,0x00000007a3c00000)
  to   space 15872K, 0% used [0x00000007a1b80000,0x00000007a1b80000,0x00000007a2b00000)
 ParOldGen       total 67584K, used 20314K [0x0000000740000000, 0x0000000744200000, 0x0000000795580000)
  object space 67584K, 30% used [0x0000000740000000,0x00000007413d6ac8,0x0000000744200000)
 Metaspace       used 34007K, capacity 35324K, committed 35416K, reserved 1079296K
  class space    used 4573K, capacity 4883K, committed 4952K, reserved 1048576K
}
Event: 10.442 GC heap before
{Heap before GC invocations=8 (full 2):
 PSYoungGen      total 220160K, used 8272K [0x0000000795580000, 0x00000007a3d80000, 0x00000007c0000000)
  eden space 202752K, 0% used [0x0000000795580000,0x0000000795580000,0x00000007a1b80000)
  from space 17408K, 47% used [0x00000007a2b00000,0x00000007a33143b0,0x00000007a3c00000)
  to   space 15872K, 0% used [0x00000007a1b80000,0x00000007a1b80000,0x00000007a2b00000)
 ParOldGen       total 67584K, used 20314K [0x0000000740000000, 0x0000000744200000, 0x0000000795580000)
  object space 67584K, 30% used [0x0000000740000000,0x00000007413d6ac8,0x0000000744200000)
 Metaspace       used 34007K, capacity 35324K, committed 35416K, reserved 1079296K
  class space    used 4573K, capacity 4883K, committed 4952K, reserved 1048576K
Event: 10.576 GC heap after
Heap after GC invocations=8 (full 2):
 PSYoungGen      total 220160K, used 0K [0x0000000795580000, 0x00000007a3d80000, 0x00000007c0000000)
  eden space 202752K, 0% used [0x0000000795580000,0x0000000795580000,0x00000007a1b80000)
  from space 17408K, 0% used [0x00000007a2b00000,0x00000007a2b00000,0x00000007a3c00000)
  to   space 15872K, 0% used [0x00000007a1b80000,0x00000007a1b80000,0x00000007a2b00000)
 ParOldGen       total 113152K, used 24015K [0x0000000740000000, 0x0000000746e80000, 0x0000000795580000)
  object space 113152K, 21% used [0x0000000740000000,0x0000000741773fe8,0x0000000746e80000)
 Metaspace       used 34007K, capacity 35324K, committed 35416K, reserved 1079296K
  class space    used 4573K, capacity 4883K, committed 4952K, reserved 1048576K
}
Event: 15.869 GC heap before
{Heap before GC invocations=9 (full 2):
 PSYoungGen      total 220160K, used 202752K [0x0000000795580000, 0x00000007a3d80000, 0x00000007c0000000)
  eden space 202752K, 100% used [0x0000000795580000,0x00000007a1b80000,0x00000007a1b80000)
  from space 17408K, 0% used [0x00000007a2b00000,0x00000007a2b00000,0x00000007a3c00000)
  to   space 15872K, 0% used [0x00000007a1b80000,0x00000007a1b80000,0x00000007a2b00000)
 ParOldGen       total 113152K, used 24015K [0x0000000740000000, 0x0000000746e80000, 0x0000000795580000)
  object space 113152K, 21% used [0x0000000740000000,0x0000000741773fe8,0x0000000746e80000)
 Metaspace       used 44252K, capacity 46312K, committed 46424K, reserved 1089536K
  class space    used 6006K, capacity 6445K, committed 6488K, reserved 1048576K
Event: 15.907 GC heap after
Heap after GC invocations=9 (full 2):
 PSYoungGen      total 218624K, used 15854K [0x0000000795580000, 0x00000007a8d00000, 0x00000007c0000000)
  eden space 202752K, 0% used [0x0000000795580000,0x0000000795580000,0x00000007a1b80000)
  from space 15872K, 99% used [0x00000007a1b80000,0x00000007a2afba88,0x00000007a2b00000)
  to   space 19456K, 0% used [0x00000007a7a00000,0x00000007a7a00000,0x00000007a8d00000)
 ParOldGen       total 113152K, used 25996K [0x0000000740000000, 0x0000000746e80000, 0x0000000795580000)
  object space 113152K, 22% used [0x0000000740000000,0x0000000741963120,0x0000000746e80000)
 Metaspace       used 44252K, capacity 46312K, committed 46424K, reserved 1089536K
  class space    used 6006K, capacity 6445K, committed 6488K, reserved 1048576K
}
Event: 21.057 GC heap before
{Heap before GC invocations=10 (full 2):
 PSYoungGen      total 218624K, used 181163K [0x0000000795580000, 0x00000007a8d00000, 0x00000007c0000000)
  eden space 202752K, 81% used [0x0000000795580000,0x000000079f6ef258,0x00000007a1b80000)
  from space 15872K, 99% used [0x00000007a1b80000,0x00000007a2afba88,0x00000007a2b00000)
  to   space 19456K, 0% used [0x00000007a7a00000,0x00000007a7a00000,0x00000007a8d00000)
 ParOldGen       total 113152K, used 25996K [0x0000000740000000, 0x0000000746e80000, 0x0000000795580000)
  object space 113152K, 22% used [0x0000000740000000,0x0000000741963120,0x0000000746e80000)
 Metaspace       used 56486K, capacity 58990K, committed 59028K, reserved 1099776K
  class space    used 7573K, capacity 8135K, committed 8152K, reserved 1048576K
Event: 21.101 GC heap after
Heap after GC invocations=10 (full 2):
 PSYoungGen      total 292352K, used 19452K [0x0000000795580000, 0x00000007a9880000, 0x00000007c0000000)
  eden space 272896K, 0% used [0x0000000795580000,0x0000000795580000,0x00000007a6000000)
  from space 19456K, 99% used [0x00000007a7a00000,0x00000007a8cff320,0x00000007a8d00000)
  to   space 26624K, 0% used [0x00000007a6000000,0x00000007a6000000,0x00000007a7a00000)
 ParOldGen       total 113152K, used 35375K [0x0000000740000000, 0x0000000746e80000, 0x0000000795580000)
  object space 113152K, 31% used [0x0000000740000000,0x000000074228be30,0x0000000746e80000)
 Metaspace       used 56486K, capacity 58990K, committed 59028K, reserved 1099776K
  class space    used 7573K, capacity 8135K, committed 8152K, reserved 1048576K
}
Event: 21.101 GC heap before
{Heap before GC invocations=11 (full 3):
 PSYoungGen      total 292352K, used 19452K [0x0000000795580000, 0x00000007a9880000, 0x00000007c0000000)
  eden space 272896K, 0% used [0x0000000795580000,0x0000000795580000,0x00000007a6000000)
  from space 19456K, 99% used [0x00000007a7a00000,0x00000007a8cff320,0x00000007a8d00000)
  to   space 26624K, 0% used [0x00000007a6000000,0x00000007a6000000,0x00000007a7a00000)
 ParOldGen       total 113152K, used 35375K [0x0000000740000000, 0x0000000746e80000, 0x0000000795580000)
  object space 113152K, 31% used [0x0000000740000000,0x000000074228be30,0x0000000746e80000)
 Metaspace       used 56486K, capacity 58990K, committed 59028K, reserved 1099776K
  class space    used 7573K, capacity 8135K, committed 8152K, reserved 1048576K

