# JRE version: OpenJDK Runtime Environment (8.0_242) (build 1.8.0_242-release-1644-b3-6222593)
# Java VM: OpenJDK 64-Bit Server VM (25.242-b3-6222593 mixed mode bsd-amd64 compressed oops)
Heap:
 PSYoungGen      total 524288K, used 174577K [0x0000000795580000, 0x00000007c0000000, 0x00000007c0000000)
  eden space 349696K, 0% used [0x0000000795580000,0x0000000795580000,0x00000007aab00000)
  from space 174592K, 99% used [0x00000007aab00000,0x00000007b557c690,0x00000007b5580000)
  to   space 174592K, 0% used [0x00000007b5580000,0x00000007b5580000,0x00000007c0000000)
 ParOldGen       total 651776K, used 592886K [0x0000000740000000, 0x0000000767c80000, 0x0000000795580000)
  object space 651776K, 90% used [0x0000000740000000,0x00000007642fd860,0x0000000767c80000)
 Metaspace       used 221882K, capacity 233398K, committed 252632K, reserved 1271808K
  class space    used 25577K, capacity 27714K, committed 30208K, reserved 1048576K
GC Heap History (10 events):
Event: 54511.387 GC heap after
Heap after GC invocations=510 (full 21):
 PSYoungGen      total 401408K, used 65284K [0x0000000795580000, 0x00000007be380000, 0x00000007c0000000)
  eden space 335872K, 0% used [0x0000000795580000,0x0000000795580000,0x00000007a9d80000)
  from space 65536K, 99% used [0x00000007a9d80000,0x00000007add413c8,0x00000007add80000)
  to   space 162304K, 0% used [0x00000007b4500000,0x00000007b4500000,0x00000007be380000)
 ParOldGen       total 651776K, used 456751K [0x0000000740000000, 0x0000000767c80000, 0x0000000795580000)
  object space 651776K, 70% used [0x0000000740000000,0x000000075be0bf48,0x0000000767c80000)
 Metaspace       used 218225K, capacity 229714K, committed 252632K, reserved 1271808K
  class space    used 25267K, capacity 27382K, committed 30208K, reserved 1048576K
}
Event: 54517.194 GC heap before
{Heap before GC invocations=511 (full 21):
 PSYoungGen      total 401408K, used 401156K [0x0000000795580000, 0x00000007be380000, 0x00000007c0000000)
  eden space 335872K, 100% used [0x0000000795580000,0x00000007a9d80000,0x00000007a9d80000)
  from space 65536K, 99% used [0x00000007a9d80000,0x00000007add413c8,0x00000007add80000)
  to   space 162304K, 0% used [0x00000007b4500000,0x00000007b4500000,0x00000007be380000)
 ParOldGen       total 651776K, used 456751K [0x0000000740000000, 0x0000000767c80000, 0x0000000795580000)
  object space 651776K, 70% used [0x0000000740000000,0x000000075be0bf48,0x0000000767c80000)
 Metaspace       used 218251K, capacity 229732K, committed 252632K, reserved 1271808K
  class space    used 25268K, capacity 27385K, committed 30208K, reserved 1048576K
Event: 54517.405 GC heap after
Heap after GC invocations=511 (full 21):
 PSYoungGen      total 507392K, used 9087K [0x0000000795580000, 0x00000007c0000000, 0x00000007c0000000)
  eden space 345088K, 0% used [0x0000000795580000,0x0000000795580000,0x00000007aa680000)
  from space 162304K, 5% used [0x00000007b4500000,0x00000007b4ddffe8,0x00000007be380000)
  to   space 162304K, 0% used [0x00000007aa680000,0x00000007aa680000,0x00000007b4500000)
 ParOldGen       total 651776K, used 475990K [0x0000000740000000, 0x0000000767c80000, 0x0000000795580000)
  object space 651776K, 73% used [0x0000000740000000,0x000000075d0d5830,0x0000000767c80000)
 Metaspace       used 218251K, capacity 229732K, committed 252632K, reserved 1271808K
  class space    used 25268K, capacity 27385K, committed 30208K, reserved 1048576K
}
Event: 54524.741 GC heap before
{Heap before GC invocations=512 (full 21):
 PSYoungGen      total 507392K, used 354175K [0x0000000795580000, 0x00000007c0000000, 0x00000007c0000000)
  eden space 345088K, 100% used [0x0000000795580000,0x00000007aa680000,0x00000007aa680000)
  from space 162304K, 5% used [0x00000007b4500000,0x00000007b4ddffe8,0x00000007be380000)
  to   space 162304K, 0% used [0x00000007aa680000,0x00000007aa680000,0x00000007b4500000)
 ParOldGen       total 651776K, used 475990K [0x0000000740000000, 0x0000000767c80000, 0x0000000795580000)
  object space 651776K, 73% used [0x0000000740000000,0x000000075d0d5830,0x0000000767c80000)
 Metaspace       used 218554K, capacity 230100K, committed 252632K, reserved 1271808K
  class space    used 25293K, capacity 27425K, committed 30208K, reserved 1048576K
Event: 54524.792 GC heap after
Heap after GC invocations=512 (full 21):
 PSYoungGen      total 507392K, used 21286K [0x0000000795580000, 0x00000007bf900000, 0x00000007c0000000)
  eden space 345088K, 0% used [0x0000000795580000,0x0000000795580000,0x00000007aa680000)
  from space 162304K, 13% used [0x00000007aa680000,0x00000007abb49bb0,0x00000007b4500000)
  to   space 158720K, 0% used [0x00000007b5e00000,0x00000007b5e00000,0x00000007bf900000)
 ParOldGen       total 651776K, used 477913K [0x0000000740000000, 0x0000000767c80000, 0x0000000795580000)
  object space 651776K, 73% used [0x0000000740000000,0x000000075d2b6608,0x0000000767c80000)
 Metaspace       used 218554K, capacity 230100K, committed 252632K, reserved 1271808K
  class space    used 25293K, capacity 27425K, committed 30208K, reserved 1048576K
}
Event: 54525.760 GC heap before
{Heap before GC invocations=513 (full 21):
 PSYoungGen      total 507392K, used 366374K [0x0000000795580000, 0x00000007bf900000, 0x00000007c0000000)
  eden space 345088K, 100% used [0x0000000795580000,0x00000007aa680000,0x00000007aa680000)
  from space 162304K, 13% used [0x00000007aa680000,0x00000007abb49bb0,0x00000007b4500000)
  to   space 158720K, 0% used [0x00000007b5e00000,0x00000007b5e00000,0x00000007bf900000)
 ParOldGen       total 651776K, used 477913K [0x0000000740000000, 0x0000000767c80000, 0x0000000795580000)
  object space 651776K, 73% used [0x0000000740000000,0x000000075d2b6608,0x0000000767c80000)
 Metaspace       used 221745K, capacity 233270K, committed 252632K, reserved 1271808K
  class space    used 25570K, capacity 27714K, committed 30208K, reserved 1048576K
Event: 54526.100 GC heap after
Heap after GC invocations=513 (full 21):
 PSYoungGen      total 508416K, used 127202K [0x0000000795580000, 0x00000007c0000000, 0x00000007c0000000)
  eden space 349696K, 0% used [0x0000000795580000,0x0000000795580000,0x00000007aab00000)
  from space 158720K, 80% used [0x00000007b5e00000,0x00000007bda38b18,0x00000007bf900000)
  to   space 174592K, 0% used [0x00000007aab00000,0x00000007aab00000,0x00000007b5580000)
 ParOldGen       total 651776K, used 496700K [0x0000000740000000, 0x0000000767c80000, 0x0000000795580000)
  object space 651776K, 76% used [0x0000000740000000,0x000000075e50f0d0,0x0000000767c80000)
 Metaspace       used 221745K, capacity 233270K, committed 252632K, reserved 1271808K
  class space    used 25570K, capacity 27714K, committed 30208K, reserved 1048576K
}
Event: 54526.845 GC heap before
{Heap before GC invocations=514 (full 21):
 PSYoungGen      total 508416K, used 476898K [0x0000000795580000, 0x00000007c0000000, 0x00000007c0000000)
  eden space 349696K, 100% used [0x0000000795580000,0x00000007aab00000,0x00000007aab00000)
  from space 158720K, 80% used [0x00000007b5e00000,0x00000007bda38b18,0x00000007bf900000)
  to   space 174592K, 0% used [0x00000007aab00000,0x00000007aab00000,0x00000007b5580000)
 ParOldGen       total 651776K, used 496700K [0x0000000740000000, 0x0000000767c80000, 0x0000000795580000)
  object space 651776K, 76% used [0x0000000740000000,0x000000075e50f0d0,0x0000000767c80000)
 Metaspace       used 221882K, capacity 233398K, committed 252632K, reserved 1271808K
  class space    used 25577K, capacity 27714K, committed 30208K, reserved 1048576K
Event: 54528.194 GC heap after
Heap after GC invocations=514 (full 21):
 PSYoungGen      total 524288K, used 174577K [0x0000000795580000, 0x00000007c0000000, 0x00000007c0000000)
  eden space 349696K, 0% used [0x0000000795580000,0x0000000795580000,0x00000007aab00000)
  from space 174592K, 99% used [0x00000007aab00000,0x00000007b557c690,0x00000007b5580000)
  to   space 174592K, 0% used [0x00000007b5580000,0x00000007b5580000,0x00000007c0000000)
 ParOldGen       total 651776K, used 592886K [0x0000000740000000, 0x0000000767c80000, 0x0000000795580000)
  object space 651776K, 90% used [0x0000000740000000,0x00000007642fd860,0x0000000767c80000)
 Metaspace       used 221882K, capacity 233398K, committed 252632K, reserved 1271808K
  class space    used 25577K, capacity 27714K, committed 30208K, reserved 1048576K
}
Event: 54528.194 GC heap before
{Heap before GC invocations=515 (full 22):
 PSYoungGen      total 524288K, used 174577K [0x0000000795580000, 0x00000007c0000000, 0x00000007c0000000)
  eden space 349696K, 0% used [0x0000000795580000,0x0000000795580000,0x00000007aab00000)
  from space 174592K, 99% used [0x00000007aab00000,0x00000007b557c690,0x00000007b5580000)
  to   space 174592K, 0% used [0x00000007b5580000,0x00000007b5580000,0x00000007c0000000)
 ParOldGen       total 651776K, used 592886K [0x0000000740000000, 0x0000000767c80000, 0x0000000795580000)
  object space 651776K, 90% used [0x0000000740000000,0x00000007642fd860,0x0000000767c80000)
 Metaspace       used 221882K, capacity 233398K, committed 252632K, reserved 1271808K
  class space    used 25577K, capacity 27714K, committed 30208K, reserved 1048576K

