# JRE version: OpenJDK Runtime Environment (8.0_242) (build 1.8.0_242-release-1644-b3-6222593)
# Java VM: OpenJDK 64-Bit Server VM (25.242-b3-6222593 mixed mode bsd-amd64 compressed oops)
Heap:
 PSYoungGen      total 563712K, used 119800K [0x0000000795580000, 0x00000007c0000000, 0x00000007c0000000)
  eden space 443904K, 0% used [0x0000000795580000,0x0000000795580000,0x00000007b0700000)
  from space 119808K, 99% used [0x00000007b0700000,0x00000007b7bfe260,0x00000007b7c00000)
  to   space 135168K, 0% used [0x00000007b7c00000,0x00000007b7c00000,0x00000007c0000000)
 ParOldGen       total 659456K, used 659157K [0x0000000740000000, 0x0000000768400000, 0x0000000795580000)
  object space 659456K, 99% used [0x0000000740000000,0x00000007683b56a8,0x0000000768400000)
 Metaspace       used 161740K, capacity 173000K, committed 177368K, reserved 1204224K
  class space    used 19669K, capacity 21646K, committed 23040K, reserved 1048576K
GC Heap History (10 events):
Event: 7859.611 GC heap after
Heap after GC invocations=108 (full 7):
 PSYoungGen      total 546304K, used 70287K [0x0000000795580000, 0x00000007c0000000, 0x00000007c0000000)
  eden space 475648K, 0% used [0x0000000795580000,0x0000000795580000,0x00000007b2600000)
  from space 70656K, 99% used [0x00000007b2600000,0x00000007b6aa3dc8,0x00000007b6b00000)
  to   space 115200K, 0% used [0x00000007b8f80000,0x00000007b8f80000,0x00000007c0000000)
 ParOldGen       total 575488K, used 458568K [0x0000000740000000, 0x0000000763200000, 0x0000000795580000)
  object space 575488K, 79% used [0x0000000740000000,0x000000075bfd2310,0x0000000763200000)
 Metaspace       used 157864K, capacity 169102K, committed 177368K, reserved 1204224K
  class space    used 19357K, capacity 21311K, committed 23040K, reserved 1048576K
}
Event: 7864.935 GC heap before
{Heap before GC invocations=109 (full 7):
 PSYoungGen      total 546304K, used 545935K [0x0000000795580000, 0x00000007c0000000, 0x00000007c0000000)
  eden space 475648K, 100% used [0x0000000795580000,0x00000007b2600000,0x00000007b2600000)
  from space 70656K, 99% used [0x00000007b2600000,0x00000007b6aa3dc8,0x00000007b6b00000)
  to   space 115200K, 0% used [0x00000007b8f80000,0x00000007b8f80000,0x00000007c0000000)
 ParOldGen       total 575488K, used 458568K [0x0000000740000000, 0x0000000763200000, 0x0000000795580000)
  object space 575488K, 79% used [0x0000000740000000,0x000000075bfd2310,0x0000000763200000)
 Metaspace       used 157989K, capacity 169246K, committed 177368K, reserved 1204224K
  class space    used 19358K, capacity 21313K, committed 23040K, reserved 1048576K
Event: 7865.156 GC heap after
Heap after GC invocations=109 (full 7):
 PSYoungGen      total 556032K, used 102489K [0x0000000795580000, 0x00000007c0000000, 0x00000007c0000000)
  eden space 440832K, 0% used [0x0000000795580000,0x0000000795580000,0x00000007b0400000)
  from space 115200K, 88% used [0x00000007b8f80000,0x00000007bf3964d0,0x00000007c0000000)
  to   space 129024K, 0% used [0x00000007b0400000,0x00000007b0400000,0x00000007b8200000)
 ParOldGen       total 575488K, used 468100K [0x0000000740000000, 0x0000000763200000, 0x0000000795580000)
  object space 575488K, 81% used [0x0000000740000000,0x000000075c921218,0x0000000763200000)
 Metaspace       used 157989K, capacity 169246K, committed 177368K, reserved 1204224K
  class space    used 19358K, capacity 21313K, committed 23040K, reserved 1048576K
}
Event: 7870.868 GC heap before
{Heap before GC invocations=110 (full 7):
 PSYoungGen      total 556032K, used 543321K [0x0000000795580000, 0x00000007c0000000, 0x00000007c0000000)
  eden space 440832K, 100% used [0x0000000795580000,0x00000007b0400000,0x00000007b0400000)
  from space 115200K, 88% used [0x00000007b8f80000,0x00000007bf3964d0,0x00000007c0000000)
  to   space 129024K, 0% used [0x00000007b0400000,0x00000007b0400000,0x00000007b8200000)
 ParOldGen       total 575488K, used 468100K [0x0000000740000000, 0x0000000763200000, 0x0000000795580000)
  object space 575488K, 81% used [0x0000000740000000,0x000000075c921218,0x0000000763200000)
 Metaspace       used 158084K, capacity 169334K, committed 177368K, reserved 1204224K
  class space    used 19361K, capacity 21317K, committed 23040K, reserved 1048576K
Event: 7871.034 GC heap after
Heap after GC invocations=110 (full 7):
 PSYoungGen      total 569856K, used 25275K [0x0000000795580000, 0x00000007c0000000, 0x00000007c0000000)
  eden space 440832K, 0% used [0x0000000795580000,0x0000000795580000,0x00000007b0400000)
  from space 129024K, 19% used [0x00000007b0400000,0x00000007b1caef40,0x00000007b8200000)
  to   space 125952K, 0% used [0x00000007b8500000,0x00000007b8500000,0x00000007c0000000)
 ParOldGen       total 575488K, used 507724K [0x0000000740000000, 0x0000000763200000, 0x0000000795580000)
  object space 575488K, 88% used [0x0000000740000000,0x000000075efd32a8,0x0000000763200000)
 Metaspace       used 158084K, capacity 169334K, committed 177368K, reserved 1204224K
  class space    used 19361K, capacity 21317K, committed 23040K, reserved 1048576K
}
Event: 7879.735 GC heap before
{Heap before GC invocations=111 (full 7):
 PSYoungGen      total 569856K, used 466070K [0x0000000795580000, 0x00000007c0000000, 0x00000007c0000000)
  eden space 440832K, 99% used [0x0000000795580000,0x00000007b03f6bb0,0x00000007b0400000)
  from space 129024K, 19% used [0x00000007b0400000,0x00000007b1caef40,0x00000007b8200000)
  to   space 125952K, 0% used [0x00000007b8500000,0x00000007b8500000,0x00000007c0000000)
 ParOldGen       total 575488K, used 509180K [0x0000000740000000, 0x0000000763200000, 0x0000000795580000)
  object space 575488K, 88% used [0x0000000740000000,0x000000075f13f198,0x0000000763200000)
 Metaspace       used 159010K, capacity 170278K, committed 177368K, reserved 1204224K
  class space    used 19437K, capacity 21421K, committed 23040K, reserved 1048576K
Event: 7879.831 GC heap after
Heap after GC invocations=111 (full 7):
 PSYoungGen      total 554496K, used 38932K [0x0000000795580000, 0x00000007bf100000, 0x00000007c0000000)
  eden space 443904K, 0% used [0x0000000795580000,0x0000000795580000,0x00000007b0700000)
  from space 110592K, 35% used [0x00000007b8500000,0x00000007bab05208,0x00000007bf100000)
  to   space 119808K, 0% used [0x00000007b0700000,0x00000007b0700000,0x00000007b7c00000)
 ParOldGen       total 575488K, used 526694K [0x0000000740000000, 0x0000000763200000, 0x0000000795580000)
  object space 575488K, 91% used [0x0000000740000000,0x0000000760259aa8,0x0000000763200000)
 Metaspace       used 159010K, capacity 170278K, committed 177368K, reserved 1204224K
  class space    used 19437K, capacity 21421K, committed 23040K, reserved 1048576K
}
Event: 7881.188 GC heap before
{Heap before GC invocations=112 (full 7):
 PSYoungGen      total 554496K, used 482836K [0x0000000795580000, 0x00000007bf100000, 0x00000007c0000000)
  eden space 443904K, 100% used [0x0000000795580000,0x00000007b0700000,0x00000007b0700000)
  from space 110592K, 35% used [0x00000007b8500000,0x00000007bab05208,0x00000007bf100000)
  to   space 119808K, 0% used [0x00000007b0700000,0x00000007b0700000,0x00000007b7c00000)
 ParOldGen       total 575488K, used 526696K [0x0000000740000000, 0x0000000763200000, 0x0000000795580000)
  object space 575488K, 91% used [0x0000000740000000,0x000000076025a2e8,0x0000000763200000)
 Metaspace       used 161740K, capacity 173000K, committed 177368K, reserved 1204224K
  class space    used 19669K, capacity 21646K, committed 23040K, reserved 1048576K
Event: 7881.719 GC heap after
Heap after GC invocations=112 (full 7):
 PSYoungGen      total 563712K, used 119800K [0x0000000795580000, 0x00000007c0000000, 0x00000007c0000000)
  eden space 443904K, 0% used [0x0000000795580000,0x0000000795580000,0x00000007b0700000)
  from space 119808K, 99% used [0x00000007b0700000,0x00000007b7bfe260,0x00000007b7c00000)
  to   space 135168K, 0% used [0x00000007b7c00000,0x00000007b7c00000,0x00000007c0000000)
 ParOldGen       total 659456K, used 659157K [0x0000000740000000, 0x0000000768400000, 0x0000000795580000)
  object space 659456K, 99% used [0x0000000740000000,0x00000007683b56a8,0x0000000768400000)
 Metaspace       used 161740K, capacity 173000K, committed 177368K, reserved 1204224K
  class space    used 19669K, capacity 21646K, committed 23040K, reserved 1048576K
}
Event: 7881.719 GC heap before
{Heap before GC invocations=113 (full 8):
 PSYoungGen      total 563712K, used 119800K [0x0000000795580000, 0x00000007c0000000, 0x00000007c0000000)
  eden space 443904K, 0% used [0x0000000795580000,0x0000000795580000,0x00000007b0700000)
  from space 119808K, 99% used [0x00000007b0700000,0x00000007b7bfe260,0x00000007b7c00000)
  to   space 135168K, 0% used [0x00000007b7c00000,0x00000007b7c00000,0x00000007c0000000)
 ParOldGen       total 659456K, used 659157K [0x0000000740000000, 0x0000000768400000, 0x0000000795580000)
  object space 659456K, 99% used [0x0000000740000000,0x00000007683b56a8,0x0000000768400000)
 Metaspace       used 161740K, capacity 173000K, committed 177368K, reserved 1204224K
  class space    used 19669K, capacity 21646K, committed 23040K, reserved 1048576K

