# JRE version: OpenJDK Runtime Environment (8.0_242) (build 1.8.0_242-release-1644-b3-6222593)
# Java VM: OpenJDK 64-Bit Server VM (25.242-b3-6222593 mixed mode bsd-amd64 compressed oops)
Heap:
 PSYoungGen      total 256000K, used 102819K [0x0000000795580000, 0x00000007ab780000, 0x00000007c0000000)
  eden space 222720K, 31% used [0x0000000795580000,0x0000000799969080,0x00000007a2f00000)
  from space 33280K, 99% used [0x00000007a2f00000,0x00000007a4f7fbe8,0x00000007a4f80000)
  to   space 39424K, 0% used [0x00000007a9100000,0x00000007a9100000,0x00000007ab780000)
 ParOldGen       total 151040K, used 48495K [0x0000000740000000, 0x0000000749380000, 0x0000000795580000)
  object space 151040K, 32% used [0x0000000740000000,0x0000000742f5be98,0x0000000749380000)
 Metaspace       used 68414K, capacity 71908K, committed 72024K, reserved 1112064K
  class space    used 9294K, capacity 10010K, committed 10112K, reserved 1048576K
GC Heap History (10 events):
Event: 21.397 GC heap before
{Heap before GC invocations=12 (full 2):
 PSYoungGen      total 172544K, used 78634K [0x0000000795580000, 0x00000007a3a80000, 0x00000007c0000000)
  eden space 158208K, 40% used [0x0000000795580000,0x000000079944f7e0,0x000000079f000000)
  from space 14336K, 99% used [0x000000079f000000,0x000000079fdfb320,0x000000079fe00000)
  to   space 20992K, 0% used [0x00000007a2600000,0x00000007a2600000,0x00000007a3a80000)
 ParOldGen       total 100864K, used 29836K [0x0000000740000000, 0x0000000746280000, 0x0000000795580000)
  object space 100864K, 29% used [0x0000000740000000,0x0000000741d23190,0x0000000746280000)
 Metaspace       used 56503K, capacity 58884K, committed 59028K, reserved 1099776K
  class space    used 7646K, capacity 8211K, committed 8320K, reserved 1048576K
Event: 21.434 GC heap after
Heap after GC invocations=12 (full 2):
 PSYoungGen      total 210432K, used 20972K [0x0000000795580000, 0x00000007a4800000, 0x00000007c0000000)
  eden space 189440K, 0% used [0x0000000795580000,0x0000000795580000,0x00000007a0e80000)
  from space 20992K, 99% used [0x00000007a2600000,0x00000007a3a7b280,0x00000007a3a80000)
  to   space 24064K, 0% used [0x00000007a0e80000,0x00000007a0e80000,0x00000007a2600000)
 ParOldGen       total 100864K, used 30248K [0x0000000740000000, 0x0000000746280000, 0x0000000795580000)
  object space 100864K, 29% used [0x0000000740000000,0x0000000741d8a2d8,0x0000000746280000)
 Metaspace       used 56503K, capacity 58884K, committed 59028K, reserved 1099776K
  class space    used 7646K, capacity 8211K, committed 8320K, reserved 1048576K
}
Event: 21.434 GC heap before
{Heap before GC invocations=13 (full 3):
 PSYoungGen      total 210432K, used 20972K [0x0000000795580000, 0x00000007a4800000, 0x00000007c0000000)
  eden space 189440K, 0% used [0x0000000795580000,0x0000000795580000,0x00000007a0e80000)
  from space 20992K, 99% used [0x00000007a2600000,0x00000007a3a7b280,0x00000007a3a80000)
  to   space 24064K, 0% used [0x00000007a0e80000,0x00000007a0e80000,0x00000007a2600000)
 ParOldGen       total 100864K, used 30248K [0x0000000740000000, 0x0000000746280000, 0x0000000795580000)
  object space 100864K, 29% used [0x0000000740000000,0x0000000741d8a2d8,0x0000000746280000)
 Metaspace       used 56503K, capacity 58884K, committed 59028K, reserved 1099776K
  class space    used 7646K, capacity 8211K, committed 8320K, reserved 1048576K
Event: 21.734 GC heap after
Heap after GC invocations=13 (full 3):
 PSYoungGen      total 210432K, used 0K [0x0000000795580000, 0x00000007a4800000, 0x00000007c0000000)
  eden space 189440K, 0% used [0x0000000795580000,0x0000000795580000,0x00000007a0e80000)
  from space 20992K, 0% used [0x00000007a2600000,0x00000007a2600000,0x00000007a3a80000)
  to   space 24064K, 0% used [0x00000007a0e80000,0x00000007a0e80000,0x00000007a2600000)
 ParOldGen       total 151040K, used 36133K [0x0000000740000000, 0x0000000749380000, 0x0000000795580000)
  object space 151040K, 23% used [0x0000000740000000,0x0000000742349658,0x0000000749380000)
 Metaspace       used 56488K, capacity 58836K, committed 59028K, reserved 1099776K
  class space    used 7642K, capacity 8203K, committed 8320K, reserved 1048576K
}
Event: 28.301 GC heap before
{Heap before GC invocations=14 (full 3):
 PSYoungGen      total 210432K, used 189440K [0x0000000795580000, 0x00000007a4800000, 0x00000007c0000000)
  eden space 189440K, 100% used [0x0000000795580000,0x00000007a0e80000,0x00000007a0e80000)
  from space 20992K, 0% used [0x00000007a2600000,0x00000007a2600000,0x00000007a3a80000)
  to   space 24064K, 0% used [0x00000007a0e80000,0x00000007a0e80000,0x00000007a2600000)
 ParOldGen       total 151040K, used 36133K [0x0000000740000000, 0x0000000749380000, 0x0000000795580000)
  object space 151040K, 23% used [0x0000000740000000,0x0000000742349658,0x0000000749380000)
 Metaspace       used 64978K, capacity 67906K, committed 68184K, reserved 1107968K
  class space    used 8821K, capacity 9484K, committed 9600K, reserved 1048576K
Event: 28.348 GC heap after
Heap after GC invocations=14 (full 3):
 PSYoungGen      total 213504K, used 20113K [0x0000000795580000, 0x00000007a6900000, 0x00000007c0000000)
  eden space 189440K, 0% used [0x0000000795580000,0x0000000795580000,0x00000007a0e80000)
  from space 24064K, 83% used [0x00000007a0e80000,0x00000007a2224728,0x00000007a2600000)
  to   space 26112K, 0% used [0x00000007a4f80000,0x00000007a4f80000,0x00000007a6900000)
 ParOldGen       total 151040K, used 36141K [0x0000000740000000, 0x0000000749380000, 0x0000000795580000)
  object space 151040K, 23% used [0x0000000740000000,0x000000074234b658,0x0000000749380000)
 Metaspace       used 64978K, capacity 67906K, committed 68184K, reserved 1107968K
  class space    used 8821K, capacity 9484K, committed 9600K, reserved 1048576K
}
Event: 31.243 GC heap before
{Heap before GC invocations=15 (full 3):
 PSYoungGen      total 213504K, used 209553K [0x0000000795580000, 0x00000007a6900000, 0x00000007c0000000)
  eden space 189440K, 100% used [0x0000000795580000,0x00000007a0e80000,0x00000007a0e80000)
  from space 24064K, 83% used [0x00000007a0e80000,0x00000007a2224728,0x00000007a2600000)
  to   space 26112K, 0% used [0x00000007a4f80000,0x00000007a4f80000,0x00000007a6900000)
 ParOldGen       total 151040K, used 36141K [0x0000000740000000, 0x0000000749380000, 0x0000000795580000)
  object space 151040K, 23% used [0x0000000740000000,0x000000074234b658,0x0000000749380000)
 Metaspace       used 67207K, capacity 70720K, committed 70872K, reserved 1110016K
  class space    used 9127K, capacity 9862K, committed 9984K, reserved 1048576K
Event: 31.297 GC heap after
Heap after GC invocations=15 (full 3):
 PSYoungGen      total 248832K, used 26105K [0x0000000795580000, 0x00000007a7b80000, 0x00000007c0000000)
  eden space 222720K, 0% used [0x0000000795580000,0x0000000795580000,0x00000007a2f00000)
  from space 26112K, 99% used [0x00000007a4f80000,0x00000007a68fe4f0,0x00000007a6900000)
  to   space 33280K, 0% used [0x00000007a2f00000,0x00000007a2f00000,0x00000007a4f80000)
 ParOldGen       total 151040K, used 44818K [0x0000000740000000, 0x0000000749380000, 0x0000000795580000)
  object space 151040K, 29% used [0x0000000740000000,0x0000000742bc4830,0x0000000749380000)
 Metaspace       used 67207K, capacity 70720K, committed 70872K, reserved 1110016K
  class space    used 9127K, capacity 9862K, committed 9984K, reserved 1048576K
}
Event: 33.820 GC heap before
{Heap before GC invocations=16 (full 3):
 PSYoungGen      total 248832K, used 248825K [0x0000000795580000, 0x00000007a7b80000, 0x00000007c0000000)
  eden space 222720K, 100% used [0x0000000795580000,0x00000007a2f00000,0x00000007a2f00000)
  from space 26112K, 99% used [0x00000007a4f80000,0x00000007a68fe4f0,0x00000007a6900000)
  to   space 33280K, 0% used [0x00000007a2f00000,0x00000007a2f00000,0x00000007a4f80000)
 ParOldGen       total 151040K, used 44818K [0x0000000740000000, 0x0000000749380000, 0x0000000795580000)
  object space 151040K, 29% used [0x0000000740000000,0x0000000742bc4830,0x0000000749380000)
 Metaspace       used 68392K, capacity 71892K, committed 72024K, reserved 1112064K
  class space    used 9290K, capacity 10006K, committed 10112K, reserved 1048576K
Event: 33.888 GC heap after
Heap after GC invocations=16 (full 3):
 PSYoungGen      total 256000K, used 33278K [0x0000000795580000, 0x00000007ab780000, 0x00000007c0000000)
  eden space 222720K, 0% used [0x0000000795580000,0x0000000795580000,0x00000007a2f00000)
  from space 33280K, 99% used [0x00000007a2f00000,0x00000007a4f7fbe8,0x00000007a4f80000)
  to   space 39424K, 0% used [0x00000007a9100000,0x00000007a9100000,0x00000007ab780000)
 ParOldGen       total 151040K, used 48495K [0x0000000740000000, 0x0000000749380000, 0x0000000795580000)
  object space 151040K, 32% used [0x0000000740000000,0x0000000742f5be98,0x0000000749380000)
 Metaspace       used 68392K, capacity 71892K, committed 72024K, reserved 1112064K
  class space    used 9290K, capacity 10006K, committed 10112K, reserved 1048576K
}

