# JRE version: OpenJDK Runtime Environment (8.0_242) (build 1.8.0_242-release-1644-b3-6222593)
# Java VM: OpenJDK 64-Bit Server VM (25.242-b3-6222593 mixed mode bsd-amd64 compressed oops)
Heap:
 PSYoungGen      total 425984K, used 320034K [0x0000000795580000, 0x00000007bf600000, 0x00000007c0000000)
  eden space 402944K, 73% used [0x0000000795580000,0x00000007a77c91d0,0x00000007adf00000)
  from space 23040K, 98% used [0x00000007adf00000,0x00000007af53f920,0x00000007af580000)
  to   space 139776K, 0% used [0x00000007b6d80000,0x00000007b6d80000,0x00000007bf600000)
 ParOldGen       total 360960K, used 140412K [0x0000000740000000, 0x0000000756080000, 0x0000000795580000)
  object space 360960K, 38% used [0x0000000740000000,0x000000074891f230,0x0000000756080000)
 Metaspace       used 151921K, capacity 162738K, committed 163020K, reserved 1191936K
  class space    used 18540K, capacity 20357K, committed 20480K, reserved 1048576K
GC Heap History (10 events):
Event: 3440.439 GC heap before
{Heap before GC invocations=80 (full 6):
 PSYoungGen      total 512000K, used 352156K [0x0000000795580000, 0x00000007bfd80000, 0x00000007c0000000)
  eden space 349184K, 100% used [0x0000000795580000,0x00000007aaa80000,0x00000007aaa80000)
  from space 162816K, 1% used [0x00000007aaa80000,0x00000007aad67108,0x00000007b4980000)
  to   space 157184K, 0% used [0x00000007b6400000,0x00000007b6400000,0x00000007bfd80000)
 ParOldGen       total 685568K, used 632184K [0x0000000740000000, 0x0000000769d80000, 0x0000000795580000)
  object space 685568K, 92% used [0x0000000740000000,0x000000076695e288,0x0000000769d80000)
 Metaspace       used 143262K, capacity 153740K, committed 153932K, reserved 1183744K
  class space    used 17561K, capacity 19288K, committed 19328K, reserved 1048576K
Event: 3440.631 GC heap after
Heap after GC invocations=80 (full 6):
 PSYoungGen      total 512512K, used 41544K [0x0000000795580000, 0x00000007be680000, 0x00000007c0000000)
  eden space 378880K, 0% used [0x0000000795580000,0x0000000795580000,0x00000007ac780000)
  from space 133632K, 31% used [0x00000007b6400000,0x00000007b8c92230,0x00000007be680000)
  to   space 146944K, 0% used [0x00000007ac780000,0x00000007ac780000,0x00000007b5700000)
 ParOldGen       total 685568K, used 632934K [0x0000000740000000, 0x0000000769d80000, 0x0000000795580000)
  object space 685568K, 92% used [0x0000000740000000,0x0000000766a19980,0x0000000769d80000)
 Metaspace       used 143262K, capacity 153740K, committed 153932K, reserved 1183744K
  class space    used 17561K, capacity 19288K, committed 19328K, reserved 1048576K
}
Event: 3450.843 GC heap before
{Heap before GC invocations=81 (full 6):
 PSYoungGen      total 512512K, used 420424K [0x0000000795580000, 0x00000007be680000, 0x00000007c0000000)
  eden space 378880K, 100% used [0x0000000795580000,0x00000007ac780000,0x00000007ac780000)
  from space 133632K, 31% used [0x00000007b6400000,0x00000007b8c92230,0x00000007be680000)
  to   space 146944K, 0% used [0x00000007ac780000,0x00000007ac780000,0x00000007b5700000)
 ParOldGen       total 685568K, used 632934K [0x0000000740000000, 0x0000000769d80000, 0x0000000795580000)
  object space 685568K, 92% used [0x0000000740000000,0x0000000766a19980,0x0000000769d80000)
 Metaspace       used 143277K, capacity 153804K, committed 153932K, reserved 1183744K
  class space    used 17561K, capacity 19288K, committed 19328K, reserved 1048576K
Event: 3450.888 GC heap after
Heap after GC invocations=81 (full 6):
 PSYoungGen      total 525824K, used 3492K [0x0000000795580000, 0x00000007c0000000, 0x00000007c0000000)
  eden space 378880K, 0% used [0x0000000795580000,0x0000000795580000,0x00000007ac780000)
  from space 146944K, 2% used [0x00000007ac780000,0x00000007acae9090,0x00000007b5700000)
  to   space 141824K, 0% used [0x00000007b7580000,0x00000007b7580000,0x00000007c0000000)
 ParOldGen       total 685568K, used 650109K [0x0000000740000000, 0x0000000769d80000, 0x0000000795580000)
  object space 685568K, 94% used [0x0000000740000000,0x0000000767adf620,0x0000000769d80000)
 Metaspace       used 143277K, capacity 153804K, committed 153932K, reserved 1183744K
  class space    used 17561K, capacity 19288K, committed 19328K, reserved 1048576K
}
Event: 3450.888 GC heap before
{Heap before GC invocations=82 (full 7):
 PSYoungGen      total 525824K, used 3492K [0x0000000795580000, 0x00000007c0000000, 0x00000007c0000000)
  eden space 378880K, 0% used [0x0000000795580000,0x0000000795580000,0x00000007ac780000)
  from space 146944K, 2% used [0x00000007ac780000,0x00000007acae9090,0x00000007b5700000)
  to   space 141824K, 0% used [0x00000007b7580000,0x00000007b7580000,0x00000007c0000000)
 ParOldGen       total 685568K, used 650109K [0x0000000740000000, 0x0000000769d80000, 0x0000000795580000)
  object space 685568K, 94% used [0x0000000740000000,0x0000000767adf620,0x0000000769d80000)
 Metaspace       used 143277K, capacity 153804K, committed 153932K, reserved 1183744K
  class space    used 17561K, capacity 19288K, committed 19328K, reserved 1048576K
Event: 3452.023 GC heap after
Heap after GC invocations=82 (full 7):
 PSYoungGen      total 525824K, used 0K [0x0000000795580000, 0x00000007c0000000, 0x00000007c0000000)
  eden space 378880K, 0% used [0x0000000795580000,0x0000000795580000,0x00000007ac780000)
  from space 146944K, 0% used [0x00000007ac780000,0x00000007ac780000,0x00000007b5700000)
  to   space 141824K, 0% used [0x00000007b7580000,0x00000007b7580000,0x00000007c0000000)
 ParOldGen       total 360960K, used 129701K [0x0000000740000000, 0x0000000756080000, 0x0000000795580000)
  object space 360960K, 35% used [0x0000000740000000,0x0000000747ea95d0,0x0000000756080000)
 Metaspace       used 143234K, capacity 153630K, committed 153932K, reserved 1183744K
  class space    used 17554K, capacity 19279K, committed 19328K, reserved 1048576K
}
Event: 3456.413 GC heap before
{Heap before GC invocations=83 (full 7):
 PSYoungGen      total 525824K, used 378880K [0x0000000795580000, 0x00000007c0000000, 0x00000007c0000000)
  eden space 378880K, 100% used [0x0000000795580000,0x00000007ac780000,0x00000007ac780000)
  from space 146944K, 0% used [0x00000007ac780000,0x00000007ac780000,0x00000007b5700000)
  to   space 141824K, 0% used [0x00000007b7580000,0x00000007b7580000,0x00000007c0000000)
 ParOldGen       total 360960K, used 129701K [0x0000000740000000, 0x0000000756080000, 0x0000000795580000)
  object space 360960K, 35% used [0x0000000740000000,0x0000000747ea95d0,0x0000000756080000)
 Metaspace       used 150437K, capacity 160908K, committed 161100K, reserved 1189888K
  class space    used 18343K, capacity 20078K, committed 20096K, reserved 1048576K
Event: 3456.622 GC heap after
Heap after GC invocations=83 (full 7):
 PSYoungGen      total 544768K, used 79554K [0x0000000795580000, 0x00000007c0000000, 0x00000007c0000000)
  eden space 402944K, 0% used [0x0000000795580000,0x0000000795580000,0x00000007adf00000)
  from space 141824K, 56% used [0x00000007b7580000,0x00000007bc330bd0,0x00000007c0000000)
  to   space 147968K, 0% used [0x00000007adf00000,0x00000007adf00000,0x00000007b6f80000)
 ParOldGen       total 360960K, used 129709K [0x0000000740000000, 0x0000000756080000, 0x0000000795580000)
  object space 360960K, 35% used [0x0000000740000000,0x0000000747eab5d0,0x0000000756080000)
 Metaspace       used 150437K, capacity 160908K, committed 161100K, reserved 1189888K
  class space    used 18343K, capacity 20078K, committed 20096K, reserved 1048576K
}
Event: 3464.065 GC heap before
{Heap before GC invocations=84 (full 7):
 PSYoungGen      total 544768K, used 482498K [0x0000000795580000, 0x00000007c0000000, 0x00000007c0000000)
  eden space 402944K, 100% used [0x0000000795580000,0x00000007adf00000,0x00000007adf00000)
  from space 141824K, 56% used [0x00000007b7580000,0x00000007bc330bd0,0x00000007c0000000)
  to   space 147968K, 0% used [0x00000007adf00000,0x00000007adf00000,0x00000007b6f80000)
 ParOldGen       total 360960K, used 129709K [0x0000000740000000, 0x0000000756080000, 0x0000000795580000)
  object space 360960K, 35% used [0x0000000740000000,0x0000000747eab5d0,0x0000000756080000)
 Metaspace       used 150632K, capacity 161130K, committed 161356K, reserved 1189888K
  class space    used 18347K, capacity 20083K, committed 20096K, reserved 1048576K
Event: 3464.189 GC heap after
Heap after GC invocations=84 (full 7):
 PSYoungGen      total 425984K, used 22782K [0x0000000795580000, 0x00000007bf600000, 0x00000007c0000000)
  eden space 402944K, 0% used [0x0000000795580000,0x0000000795580000,0x00000007adf00000)
  from space 23040K, 98% used [0x00000007adf00000,0x00000007af53f920,0x00000007af580000)
  to   space 139776K, 0% used [0x00000007b6d80000,0x00000007b6d80000,0x00000007bf600000)
 ParOldGen       total 360960K, used 140412K [0x0000000740000000, 0x0000000756080000, 0x0000000795580000)
  object space 360960K, 38% used [0x0000000740000000,0x000000074891f230,0x0000000756080000)
 Metaspace       used 150632K, capacity 161130K, committed 161356K, reserved 1189888K
  class space    used 18347K, capacity 20083K, committed 20096K, reserved 1048576K
}

