# JRE version: OpenJDK Runtime Environment (8.0_242) (build 1.8.0_242-release-1644-b3-6222593)
# Java VM: OpenJDK 64-Bit Server VM (25.242-b3-6222593 mixed mode bsd-amd64 compressed oops)
Heap:
 PSYoungGen      total 141312K, used 36624K [0x0000000795580000, 0x00000007a0180000, 0x00000007c0000000)
  eden space 129536K, 28% used [0x0000000795580000,0x00000007979440a8,0x000000079d400000)
  from space 11776K, 0% used [0x000000079d400000,0x000000079d400000,0x000000079df80000)
  to   space 13312K, 0% used [0x000000079f480000,0x000000079f480000,0x00000007a0180000)
 ParOldGen       total 104448K, used 18070K [0x0000000740000000, 0x0000000746600000, 0x0000000795580000)
  object space 104448K, 17% used [0x0000000740000000,0x00000007411a5a88,0x0000000746600000)
 Metaspace       used 35736K, capacity 37066K, committed 37248K, reserved 1081344K
  class space    used 4911K, capacity 5238K, committed 5248K, reserved 1048576K
GC Heap History (10 events):
Event: 4.094 GC heap before
{Heap before GC invocations=5 (full 0):
 PSYoungGen      total 71680K, used 59575K [0x0000000795580000, 0x000000079a080000, 0x00000007c0000000)
  eden space 66560K, 81% used [0x0000000795580000,0x0000000798ab1ec8,0x0000000799680000)
  from space 5120K, 99% used [0x0000000799b80000,0x000000079a07c010,0x000000079a080000)
  to   space 5120K, 0% used [0x0000000799680000,0x0000000799680000,0x0000000799b80000)
 ParOldGen       total 87552K, used 4482K [0x0000000740000000, 0x0000000745580000, 0x0000000795580000)
  object space 87552K, 5% used [0x0000000740000000,0x00000007404609f8,0x0000000745580000)
 Metaspace       used 20397K, capacity 21218K, committed 21248K, reserved 1067008K
  class space    used 2848K, capacity 3053K, committed 3072K, reserved 1048576K
Event: 4.109 GC heap after
Heap after GC invocations=5 (full 0):
 PSYoungGen      total 71680K, used 5088K [0x0000000795580000, 0x000000079ee80000, 0x00000007c0000000)
  eden space 66560K, 0% used [0x0000000795580000,0x0000000795580000,0x0000000799680000)
  from space 5120K, 99% used [0x0000000799680000,0x0000000799b78030,0x0000000799b80000)
  to   space 11776K, 0% used [0x000000079e300000,0x000000079e300000,0x000000079ee80000)
 ParOldGen       total 87552K, used 10092K [0x0000000740000000, 0x0000000745580000, 0x0000000795580000)
  object space 87552K, 11% used [0x0000000740000000,0x00000007409db1a8,0x0000000745580000)
 Metaspace       used 20397K, capacity 21218K, committed 21248K, reserved 1067008K
  class space    used 2848K, capacity 3053K, committed 3072K, reserved 1048576K
}
Event: 4.109 GC heap before
{Heap before GC invocations=6 (full 1):
 PSYoungGen      total 71680K, used 5088K [0x0000000795580000, 0x000000079ee80000, 0x00000007c0000000)
  eden space 66560K, 0% used [0x0000000795580000,0x0000000795580000,0x0000000799680000)
  from space 5120K, 99% used [0x0000000799680000,0x0000000799b78030,0x0000000799b80000)
  to   space 11776K, 0% used [0x000000079e300000,0x000000079e300000,0x000000079ee80000)
 ParOldGen       total 87552K, used 10092K [0x0000000740000000, 0x0000000745580000, 0x0000000795580000)
  object space 87552K, 11% used [0x0000000740000000,0x00000007409db1a8,0x0000000745580000)
 Metaspace       used 20397K, capacity 21218K, committed 21248K, reserved 1067008K
  class space    used 2848K, capacity 3053K, committed 3072K, reserved 1048576K
Event: 4.158 GC heap after
Heap after GC invocations=6 (full 1):
 PSYoungGen      total 71680K, used 0K [0x0000000795580000, 0x000000079ee80000, 0x00000007c0000000)
  eden space 66560K, 0% used [0x0000000795580000,0x0000000795580000,0x0000000799680000)
  from space 5120K, 0% used [0x0000000799680000,0x0000000799680000,0x0000000799b80000)
  to   space 11776K, 0% used [0x000000079e300000,0x000000079e300000,0x000000079ee80000)
 ParOldGen       total 65024K, used 10411K [0x0000000740000000, 0x0000000743f80000, 0x0000000795580000)
  object space 65024K, 16% used [0x0000000740000000,0x0000000740a2ae98,0x0000000743f80000)
 Metaspace       used 20397K, capacity 21218K, committed 21248K, reserved 1067008K
  class space    used 2848K, capacity 3053K, committed 3072K, reserved 1048576K
}
Event: 6.156 GC heap before
{Heap before GC invocations=7 (full 1):
 PSYoungGen      total 71680K, used 66560K [0x0000000795580000, 0x000000079ee80000, 0x00000007c0000000)
  eden space 66560K, 100% used [0x0000000795580000,0x0000000799680000,0x0000000799680000)
  from space 5120K, 0% used [0x0000000799680000,0x0000000799680000,0x0000000799b80000)
  to   space 11776K, 0% used [0x000000079e300000,0x000000079e300000,0x000000079ee80000)
 ParOldGen       total 65024K, used 10411K [0x0000000740000000, 0x0000000743f80000, 0x0000000795580000)
  object space 65024K, 16% used [0x0000000740000000,0x0000000740a2ae98,0x0000000743f80000)
 Metaspace       used 27773K, capacity 28766K, committed 29056K, reserved 1075200K
  class space    used 3837K, capacity 4113K, committed 4224K, reserved 1048576K
Event: 6.166 GC heap after
Heap after GC invocations=7 (full 1):
 PSYoungGen      total 108032K, used 7719K [0x0000000795580000, 0x000000079eb00000, 0x00000007c0000000)
  eden space 99840K, 0% used [0x0000000795580000,0x0000000795580000,0x000000079b700000)
  from space 8192K, 94% used [0x000000079e300000,0x000000079ea89ec0,0x000000079eb00000)
  to   space 11776K, 0% used [0x000000079d400000,0x000000079d400000,0x000000079df80000)
 ParOldGen       total 65024K, used 10419K [0x0000000740000000, 0x0000000743f80000, 0x0000000795580000)
  object space 65024K, 16% used [0x0000000740000000,0x0000000740a2ce98,0x0000000743f80000)
 Metaspace       used 27773K, capacity 28766K, committed 29056K, reserved 1075200K
  class space    used 3837K, capacity 4113K, committed 4224K, reserved 1048576K
}
Event: 8.021 GC heap before
{Heap before GC invocations=8 (full 1):
 PSYoungGen      total 108032K, used 101682K [0x0000000795580000, 0x000000079eb00000, 0x00000007c0000000)
  eden space 99840K, 94% used [0x0000000795580000,0x000000079b142a78,0x000000079b700000)
  from space 8192K, 94% used [0x000000079e300000,0x000000079ea89ec0,0x000000079eb00000)
  to   space 11776K, 0% used [0x000000079d400000,0x000000079d400000,0x000000079df80000)
 ParOldGen       total 65024K, used 10419K [0x0000000740000000, 0x0000000743f80000, 0x0000000795580000)
  object space 65024K, 16% used [0x0000000740000000,0x0000000740a2ce98,0x0000000743f80000)
 Metaspace       used 34003K, capacity 35312K, committed 35416K, reserved 1079296K
  class space    used 4664K, capacity 4969K, committed 4992K, reserved 1048576K
Event: 8.041 GC heap after
Heap after GC invocations=8 (full 1):
 PSYoungGen      total 141312K, used 11675K [0x0000000795580000, 0x00000007a0180000, 0x00000007c0000000)
  eden space 129536K, 0% used [0x0000000795580000,0x0000000795580000,0x000000079d400000)
  from space 11776K, 99% used [0x000000079d400000,0x000000079df66fc8,0x000000079df80000)
  to   space 13312K, 0% used [0x000000079f480000,0x000000079f480000,0x00000007a0180000)
 ParOldGen       total 65024K, used 10427K [0x0000000740000000, 0x0000000743f80000, 0x0000000795580000)
  object space 65024K, 16% used [0x0000000740000000,0x0000000740a2ee98,0x0000000743f80000)
 Metaspace       used 34003K, capacity 35312K, committed 35416K, reserved 1079296K
  class space    used 4664K, capacity 4969K, committed 4992K, reserved 1048576K
}
Event: 8.041 GC heap before
{Heap before GC invocations=9 (full 2):
 PSYoungGen      total 141312K, used 11675K [0x0000000795580000, 0x00000007a0180000, 0x00000007c0000000)
  eden space 129536K, 0% used [0x0000000795580000,0x0000000795580000,0x000000079d400000)
  from space 11776K, 99% used [0x000000079d400000,0x000000079df66fc8,0x000000079df80000)
  to   space 13312K, 0% used [0x000000079f480000,0x000000079f480000,0x00000007a0180000)
 ParOldGen       total 65024K, used 10427K [0x0000000740000000, 0x0000000743f80000, 0x0000000795580000)
  object space 65024K, 16% used [0x0000000740000000,0x0000000740a2ee98,0x0000000743f80000)
 Metaspace       used 34003K, capacity 35312K, committed 35416K, reserved 1079296K
  class space    used 4664K, capacity 4969K, committed 4992K, reserved 1048576K
Event: 8.160 GC heap after
Heap after GC invocations=9 (full 2):
 PSYoungGen      total 141312K, used 0K [0x0000000795580000, 0x00000007a0180000, 0x00000007c0000000)
  eden space 129536K, 0% used [0x0000000795580000,0x0000000795580000,0x000000079d400000)
  from space 11776K, 0% used [0x000000079d400000,0x000000079d400000,0x000000079df80000)
  to   space 13312K, 0% used [0x000000079f480000,0x000000079f480000,0x00000007a0180000)
 ParOldGen       total 104448K, used 18070K [0x0000000740000000, 0x0000000746600000, 0x0000000795580000)
  object space 104448K, 17% used [0x0000000740000000,0x00000007411a5a88,0x0000000746600000)
 Metaspace       used 34003K, capacity 35312K, committed 35416K, reserved 1079296K
  class space    used 4664K, capacity 4969K, committed 4992K, reserved 1048576K
}

