# JRE version: OpenJDK Runtime Environment (8.0_242) (build 1.8.0_242-release-1644-b3-6222593)
# Java VM: OpenJDK 64-Bit Server VM (25.242-b3-6222593 mixed mode bsd-amd64 compressed oops)
Heap:
 PSYoungGen      total 289280K, used 164673K [0x0000000795580000, 0x00000007ab580000, 0x00000007c0000000)
  eden space 249856K, 50% used [0x0000000795580000,0x000000079cfd31e0,0x00000007a4980000)
  from space 39424K, 99% used [0x00000007a7880000,0x00000007a9efd428,0x00000007a9f00000)
  to   space 48128K, 0% used [0x00000007a4980000,0x00000007a4980000,0x00000007a7880000)
 ParOldGen       total 154624K, used 52591K [0x0000000740000000, 0x0000000749700000, 0x0000000795580000)
  object space 154624K, 34% used [0x0000000740000000,0x000000074335be40,0x0000000749700000)
 Metaspace       used 72516K, capacity 76021K, committed 76120K, reserved 1114112K
  class space    used 9817K, capacity 10577K, committed 10624K, reserved 1048576K
GC Heap History (10 events):
Event: 12.725 GC heap before
{Heap before GC invocations=13 (full 3):
 PSYoungGen      total 206848K, used 19943K [0x0000000795580000, 0x00000007a4000000, 0x00000007c0000000)
  eden space 186368K, 0% used [0x0000000795580000,0x0000000795580000,0x00000007a0b80000)
  from space 20480K, 97% used [0x00000007a2200000,0x00000007a3579c28,0x00000007a3600000)
  to   space 23040K, 0% used [0x00000007a0b80000,0x00000007a0b80000,0x00000007a2200000)
 ParOldGen       total 102912K, used 29838K [0x0000000740000000, 0x0000000746480000, 0x0000000795580000)
  object space 102912K, 28% used [0x0000000740000000,0x0000000741d23828,0x0000000746480000)
 Metaspace       used 56435K, capacity 58875K, committed 59028K, reserved 1099776K
  class space    used 7633K, capacity 8192K, committed 8192K, reserved 1048576K
Event: 13.041 GC heap after
Heap after GC invocations=13 (full 3):
 PSYoungGen      total 206848K, used 0K [0x0000000795580000, 0x00000007a4000000, 0x00000007c0000000)
  eden space 186368K, 0% used [0x0000000795580000,0x0000000795580000,0x00000007a0b80000)
  from space 20480K, 0% used [0x00000007a2200000,0x00000007a2200000,0x00000007a3600000)
  to   space 23040K, 0% used [0x00000007a0b80000,0x00000007a0b80000,0x00000007a2200000)
 ParOldGen       total 154624K, used 34625K [0x0000000740000000, 0x0000000749700000, 0x0000000795580000)
  object space 154624K, 22% used [0x0000000740000000,0x00000007421d0428,0x0000000749700000)
 Metaspace       used 56420K, capacity 58821K, committed 59028K, reserved 1099776K
  class space    used 7628K, capacity 8183K, committed 8192K, reserved 1048576K
}
Event: 17.324 GC heap before
{Heap before GC invocations=14 (full 3):
 PSYoungGen      total 206848K, used 186368K [0x0000000795580000, 0x00000007a4000000, 0x00000007c0000000)
  eden space 186368K, 100% used [0x0000000795580000,0x00000007a0b80000,0x00000007a0b80000)
  from space 20480K, 0% used [0x00000007a2200000,0x00000007a2200000,0x00000007a3600000)
  to   space 23040K, 0% used [0x00000007a0b80000,0x00000007a0b80000,0x00000007a2200000)
 ParOldGen       total 154624K, used 34625K [0x0000000740000000, 0x0000000749700000, 0x0000000795580000)
  object space 154624K, 22% used [0x0000000740000000,0x00000007421d0428,0x0000000749700000)
 Metaspace       used 64564K, capacity 67391K, committed 67544K, reserved 1107968K
  class space    used 8752K, capacity 9368K, committed 9472K, reserved 1048576K
Event: 17.360 GC heap after
Heap after GC invocations=14 (full 3):
 PSYoungGen      total 209408K, used 22333K [0x0000000795580000, 0x00000007a5f80000, 0x00000007c0000000)
  eden space 186368K, 0% used [0x0000000795580000,0x0000000795580000,0x00000007a0b80000)
  from space 23040K, 96% used [0x00000007a0b80000,0x00000007a214f7e8,0x00000007a2200000)
  to   space 26112K, 0% used [0x00000007a4600000,0x00000007a4600000,0x00000007a5f80000)
 ParOldGen       total 154624K, used 34633K [0x0000000740000000, 0x0000000749700000, 0x0000000795580000)
  object space 154624K, 22% used [0x0000000740000000,0x00000007421d2428,0x0000000749700000)
 Metaspace       used 64564K, capacity 67391K, committed 67544K, reserved 1107968K
  class space    used 8752K, capacity 9368K, committed 9472K, reserved 1048576K
}
Event: 19.553 GC heap before
{Heap before GC invocations=15 (full 3):
 PSYoungGen      total 209408K, used 208701K [0x0000000795580000, 0x00000007a5f80000, 0x00000007c0000000)
  eden space 186368K, 100% used [0x0000000795580000,0x00000007a0b80000,0x00000007a0b80000)
  from space 23040K, 96% used [0x00000007a0b80000,0x00000007a214f7e8,0x00000007a2200000)
  to   space 26112K, 0% used [0x00000007a4600000,0x00000007a4600000,0x00000007a5f80000)
 ParOldGen       total 154624K, used 34633K [0x0000000740000000, 0x0000000749700000, 0x0000000795580000)
  object space 154624K, 22% used [0x0000000740000000,0x00000007421d2428,0x0000000749700000)
 Metaspace       used 66603K, capacity 69909K, committed 70232K, reserved 1110016K
  class space    used 9024K, capacity 9731K, committed 9856K, reserved 1048576K
Event: 19.605 GC heap after
Heap after GC invocations=15 (full 3):
 PSYoungGen      total 239616K, used 26109K [0x0000000795580000, 0x00000007a6f80000, 0x00000007c0000000)
  eden space 213504K, 0% used [0x0000000795580000,0x0000000795580000,0x00000007a2600000)
  from space 26112K, 99% used [0x00000007a4600000,0x00000007a5f7f500,0x00000007a5f80000)
  to   space 32768K, 0% used [0x00000007a2600000,0x00000007a2600000,0x00000007a4600000)
 ParOldGen       total 154624K, used 42337K [0x0000000740000000, 0x0000000749700000, 0x0000000795580000)
  object space 154624K, 27% used [0x0000000740000000,0x0000000742958540,0x0000000749700000)
 Metaspace       used 66603K, capacity 69909K, committed 70232K, reserved 1110016K
  class space    used 9024K, capacity 9731K, committed 9856K, reserved 1048576K
}
Event: 21.530 GC heap before
{Heap before GC invocations=16 (full 3):
 PSYoungGen      total 239616K, used 239613K [0x0000000795580000, 0x00000007a6f80000, 0x00000007c0000000)
  eden space 213504K, 100% used [0x0000000795580000,0x00000007a2600000,0x00000007a2600000)
  from space 26112K, 99% used [0x00000007a4600000,0x00000007a5f7f500,0x00000007a5f80000)
  to   space 32768K, 0% used [0x00000007a2600000,0x00000007a2600000,0x00000007a4600000)
 ParOldGen       total 154624K, used 42337K [0x0000000740000000, 0x0000000749700000, 0x0000000795580000)
  object space 154624K, 27% used [0x0000000740000000,0x0000000742958540,0x0000000749700000)
 Metaspace       used 67804K, capacity 71185K, committed 71384K, reserved 1110016K
  class space    used 9188K, capacity 9907K, committed 9984K, reserved 1048576K
Event: 21.581 GC heap after
Heap after GC invocations=16 (full 3):
 PSYoungGen      total 246272K, used 32751K [0x0000000795580000, 0x00000007a9f00000, 0x00000007c0000000)
  eden space 213504K, 0% used [0x0000000795580000,0x0000000795580000,0x00000007a2600000)
  from space 32768K, 99% used [0x00000007a2600000,0x00000007a45fbe10,0x00000007a4600000)
  to   space 39424K, 0% used [0x00000007a7880000,0x00000007a7880000,0x00000007a9f00000)
 ParOldGen       total 154624K, used 46133K [0x0000000740000000, 0x0000000749700000, 0x0000000795580000)
  object space 154624K, 29% used [0x0000000740000000,0x0000000742d0d400,0x0000000749700000)
 Metaspace       used 67804K, capacity 71185K, committed 71384K, reserved 1110016K
  class space    used 9188K, capacity 9907K, committed 9984K, reserved 1048576K
}
Event: 23.712 GC heap before
{Heap before GC invocations=17 (full 3):
 PSYoungGen      total 246272K, used 246255K [0x0000000795580000, 0x00000007a9f00000, 0x00000007c0000000)
  eden space 213504K, 100% used [0x0000000795580000,0x00000007a2600000,0x00000007a2600000)
  from space 32768K, 99% used [0x00000007a2600000,0x00000007a45fbe10,0x00000007a4600000)
  to   space 39424K, 0% used [0x00000007a7880000,0x00000007a7880000,0x00000007a9f00000)
 ParOldGen       total 154624K, used 46133K [0x0000000740000000, 0x0000000749700000, 0x0000000795580000)
  object space 154624K, 29% used [0x0000000740000000,0x0000000742d0d400,0x0000000749700000)
 Metaspace       used 72460K, capacity 76009K, committed 76120K, reserved 1114112K
  class space    used 9814K, capacity 10575K, committed 10624K, reserved 1048576K
Event: 23.789 GC heap after
Heap after GC invocations=17 (full 3):
 PSYoungGen      total 289280K, used 39413K [0x0000000795580000, 0x00000007ab580000, 0x00000007c0000000)
  eden space 249856K, 0% used [0x0000000795580000,0x0000000795580000,0x00000007a4980000)
  from space 39424K, 99% used [0x00000007a7880000,0x00000007a9efd428,0x00000007a9f00000)
  to   space 48128K, 0% used [0x00000007a4980000,0x00000007a4980000,0x00000007a7880000)
 ParOldGen       total 154624K, used 52591K [0x0000000740000000, 0x0000000749700000, 0x0000000795580000)
  object space 154624K, 34% used [0x0000000740000000,0x000000074335be40,0x0000000749700000)
 Metaspace       used 72460K, capacity 76009K, committed 76120K, reserved 1114112K
  class space    used 9814K, capacity 10575K, committed 10624K, reserved 1048576K
}

