# JRE version: OpenJDK Runtime Environment (8.0_242) (build 1.8.0_242-release-1644-b3-6222593)
# Java VM: OpenJDK 64-Bit Server VM (25.242-b3-6222593 mixed mode bsd-amd64 compressed oops)
Heap:
 PSYoungGen      total 593920K, used 231145K [0x0000000795580000, 0x00000007c0000000, 0x00000007c0000000)
  eden space 501760K, 45% used [0x0000000795580000,0x00000007a36d7f48,0x00000007b3f80000)
  from space 92160K, 0% used [0x00000007b3f80000,0x00000007b3fe24f8,0x00000007b9980000)
  to   space 91648K, 0% used [0x00000007ba680000,0x00000007ba680000,0x00000007c0000000)
 ParOldGen       total 574976K, used 348264K [0x0000000740000000, 0x0000000763180000, 0x0000000795580000)
  object space 574976K, 60% used [0x0000000740000000,0x000000075541a088,0x0000000763180000)
 Metaspace       used 168380K, capacity 179408K, committed 179788K, reserved 1206272K
  class space    used 21323K, capacity 23400K, committed 23680K, reserved 1048576K
GC Heap History (10 events):
Event: 3034.868 GC heap before
{Heap before GC invocations=86 (full 7):
 PSYoungGen      total 660480K, used 33783K [0x0000000795580000, 0x00000007c0000000, 0x00000007c0000000)
  eden space 626688K, 0% used [0x0000000795580000,0x0000000795580000,0x00000007bb980000)
  from space 33792K, 99% used [0x00000007bb980000,0x00000007bda7dcd0,0x00000007bda80000)
  to   space 38400K, 0% used [0x00000007bda80000,0x00000007bda80000,0x00000007c0000000)
 ParOldGen       total 462336K, used 462145K [0x0000000740000000, 0x000000075c380000, 0x0000000795580000)
  object space 462336K, 99% used [0x0000000740000000,0x000000075c3505f8,0x000000075c380000)
 Metaspace       used 166337K, capacity 177310K, committed 177996K, reserved 1204224K
  class space    used 21022K, capacity 23075K, committed 23424K, reserved 1048576K
Event: 3039.356 GC heap after
Heap after GC invocations=86 (full 7):
 PSYoungGen      total 660480K, used 0K [0x0000000795580000, 0x00000007c0000000, 0x00000007c0000000)
  eden space 626688K, 0% used [0x0000000795580000,0x0000000795580000,0x00000007bb980000)
  from space 33792K, 0% used [0x00000007bb980000,0x00000007bb980000,0x00000007bda80000)
  to   space 38400K, 0% used [0x00000007bda80000,0x00000007bda80000,0x00000007c0000000)
 ParOldGen       total 574976K, used 304666K [0x0000000740000000, 0x0000000763180000, 0x0000000795580000)
  object space 574976K, 52% used [0x0000000740000000,0x0000000752986ba8,0x0000000763180000)
 Metaspace       used 166314K, capacity 177250K, committed 177996K, reserved 1204224K
  class space    used 21013K, capacity 23059K, committed 23424K, reserved 1048576K
}
Event: 3047.436 GC heap before
{Heap before GC invocations=87 (full 7):
 PSYoungGen      total 660480K, used 625622K [0x0000000795580000, 0x00000007c0000000, 0x00000007c0000000)
  eden space 626688K, 99% used [0x0000000795580000,0x00000007bb875ab0,0x00000007bb980000)
  from space 33792K, 0% used [0x00000007bb980000,0x00000007bb980000,0x00000007bda80000)
  to   space 38400K, 0% used [0x00000007bda80000,0x00000007bda80000,0x00000007c0000000)
 ParOldGen       total 574976K, used 304666K [0x0000000740000000, 0x0000000763180000, 0x0000000795580000)
  object space 574976K, 52% used [0x0000000740000000,0x0000000752986ba8,0x0000000763180000)
 Metaspace       used 166923K, capacity 177846K, committed 178252K, reserved 1204224K
  class space    used 21095K, capacity 23143K, committed 23424K, reserved 1048576K
Event: 3047.609 GC heap after
Heap after GC invocations=87 (full 7):
 PSYoungGen      total 536576K, used 38391K [0x0000000795580000, 0x00000007c0000000, 0x00000007c0000000)
  eden space 498176K, 0% used [0x0000000795580000,0x0000000795580000,0x00000007b3c00000)
  from space 38400K, 99% used [0x00000007bda80000,0x00000007bfffdc20,0x00000007c0000000)
  to   space 100352K, 0% used [0x00000007b3c00000,0x00000007b3c00000,0x00000007b9e00000)
 ParOldGen       total 574976K, used 330701K [0x0000000740000000, 0x0000000763180000, 0x0000000795580000)
  object space 574976K, 57% used [0x0000000740000000,0x00000007542f34f0,0x0000000763180000)
 Metaspace       used 166923K, capacity 177846K, committed 178252K, reserved 1204224K
  class space    used 21095K, capacity 23143K, committed 23424K, reserved 1048576K
}
Event: 3051.195 GC heap before
{Heap before GC invocations=88 (full 7):
 PSYoungGen      total 536576K, used 536567K [0x0000000795580000, 0x00000007c0000000, 0x00000007c0000000)
  eden space 498176K, 100% used [0x0000000795580000,0x00000007b3c00000,0x00000007b3c00000)
  from space 38400K, 99% used [0x00000007bda80000,0x00000007bfffdc20,0x00000007c0000000)
  to   space 100352K, 0% used [0x00000007b3c00000,0x00000007b3c00000,0x00000007b9e00000)
 ParOldGen       total 574976K, used 330701K [0x0000000740000000, 0x0000000763180000, 0x0000000795580000)
  object space 574976K, 57% used [0x0000000740000000,0x00000007542f3530,0x0000000763180000)
 Metaspace       used 166934K, capacity 177910K, committed 178508K, reserved 1204224K
  class space    used 21095K, capacity 23143K, committed 23424K, reserved 1048576K
Event: 3051.257 GC heap after
Heap after GC invocations=88 (full 7):
 PSYoungGen      total 598528K, used 16298K [0x0000000795580000, 0x00000007c0000000, 0x00000007c0000000)
  eden space 498176K, 0% used [0x0000000795580000,0x0000000795580000,0x00000007b3c00000)
  from space 100352K, 16% used [0x00000007b3c00000,0x00000007b4bea8f0,0x00000007b9e00000)
  to   space 96768K, 0% used [0x00000007ba180000,0x00000007ba180000,0x00000007c0000000)
 ParOldGen       total 574976K, used 347543K [0x0000000740000000, 0x0000000763180000, 0x0000000795580000)
  object space 574976K, 60% used [0x0000000740000000,0x0000000755365c60,0x0000000763180000)
 Metaspace       used 166934K, capacity 177910K, committed 178508K, reserved 1204224K
  class space    used 21095K, capacity 23143K, committed 23424K, reserved 1048576K
}
Event: 3052.168 GC heap before
{Heap before GC invocations=89 (full 7):
 PSYoungGen      total 598528K, used 514474K [0x0000000795580000, 0x00000007c0000000, 0x00000007c0000000)
  eden space 498176K, 100% used [0x0000000795580000,0x00000007b3c00000,0x00000007b3c00000)
  from space 100352K, 16% used [0x00000007b3c00000,0x00000007b4bea8f0,0x00000007b9e00000)
  to   space 96768K, 0% used [0x00000007ba180000,0x00000007ba180000,0x00000007c0000000)
 ParOldGen       total 574976K, used 347641K [0x0000000740000000, 0x0000000763180000, 0x0000000795580000)
  object space 574976K, 60% used [0x0000000740000000,0x000000075537e448,0x0000000763180000)
 Metaspace       used 166938K, capacity 177910K, committed 178508K, reserved 1204224K
  class space    used 21095K, capacity 23143K, committed 23424K, reserved 1048576K
Event: 3052.181 GC heap after
Heap after GC invocations=89 (full 7):
 PSYoungGen      total 585728K, used 20891K [0x0000000795580000, 0x00000007bf380000, 0x00000007c0000000)
  eden space 501760K, 0% used [0x0000000795580000,0x0000000795580000,0x00000007b3f80000)
  from space 83968K, 24% used [0x00000007ba180000,0x00000007bb5e6e80,0x00000007bf380000)
  to   space 92160K, 0% used [0x00000007b3f80000,0x00000007b3f80000,0x00000007b9980000)
 ParOldGen       total 574976K, used 348200K [0x0000000740000000, 0x0000000763180000, 0x0000000795580000)
  object space 574976K, 60% used [0x0000000740000000,0x000000075540a088,0x0000000763180000)
 Metaspace       used 166938K, capacity 177910K, committed 178508K, reserved 1204224K
  class space    used 21095K, capacity 23143K, committed 23424K, reserved 1048576K
}
Event: 3057.851 GC heap before
{Heap before GC invocations=90 (full 7):
 PSYoungGen      total 585728K, used 522651K [0x0000000795580000, 0x00000007bf380000, 0x00000007c0000000)
  eden space 501760K, 100% used [0x0000000795580000,0x00000007b3f80000,0x00000007b3f80000)
  from space 83968K, 24% used [0x00000007ba180000,0x00000007bb5e6e80,0x00000007bf380000)
  to   space 92160K, 0% used [0x00000007b3f80000,0x00000007b3f80000,0x00000007b9980000)
 ParOldGen       total 574976K, used 348200K [0x0000000740000000, 0x0000000763180000, 0x0000000795580000)
  object space 574976K, 60% used [0x0000000740000000,0x000000075540a088,0x0000000763180000)
 Metaspace       used 166955K, capacity 177942K, committed 178508K, reserved 1204224K
  class space    used 21098K, capacity 23175K, committed 23424K, reserved 1048576K
Event: 3057.860 GC heap after
Heap after GC invocations=90 (full 7):
 PSYoungGen      total 593920K, used 393K [0x0000000795580000, 0x00000007c0000000, 0x00000007c0000000)
  eden space 501760K, 0% used [0x0000000795580000,0x0000000795580000,0x00000007b3f80000)
  from space 92160K, 0% used [0x00000007b3f80000,0x00000007b3fe24f8,0x00000007b9980000)
  to   space 91648K, 0% used [0x00000007ba680000,0x00000007ba680000,0x00000007c0000000)
 ParOldGen       total 574976K, used 348264K [0x0000000740000000, 0x0000000763180000, 0x0000000795580000)
  object space 574976K, 60% used [0x0000000740000000,0x000000075541a088,0x0000000763180000)
 Metaspace       used 166955K, capacity 177942K, committed 178508K, reserved 1204224K
  class space    used 21098K, capacity 23175K, committed 23424K, reserved 1048576K
}

