# JRE version: OpenJDK Runtime Environment (8.0_242) (build 1.8.0_242-release-1644-b3-6222593)
# Java VM: OpenJDK 64-Bit Server VM (25.242-b3-6222593 mixed mode bsd-amd64 compressed oops)
Heap:
 PSYoungGen      total 571904K, used 289641K [0x0000000795580000, 0x00000007bf200000, 0x00000007c0000000)
  eden space 476672K, 52% used [0x0000000795580000,0x00000007a49290c0,0x00000007b2700000)
  from space 95232K, 42% used [0x00000007b9500000,0x00000007bbc315a8,0x00000007bf200000)
  to   space 103936K, 0% used [0x00000007b2700000,0x00000007b2700000,0x00000007b8c80000)
 ParOldGen       total 739840K, used 110686K [0x0000000740000000, 0x000000076d280000, 0x0000000795580000)
  object space 739840K, 14% used [0x0000000740000000,0x0000000746c17948,0x000000076d280000)
 Metaspace       used 176021K, capacity 187370K, committed 194816K, reserved 1220608K
  class space    used 20932K, capacity 22944K, committed 23808K, reserved 1048576K
GC Heap History (10 events):
Event: 34786.981 GC heap before
{Heap before GC invocations=165 (full 12):
 PSYoungGen      total 548352K, used 384248K [0x0000000795580000, 0x00000007c0000000, 0x00000007c0000000)
  eden space 460288K, 64% used [0x0000000795580000,0x00000007a76be6e8,0x00000007b1700000)
  from space 88064K, 99% used [0x00000007baa00000,0x00000007bffffc48,0x00000007c0000000)
  to   space 119296K, 0% used [0x00000007b1700000,0x00000007b1700000,0x00000007b8b80000)
 ParOldGen       total 739840K, used 155720K [0x0000000740000000, 0x000000076d280000, 0x0000000795580000)
  object space 739840K, 21% used [0x0000000740000000,0x0000000749812278,0x000000076d280000)
 Metaspace       used 183079K, capacity 194414K, committed 194816K, reserved 1220608K
  class space    used 21666K, capacity 23690K, committed 23808K, reserved 1048576K
Event: 34787.342 GC heap after
Heap after GC invocations=165 (full 12):
 PSYoungGen      total 579584K, used 41480K [0x0000000795580000, 0x00000007c0000000, 0x00000007c0000000)
  eden space 460288K, 0% used [0x0000000795580000,0x0000000795580000,0x00000007b1700000)
  from space 119296K, 34% used [0x00000007b1700000,0x00000007b3f821d0,0x00000007b8b80000)
  to   space 113664K, 0% used [0x00000007b9100000,0x00000007b9100000,0x00000007c0000000)
 ParOldGen       total 739840K, used 157090K [0x0000000740000000, 0x000000076d280000, 0x0000000795580000)
  object space 739840K, 21% used [0x0000000740000000,0x0000000749968aa8,0x000000076d280000)
 Metaspace       used 183079K, capacity 194414K, committed 194816K, reserved 1220608K
  class space    used 21666K, capacity 23690K, committed 23808K, reserved 1048576K
}
Event: 34787.342 GC heap before
{Heap before GC invocations=166 (full 13):
 PSYoungGen      total 579584K, used 41480K [0x0000000795580000, 0x00000007c0000000, 0x00000007c0000000)
  eden space 460288K, 0% used [0x0000000795580000,0x0000000795580000,0x00000007b1700000)
  from space 119296K, 34% used [0x00000007b1700000,0x00000007b3f821d0,0x00000007b8b80000)
  to   space 113664K, 0% used [0x00000007b9100000,0x00000007b9100000,0x00000007c0000000)
 ParOldGen       total 739840K, used 157090K [0x0000000740000000, 0x000000076d280000, 0x0000000795580000)
  object space 739840K, 21% used [0x0000000740000000,0x0000000749968aa8,0x000000076d280000)
 Metaspace       used 183079K, capacity 194414K, committed 194816K, reserved 1220608K
  class space    used 21666K, capacity 23690K, committed 23808K, reserved 1048576K
Event: 34789.256 GC heap after
Heap after GC invocations=166 (full 13):
 PSYoungGen      total 579584K, used 0K [0x0000000795580000, 0x00000007c0000000, 0x00000007c0000000)
  eden space 460288K, 0% used [0x0000000795580000,0x0000000795580000,0x00000007b1700000)
  from space 119296K, 0% used [0x00000007b1700000,0x00000007b1700000,0x00000007b8b80000)
  to   space 113664K, 0% used [0x00000007b9100000,0x00000007b9100000,0x00000007c0000000)
 ParOldGen       total 739840K, used 110678K [0x0000000740000000, 0x000000076d280000, 0x0000000795580000)
  object space 739840K, 14% used [0x0000000740000000,0x0000000746c15948,0x000000076d280000)
 Metaspace       used 167877K, capacity 178946K, committed 194816K, reserved 1220608K
  class space    used 20020K, capacity 21972K, committed 23808K, reserved 1048576K
}
Event: 36809.796 GC heap before
{Heap before GC invocations=167 (full 13):
 PSYoungGen      total 579584K, used 460288K [0x0000000795580000, 0x00000007c0000000, 0x00000007c0000000)
  eden space 460288K, 100% used [0x0000000795580000,0x00000007b1700000,0x00000007b1700000)
  from space 119296K, 0% used [0x00000007b1700000,0x00000007b1700000,0x00000007b8b80000)
  to   space 113664K, 0% used [0x00000007b9100000,0x00000007b9100000,0x00000007c0000000)
 ParOldGen       total 739840K, used 110678K [0x0000000740000000, 0x000000076d280000, 0x0000000795580000)
  object space 739840K, 14% used [0x0000000740000000,0x0000000746c15948,0x000000076d280000)
 Metaspace       used 168076K, capacity 179254K, committed 194816K, reserved 1220608K
  class space    used 20045K, capacity 22022K, committed 23808K, reserved 1048576K
Event: 36809.914 GC heap after
Heap after GC invocations=167 (full 13):
 PSYoungGen      total 571904K, used 21510K [0x0000000795580000, 0x00000007bf880000, 0x00000007c0000000)
  eden space 465920K, 0% used [0x0000000795580000,0x0000000795580000,0x00000007b1c80000)
  from space 105984K, 20% used [0x00000007b9100000,0x00000007ba601b18,0x00000007bf880000)
  to   space 112640K, 0% used [0x00000007b1c80000,0x00000007b1c80000,0x00000007b8a80000)
 ParOldGen       total 739840K, used 110678K [0x0000000740000000, 0x000000076d280000, 0x0000000795580000)
  object space 739840K, 14% used [0x0000000740000000,0x0000000746c15948,0x000000076d280000)
 Metaspace       used 168076K, capacity 179254K, committed 194816K, reserved 1220608K
  class space    used 20045K, capacity 22022K, committed 23808K, reserved 1048576K
}
Event: 36815.622 GC heap before
{Heap before GC invocations=168 (full 13):
 PSYoungGen      total 571904K, used 487430K [0x0000000795580000, 0x00000007bf880000, 0x00000007c0000000)
  eden space 465920K, 100% used [0x0000000795580000,0x00000007b1c80000,0x00000007b1c80000)
  from space 105984K, 20% used [0x00000007b9100000,0x00000007ba601b18,0x00000007bf880000)
  to   space 112640K, 0% used [0x00000007b1c80000,0x00000007b1c80000,0x00000007b8a80000)
 ParOldGen       total 739840K, used 110678K [0x0000000740000000, 0x000000076d280000, 0x0000000795580000)
  object space 739840K, 14% used [0x0000000740000000,0x0000000746c15948,0x000000076d280000)
 Metaspace       used 168264K, capacity 179494K, committed 194816K, reserved 1220608K
  class space    used 20062K, capacity 22062K, committed 23808K, reserved 1048576K
Event: 36815.715 GC heap after
Heap after GC invocations=168 (full 13):
 PSYoungGen      total 578560K, used 24421K [0x0000000795580000, 0x00000007c0000000, 0x00000007c0000000)
  eden space 465920K, 0% used [0x0000000795580000,0x0000000795580000,0x00000007b1c80000)
  from space 112640K, 21% used [0x00000007b1c80000,0x00000007b34594a8,0x00000007b8a80000)
  to   space 109568K, 0% used [0x00000007b9500000,0x00000007b9500000,0x00000007c0000000)
 ParOldGen       total 739840K, used 110678K [0x0000000740000000, 0x000000076d280000, 0x0000000795580000)
  object space 739840K, 14% used [0x0000000740000000,0x0000000746c15948,0x000000076d280000)
 Metaspace       used 168264K, capacity 179494K, committed 194816K, reserved 1220608K
  class space    used 20062K, capacity 22062K, committed 23808K, reserved 1048576K
}
Event: 36820.090 GC heap before
{Heap before GC invocations=169 (full 13):
 PSYoungGen      total 578560K, used 490341K [0x0000000795580000, 0x00000007c0000000, 0x00000007c0000000)
  eden space 465920K, 100% used [0x0000000795580000,0x00000007b1c80000,0x00000007b1c80000)
  from space 112640K, 21% used [0x00000007b1c80000,0x00000007b34594a8,0x00000007b8a80000)
  to   space 109568K, 0% used [0x00000007b9500000,0x00000007b9500000,0x00000007c0000000)
 ParOldGen       total 739840K, used 110678K [0x0000000740000000, 0x000000076d280000, 0x0000000795580000)
  object space 739840K, 14% used [0x0000000740000000,0x0000000746c15948,0x000000076d280000)
 Metaspace       used 175556K, capacity 186824K, committed 194816K, reserved 1220608K
  class space    used 20853K, capacity 22853K, committed 23808K, reserved 1048576K
Event: 36820.179 GC heap after
Heap after GC invocations=169 (full 13):
 PSYoungGen      total 571904K, used 40133K [0x0000000795580000, 0x00000007bf200000, 0x00000007c0000000)
  eden space 476672K, 0% used [0x0000000795580000,0x0000000795580000,0x00000007b2700000)
  from space 95232K, 42% used [0x00000007b9500000,0x00000007bbc315a8,0x00000007bf200000)
  to   space 103936K, 0% used [0x00000007b2700000,0x00000007b2700000,0x00000007b8c80000)
 ParOldGen       total 739840K, used 110686K [0x0000000740000000, 0x000000076d280000, 0x0000000795580000)
  object space 739840K, 14% used [0x0000000740000000,0x0000000746c17948,0x000000076d280000)
 Metaspace       used 175556K, capacity 186824K, committed 194816K, reserved 1220608K
  class space    used 20853K, capacity 22853K, committed 23808K, reserved 1048576K
}

