# JRE version: OpenJDK Runtime Environment (8.0_242) (build 1.8.0_242-release-1644-b3-6222593)
# Java VM: OpenJDK 64-Bit Server VM (25.242-b3-6222593 mixed mode bsd-amd64 compressed oops)
Heap:
 PSYoungGen      total 593408K, used 560114K [0x0000000795580000, 0x00000007bd200000, 0x00000007c0000000)
  eden space 535552K, 100% used [0x0000000795580000,0x00000007b6080000,0x00000007b6080000)
  from space 57856K, 42% used [0x00000007b6080000,0x00000007b787c838,0x00000007b9900000)
  to   space 54784K, 40% used [0x00000007b9c80000,0x00000007bb246148,0x00000007bd200000)
 ParOldGen       total 770048K, used 133631K [0x0000000740000000, 0x000000076f000000, 0x0000000795580000)
  object space 770048K, 17% used [0x0000000740000000,0x000000074827ff88,0x000000076f000000)
 Metaspace       used 182015K, capacity 193516K, committed 212440K, reserved 1234944K
  class space    used 21617K, capacity 23634K, committed 27136K, reserved 1048576K
GC Heap History (10 events):
Event: 22630.642 GC heap after
Heap after GC invocations=256 (full 13):
 PSYoungGen      total 591360K, used 24559K [0x0000000795580000, 0x00000007bdb80000, 0x00000007c0000000)
  eden space 523776K, 0% used [0x0000000795580000,0x0000000795580000,0x00000007b5500000)
  from space 67584K, 36% used [0x00000007b5500000,0x00000007b6cfbd30,0x00000007b9700000)
  to   space 64512K, 0% used [0x00000007b9c80000,0x00000007b9c80000,0x00000007bdb80000)
 ParOldGen       total 770048K, used 133223K [0x0000000740000000, 0x000000076f000000, 0x0000000795580000)
  object space 770048K, 17% used [0x0000000740000000,0x0000000748219f88,0x000000076f000000)
 Metaspace       used 181918K, capacity 193384K, committed 212440K, reserved 1234944K
  class space    used 21616K, capacity 23634K, committed 27136K, reserved 1048576K
}
Event: 22769.400 GC heap before
{Heap before GC invocations=257 (full 13):
 PSYoungGen      total 591360K, used 548335K [0x0000000795580000, 0x00000007bdb80000, 0x00000007c0000000)
  eden space 523776K, 100% used [0x0000000795580000,0x00000007b5500000,0x00000007b5500000)
  from space 67584K, 36% used [0x00000007b5500000,0x00000007b6cfbd30,0x00000007b9700000)
  to   space 64512K, 0% used [0x00000007b9c80000,0x00000007b9c80000,0x00000007bdb80000)
 ParOldGen       total 770048K, used 133223K [0x0000000740000000, 0x000000076f000000, 0x0000000795580000)
  object space 770048K, 17% used [0x0000000740000000,0x0000000748219f88,0x000000076f000000)
 Metaspace       used 181929K, capacity 193448K, committed 212440K, reserved 1234944K
  class space    used 21616K, capacity 23634K, committed 27136K, reserved 1048576K
Event: 22769.501 GC heap after
Heap after GC invocations=257 (full 13):
 PSYoungGen      total 587776K, used 23649K [0x0000000795580000, 0x00000007bd400000, 0x00000007c0000000)
  eden space 530944K, 0% used [0x0000000795580000,0x0000000795580000,0x00000007b5c00000)
  from space 56832K, 41% used [0x00000007b9c80000,0x00000007bb398620,0x00000007bd400000)
  to   space 61440K, 0% used [0x00000007b5c00000,0x00000007b5c00000,0x00000007b9800000)
 ParOldGen       total 770048K, used 133311K [0x0000000740000000, 0x000000076f000000, 0x0000000795580000)
  object space 770048K, 17% used [0x0000000740000000,0x000000074822ff88,0x000000076f000000)
 Metaspace       used 181929K, capacity 193448K, committed 212440K, reserved 1234944K
  class space    used 21616K, capacity 23634K, committed 27136K, reserved 1048576K
}
Event: 22833.051 GC heap before
{Heap before GC invocations=258 (full 13):
 PSYoungGen      total 587776K, used 554593K [0x0000000795580000, 0x00000007bd400000, 0x00000007c0000000)
  eden space 530944K, 100% used [0x0000000795580000,0x00000007b5c00000,0x00000007b5c00000)
  from space 56832K, 41% used [0x00000007b9c80000,0x00000007bb398620,0x00000007bd400000)
  to   space 61440K, 0% used [0x00000007b5c00000,0x00000007b5c00000,0x00000007b9800000)
 ParOldGen       total 770048K, used 133311K [0x0000000740000000, 0x000000076f000000, 0x0000000795580000)
  object space 770048K, 17% used [0x0000000740000000,0x000000074822ff88,0x000000076f000000)
 Metaspace       used 181957K, capacity 193512K, committed 212440K, reserved 1234944K
  class space    used 21616K, capacity 23634K, committed 27136K, reserved 1048576K
Event: 22833.098 GC heap after
Heap after GC invocations=258 (full 13):
 PSYoungGen      total 592384K, used 22036K [0x0000000795580000, 0x00000007bd480000, 0x00000007c0000000)
  eden space 530944K, 0% used [0x0000000795580000,0x0000000795580000,0x00000007b5c00000)
  from space 61440K, 35% used [0x00000007b5c00000,0x00000007b71850a0,0x00000007b9800000)
  to   space 58880K, 0% used [0x00000007b9b00000,0x00000007b9b00000,0x00000007bd480000)
 ParOldGen       total 770048K, used 133327K [0x0000000740000000, 0x000000076f000000, 0x0000000795580000)
  object space 770048K, 17% used [0x0000000740000000,0x0000000748233f88,0x000000076f000000)
 Metaspace       used 181957K, capacity 193512K, committed 212440K, reserved 1234944K
  class space    used 21616K, capacity 23634K, committed 27136K, reserved 1048576K
}
Event: 23074.358 GC heap before
{Heap before GC invocations=259 (full 13):
 PSYoungGen      total 592384K, used 552980K [0x0000000795580000, 0x00000007bd480000, 0x00000007c0000000)
  eden space 530944K, 100% used [0x0000000795580000,0x00000007b5c00000,0x00000007b5c00000)
  from space 61440K, 35% used [0x00000007b5c00000,0x00000007b71850a0,0x00000007b9800000)
  to   space 58880K, 0% used [0x00000007b9b00000,0x00000007b9b00000,0x00000007bd480000)
 ParOldGen       total 770048K, used 133327K [0x0000000740000000, 0x000000076f000000, 0x0000000795580000)
  object space 770048K, 17% used [0x0000000740000000,0x0000000748233f88,0x000000076f000000)
 Metaspace       used 181973K, capacity 193512K, committed 212440K, reserved 1234944K
  class space    used 21616K, capacity 23634K, committed 27136K, reserved 1048576K
Event: 23074.502 GC heap after
Heap after GC invocations=259 (full 13):
 PSYoungGen      total 591360K, used 15312K [0x0000000795580000, 0x00000007bd180000, 0x00000007c0000000)
  eden space 535552K, 0% used [0x0000000795580000,0x0000000795580000,0x00000007b6080000)
  from space 55808K, 27% used [0x00000007b9b00000,0x00000007ba9f4020,0x00000007bd180000)
  to   space 57856K, 0% used [0x00000007b6080000,0x00000007b6080000,0x00000007b9900000)
 ParOldGen       total 770048K, used 133591K [0x0000000740000000, 0x000000076f000000, 0x0000000795580000)
  object space 770048K, 17% used [0x0000000740000000,0x0000000748275f88,0x000000076f000000)
 Metaspace       used 181973K, capacity 193512K, committed 212440K, reserved 1234944K
  class space    used 21616K, capacity 23634K, committed 27136K, reserved 1048576K
}
Event: 23084.644 GC heap before
{Heap before GC invocations=260 (full 13):
 PSYoungGen      total 591360K, used 550864K [0x0000000795580000, 0x00000007bd180000, 0x00000007c0000000)
  eden space 535552K, 100% used [0x0000000795580000,0x00000007b6080000,0x00000007b6080000)
  from space 55808K, 27% used [0x00000007b9b00000,0x00000007ba9f4020,0x00000007bd180000)
  to   space 57856K, 0% used [0x00000007b6080000,0x00000007b6080000,0x00000007b9900000)
 ParOldGen       total 770048K, used 133591K [0x0000000740000000, 0x000000076f000000, 0x0000000795580000)
  object space 770048K, 17% used [0x0000000740000000,0x0000000748275f88,0x000000076f000000)
 Metaspace       used 181988K, capacity 193512K, committed 212440K, reserved 1234944K
  class space    used 21616K, capacity 23634K, committed 27136K, reserved 1048576K
Event: 23084.703 GC heap after
Heap after GC invocations=260 (full 13):
 PSYoungGen      total 593408K, used 24562K [0x0000000795580000, 0x00000007bd200000, 0x00000007c0000000)
  eden space 535552K, 0% used [0x0000000795580000,0x0000000795580000,0x00000007b6080000)
  from space 57856K, 42% used [0x00000007b6080000,0x00000007b787c838,0x00000007b9900000)
  to   space 54784K, 0% used [0x00000007b9c80000,0x00000007b9c80000,0x00000007bd200000)
 ParOldGen       total 770048K, used 133615K [0x0000000740000000, 0x000000076f000000, 0x0000000795580000)
  object space 770048K, 17% used [0x0000000740000000,0x000000074827bf88,0x000000076f000000)
 Metaspace       used 181988K, capacity 193512K, committed 212440K, reserved 1234944K
  class space    used 21616K, capacity 23634K, committed 27136K, reserved 1048576K
}
Event: 23386.603 GC heap before
{Heap before GC invocations=261 (full 13):
 PSYoungGen      total 593408K, used 560114K [0x0000000795580000, 0x00000007bd200000, 0x00000007c0000000)
  eden space 535552K, 100% used [0x0000000795580000,0x00000007b6080000,0x00000007b6080000)
  from space 57856K, 42% used [0x00000007b6080000,0x00000007b787c838,0x00000007b9900000)
  to   space 54784K, 0% used [0x00000007b9c80000,0x00000007b9c80000,0x00000007bd200000)
 ParOldGen       total 770048K, used 133615K [0x0000000740000000, 0x000000076f000000, 0x0000000795580000)
  object space 770048K, 17% used [0x0000000740000000,0x000000074827bf88,0x000000076f000000)
 Metaspace       used 182015K, capacity 193516K, committed 212440K, reserved 1234944K
  class space    used 21617K, capacity 23634K, committed 27136K, reserved 1048576K

