# JRE version: OpenJDK Runtime Environment (8.0_242) (build 1.8.0_242-release-1644-b3-6222593)
# Java VM: OpenJDK 64-Bit Server VM (25.242-b3-6222593 mixed mode bsd-amd64 compressed oops)
Heap:
 PSYoungGen      total 465920K, used 248295K [0x0000000795580000, 0x00000007c0000000, 0x00000007c0000000)
  eden space 232960K, 30% used [0x0000000795580000,0x00000007999d83f8,0x00000007a3900000)
  from space 232960K, 76% used [0x00000007a3900000,0x00000007ae721b40,0x00000007b1c80000)
  to   space 232960K, 0% used [0x00000007b1c80000,0x00000007b1c80000,0x00000007c0000000)
 ParOldGen       total 451584K, used 283009K [0x0000000740000000, 0x000000075b900000, 0x0000000795580000)
  object space 451584K, 62% used [0x0000000740000000,0x00000007514605d0,0x000000075b900000)
 Metaspace       used 113131K, capacity 122818K, committed 123096K, reserved 1157120K
  class space    used 14344K, capacity 16060K, committed 16128K, reserved 1048576K
GC Heap History (10 events):
Event: 7822.431 GC heap before
{Heap before GC invocations=78 (full 7):
 PSYoungGen      total 403968K, used 403962K [0x0000000795580000, 0x00000007c0000000, 0x00000007c0000000)
  eden space 232960K, 100% used [0x0000000795580000,0x00000007a3900000,0x00000007a3900000)
  from space 171008K, 99% used [0x00000007b5900000,0x00000007bfffebc8,0x00000007c0000000)
  to   space 232960K, 0% used [0x00000007a3900000,0x00000007a3900000,0x00000007b1c80000)
 ParOldGen       total 451584K, used 259003K [0x0000000740000000, 0x000000075b900000, 0x0000000795580000)
  object space 451584K, 57% used [0x0000000740000000,0x000000074fceed50,0x000000075b900000)
 Metaspace       used 112772K, capacity 122418K, committed 122584K, reserved 1155072K
  class space    used 14335K, capacity 16024K, committed 16128K, reserved 1048576K
Event: 7822.705 GC heap after
Heap after GC invocations=78 (full 7):
 PSYoungGen      total 465920K, used 178662K [0x0000000795580000, 0x00000007c0000000, 0x00000007c0000000)
  eden space 232960K, 0% used [0x0000000795580000,0x0000000795580000,0x00000007a3900000)
  from space 232960K, 76% used [0x00000007a3900000,0x00000007ae779940,0x00000007b1c80000)
  to   space 232960K, 0% used [0x00000007b1c80000,0x00000007b1c80000,0x00000007c0000000)
 ParOldGen       total 451584K, used 259011K [0x0000000740000000, 0x000000075b900000, 0x0000000795580000)
  object space 451584K, 57% used [0x0000000740000000,0x000000074fcf0d50,0x000000075b900000)
 Metaspace       used 112772K, capacity 122418K, committed 122584K, reserved 1155072K
  class space    used 14335K, capacity 16024K, committed 16128K, reserved 1048576K
}
Event: 7823.326 GC heap before
{Heap before GC invocations=79 (full 7):
 PSYoungGen      total 465920K, used 411622K [0x0000000795580000, 0x00000007c0000000, 0x00000007c0000000)
  eden space 232960K, 100% used [0x0000000795580000,0x00000007a3900000,0x00000007a3900000)
  from space 232960K, 76% used [0x00000007a3900000,0x00000007ae779940,0x00000007b1c80000)
  to   space 232960K, 0% used [0x00000007b1c80000,0x00000007b1c80000,0x00000007c0000000)
 ParOldGen       total 451584K, used 259011K [0x0000000740000000, 0x000000075b900000, 0x0000000795580000)
  object space 451584K, 57% used [0x0000000740000000,0x000000074fcf0d50,0x000000075b900000)
 Metaspace       used 112918K, capacity 122562K, committed 122840K, reserved 1157120K
  class space    used 14338K, capacity 16026K, committed 16128K, reserved 1048576K
Event: 7823.561 GC heap after
Heap after GC invocations=79 (full 7):
 PSYoungGen      total 465920K, used 174797K [0x0000000795580000, 0x00000007c0000000, 0x00000007c0000000)
  eden space 232960K, 0% used [0x0000000795580000,0x0000000795580000,0x00000007a3900000)
  from space 232960K, 75% used [0x00000007b1c80000,0x00000007bc7337e0,0x00000007c0000000)
  to   space 232960K, 0% used [0x00000007a3900000,0x00000007a3900000,0x00000007b1c80000)
 ParOldGen       total 451584K, used 259019K [0x0000000740000000, 0x000000075b900000, 0x0000000795580000)
  object space 451584K, 57% used [0x0000000740000000,0x000000074fcf2d50,0x000000075b900000)
 Metaspace       used 112918K, capacity 122562K, committed 122840K, reserved 1157120K
  class space    used 14338K, capacity 16026K, committed 16128K, reserved 1048576K
}
Event: 7824.178 GC heap before
{Heap before GC invocations=80 (full 7):
 PSYoungGen      total 465920K, used 407757K [0x0000000795580000, 0x00000007c0000000, 0x00000007c0000000)
  eden space 232960K, 100% used [0x0000000795580000,0x00000007a3900000,0x00000007a3900000)
  from space 232960K, 75% used [0x00000007b1c80000,0x00000007bc7337e0,0x00000007c0000000)
  to   space 232960K, 0% used [0x00000007a3900000,0x00000007a3900000,0x00000007b1c80000)
 ParOldGen       total 451584K, used 259019K [0x0000000740000000, 0x000000075b900000, 0x0000000795580000)
  object space 451584K, 57% used [0x0000000740000000,0x000000074fcf2d50,0x000000075b900000)
 Metaspace       used 113015K, capacity 122700K, committed 123096K, reserved 1157120K
  class space    used 14339K, capacity 16027K, committed 16128K, reserved 1048576K
Event: 7824.492 GC heap after
Heap after GC invocations=80 (full 7):
 PSYoungGen      total 465920K, used 167315K [0x0000000795580000, 0x00000007c0000000, 0x00000007c0000000)
  eden space 232960K, 0% used [0x0000000795580000,0x0000000795580000,0x00000007a3900000)
  from space 232960K, 71% used [0x00000007a3900000,0x00000007adc64e68,0x00000007b1c80000)
  to   space 232960K, 0% used [0x00000007b1c80000,0x00000007b1c80000,0x00000007c0000000)
 ParOldGen       total 451584K, used 259027K [0x0000000740000000, 0x000000075b900000, 0x0000000795580000)
  object space 451584K, 57% used [0x0000000740000000,0x000000074fcf4d50,0x000000075b900000)
 Metaspace       used 113015K, capacity 122700K, committed 123096K, reserved 1157120K
  class space    used 14339K, capacity 16027K, committed 16128K, reserved 1048576K
}
Event: 7825.074 GC heap before
{Heap before GC invocations=81 (full 7):
 PSYoungGen      total 465920K, used 400275K [0x0000000795580000, 0x00000007c0000000, 0x00000007c0000000)
  eden space 232960K, 100% used [0x0000000795580000,0x00000007a3900000,0x00000007a3900000)
  from space 232960K, 71% used [0x00000007a3900000,0x00000007adc64e68,0x00000007b1c80000)
  to   space 232960K, 0% used [0x00000007b1c80000,0x00000007b1c80000,0x00000007c0000000)
 ParOldGen       total 451584K, used 259027K [0x0000000740000000, 0x000000075b900000, 0x0000000795580000)
  object space 451584K, 57% used [0x0000000740000000,0x000000074fcf4d50,0x000000075b900000)
 Metaspace       used 113074K, capacity 122740K, committed 123096K, reserved 1157120K
  class space    used 14340K, capacity 16059K, committed 16128K, reserved 1048576K
Event: 7825.444 GC heap after
Heap after GC invocations=81 (full 7):
 PSYoungGen      total 465920K, used 176130K [0x0000000795580000, 0x00000007c0000000, 0x00000007c0000000)
  eden space 232960K, 0% used [0x0000000795580000,0x0000000795580000,0x00000007a3900000)
  from space 232960K, 75% used [0x00000007b1c80000,0x00000007bc880ae8,0x00000007c0000000)
  to   space 232960K, 0% used [0x00000007a3900000,0x00000007a3900000,0x00000007b1c80000)
 ParOldGen       total 451584K, used 259035K [0x0000000740000000, 0x000000075b900000, 0x0000000795580000)
  object space 451584K, 57% used [0x0000000740000000,0x000000074fcf6d50,0x000000075b900000)
 Metaspace       used 113074K, capacity 122740K, committed 123096K, reserved 1157120K
  class space    used 14340K, capacity 16059K, committed 16128K, reserved 1048576K
}
Event: 7826.077 GC heap before
{Heap before GC invocations=82 (full 7):
 PSYoungGen      total 465920K, used 409090K [0x0000000795580000, 0x00000007c0000000, 0x00000007c0000000)
  eden space 232960K, 100% used [0x0000000795580000,0x00000007a3900000,0x00000007a3900000)
  from space 232960K, 75% used [0x00000007b1c80000,0x00000007bc880ae8,0x00000007c0000000)
  to   space 232960K, 0% used [0x00000007a3900000,0x00000007a3900000,0x00000007b1c80000)
 ParOldGen       total 451584K, used 259035K [0x0000000740000000, 0x000000075b900000, 0x0000000795580000)
  object space 451584K, 57% used [0x0000000740000000,0x000000074fcf6d50,0x000000075b900000)
 Metaspace       used 113128K, capacity 122818K, committed 123096K, reserved 1157120K
  class space    used 14344K, capacity 16060K, committed 16128K, reserved 1048576K
Event: 7826.605 GC heap after
Heap after GC invocations=82 (full 7):
 PSYoungGen      total 465920K, used 178310K [0x0000000795580000, 0x00000007c0000000, 0x00000007c0000000)
  eden space 232960K, 0% used [0x0000000795580000,0x0000000795580000,0x00000007a3900000)
  from space 232960K, 76% used [0x00000007a3900000,0x00000007ae721b40,0x00000007b1c80000)
  to   space 232960K, 0% used [0x00000007b1c80000,0x00000007b1c80000,0x00000007c0000000)
 ParOldGen       total 451584K, used 283009K [0x0000000740000000, 0x000000075b900000, 0x0000000795580000)
  object space 451584K, 62% used [0x0000000740000000,0x00000007514605d0,0x000000075b900000)
 Metaspace       used 113128K, capacity 122818K, committed 123096K, reserved 1157120K
  class space    used 14344K, capacity 16060K, committed 16128K, reserved 1048576K
}

