# JRE version: OpenJDK Runtime Environment (8.0_242) (build 1.8.0_242-release-1644-b3-6222593)
# Java VM: OpenJDK 64-Bit Server VM (25.242-b3-6222593 mixed mode bsd-amd64 compressed oops)
Heap:
 PSYoungGen      total 309248K, used 308819K [0x0000000795580000, 0x00000007bfc00000, 0x00000007c0000000)
  eden space 232960K, 99% used [0x0000000795580000,0x00000007a38fc518,0x00000007a3900000)
  from space 76288K, 99% used [0x00000007a3900000,0x00000007a83188e0,0x00000007a8380000)
  to   space 230912K, 7% used [0x00000007b1a80000,0x00000007b2bf8040,0x00000007bfc00000)
 ParOldGen       total 556544K, used 479419K [0x0000000740000000, 0x0000000761f80000, 0x0000000795580000)
  object space 556544K, 86% used [0x0000000740000000,0x000000075d42ed28,0x0000000761f80000)
 Metaspace       used 198331K, capacity 209752K, committed 339288K, reserved 1343488K
  class space    used 23223K, capacity 25198K, committed 44416K, reserved 1048576K
GC Heap History (10 events):
Event: 19431.283 GC heap after
Heap after GC invocations=319 (full 16):
 PSYoungGen      total 453120K, used 187061K [0x0000000795580000, 0x00000007c0000000, 0x00000007c0000000)
  eden space 265728K, 0% used [0x0000000795580000,0x0000000795580000,0x00000007a5900000)
  from space 187392K, 99% used [0x00000007a5900000,0x00000007b0fad610,0x00000007b1000000)
  to   space 232960K, 0% used [0x00000007b1c80000,0x00000007b1c80000,0x00000007c0000000)
 ParOldGen       total 556544K, used 423963K [0x0000000740000000, 0x0000000761f80000, 0x0000000795580000)
  object space 556544K, 76% used [0x0000000740000000,0x0000000759e06d08,0x0000000761f80000)
 Metaspace       used 198296K, capacity 209732K, committed 339288K, reserved 1343488K
  class space    used 23220K, capacity 25194K, committed 44416K, reserved 1048576K
}
Event: 19442.697 GC heap before
{Heap before GC invocations=320 (full 16):
 PSYoungGen      total 453120K, used 452789K [0x0000000795580000, 0x00000007c0000000, 0x00000007c0000000)
  eden space 265728K, 100% used [0x0000000795580000,0x00000007a5900000,0x00000007a5900000)
  from space 187392K, 99% used [0x00000007a5900000,0x00000007b0fad610,0x00000007b1000000)
  to   space 232960K, 0% used [0x00000007b1c80000,0x00000007b1c80000,0x00000007c0000000)
 ParOldGen       total 556544K, used 423963K [0x0000000740000000, 0x0000000761f80000, 0x0000000795580000)
  object space 556544K, 76% used [0x0000000740000000,0x0000000759e06d08,0x0000000761f80000)
 Metaspace       used 198318K, capacity 209752K, committed 339288K, reserved 1343488K
  class space    used 23223K, capacity 25198K, committed 44416K, reserved 1048576K
Event: 19442.983 GC heap after
Heap after GC invocations=320 (full 16):
 PSYoungGen      total 465920K, used 128486K [0x0000000795580000, 0x00000007c0000000, 0x00000007c0000000)
  eden space 232960K, 0% used [0x0000000795580000,0x0000000795580000,0x00000007a3900000)
  from space 232960K, 55% used [0x00000007b1c80000,0x00000007b99f9bf0,0x00000007c0000000)
  to   space 232960K, 0% used [0x00000007a3900000,0x00000007a3900000,0x00000007b1c80000)
 ParOldGen       total 556544K, used 423987K [0x0000000740000000, 0x0000000761f80000, 0x0000000795580000)
  object space 556544K, 76% used [0x0000000740000000,0x0000000759e0cd08,0x0000000761f80000)
 Metaspace       used 198318K, capacity 209752K, committed 339288K, reserved 1343488K
  class space    used 23223K, capacity 25198K, committed 44416K, reserved 1048576K
}
Event: 19443.452 GC heap before
{Heap before GC invocations=321 (full 16):
 PSYoungGen      total 465920K, used 361446K [0x0000000795580000, 0x00000007c0000000, 0x00000007c0000000)
  eden space 232960K, 100% used [0x0000000795580000,0x00000007a3900000,0x00000007a3900000)
  from space 232960K, 55% used [0x00000007b1c80000,0x00000007b99f9bf0,0x00000007c0000000)
  to   space 232960K, 0% used [0x00000007a3900000,0x00000007a3900000,0x00000007b1c80000)
 ParOldGen       total 556544K, used 423987K [0x0000000740000000, 0x0000000761f80000, 0x0000000795580000)
  object space 556544K, 76% used [0x0000000740000000,0x0000000759e0cd08,0x0000000761f80000)
 Metaspace       used 198319K, capacity 209752K, committed 339288K, reserved 1343488K
  class space    used 23223K, capacity 25198K, committed 44416K, reserved 1048576K
Event: 19443.700 GC heap after
Heap after GC invocations=321 (full 16):
 PSYoungGen      total 465920K, used 136475K [0x0000000795580000, 0x00000007c0000000, 0x00000007c0000000)
  eden space 232960K, 0% used [0x0000000795580000,0x0000000795580000,0x00000007a3900000)
  from space 232960K, 58% used [0x00000007a3900000,0x00000007abe46f80,0x00000007b1c80000)
  to   space 232960K, 0% used [0x00000007b1c80000,0x00000007b1c80000,0x00000007c0000000)
 ParOldGen       total 556544K, used 424011K [0x0000000740000000, 0x0000000761f80000, 0x0000000795580000)
  object space 556544K, 76% used [0x0000000740000000,0x0000000759e12d08,0x0000000761f80000)
 Metaspace       used 198319K, capacity 209752K, committed 339288K, reserved 1343488K
  class space    used 23223K, capacity 25198K, committed 44416K, reserved 1048576K
}
Event: 19444.462 GC heap before
{Heap before GC invocations=322 (full 16):
 PSYoungGen      total 465920K, used 369435K [0x0000000795580000, 0x00000007c0000000, 0x00000007c0000000)
  eden space 232960K, 100% used [0x0000000795580000,0x00000007a3900000,0x00000007a3900000)
  from space 232960K, 58% used [0x00000007a3900000,0x00000007abe46f80,0x00000007b1c80000)
  to   space 232960K, 0% used [0x00000007b1c80000,0x00000007b1c80000,0x00000007c0000000)
 ParOldGen       total 556544K, used 424011K [0x0000000740000000, 0x0000000761f80000, 0x0000000795580000)
  object space 556544K, 76% used [0x0000000740000000,0x0000000759e12d08,0x0000000761f80000)
 Metaspace       used 198320K, capacity 209752K, committed 339288K, reserved 1343488K
  class space    used 23223K, capacity 25198K, committed 44416K, reserved 1048576K
Event: 19444.875 GC heap after
Heap after GC invocations=322 (full 16):
 PSYoungGen      total 465920K, used 139034K [0x0000000795580000, 0x00000007c0000000, 0x00000007c0000000)
  eden space 232960K, 0% used [0x0000000795580000,0x0000000795580000,0x00000007a3900000)
  from space 232960K, 59% used [0x00000007b1c80000,0x00000007ba446850,0x00000007c0000000)
  to   space 232960K, 0% used [0x00000007a3900000,0x00000007a3900000,0x00000007b1c80000)
 ParOldGen       total 556544K, used 435341K [0x0000000740000000, 0x0000000761f80000, 0x0000000795580000)
  object space 556544K, 78% used [0x0000000740000000,0x000000075a9234d0,0x0000000761f80000)
 Metaspace       used 198320K, capacity 209752K, committed 339288K, reserved 1343488K
  class space    used 23223K, capacity 25198K, committed 44416K, reserved 1048576K
}
Event: 19445.978 GC heap before
{Heap before GC invocations=323 (full 16):
 PSYoungGen      total 465920K, used 371994K [0x0000000795580000, 0x00000007c0000000, 0x00000007c0000000)
  eden space 232960K, 100% used [0x0000000795580000,0x00000007a3900000,0x00000007a3900000)
  from space 232960K, 59% used [0x00000007b1c80000,0x00000007ba446850,0x00000007c0000000)
  to   space 232960K, 0% used [0x00000007a3900000,0x00000007a3900000,0x00000007b1c80000)
 ParOldGen       total 556544K, used 435341K [0x0000000740000000, 0x0000000761f80000, 0x0000000795580000)
  object space 556544K, 78% used [0x0000000740000000,0x000000075a9234d0,0x0000000761f80000)
 Metaspace       used 198321K, capacity 209752K, committed 339288K, reserved 1343488K
  class space    used 23223K, capacity 25198K, committed 44416K, reserved 1048576K
Event: 19446.425 GC heap after
Heap after GC invocations=323 (full 16):
 PSYoungGen      total 309248K, used 75874K [0x0000000795580000, 0x00000007bfc00000, 0x00000007c0000000)
  eden space 232960K, 0% used [0x0000000795580000,0x0000000795580000,0x00000007a3900000)
  from space 76288K, 99% used [0x00000007a3900000,0x00000007a83188e0,0x00000007a8380000)
  to   space 230912K, 0% used [0x00000007b1a80000,0x00000007b1a80000,0x00000007bfc00000)
 ParOldGen       total 556544K, used 458003K [0x0000000740000000, 0x0000000761f80000, 0x0000000795580000)
  object space 556544K, 82% used [0x0000000740000000,0x000000075bf44ea0,0x0000000761f80000)
 Metaspace       used 198321K, capacity 209752K, committed 339288K, reserved 1343488K
  class space    used 23223K, capacity 25198K, committed 44416K, reserved 1048576K
}
Event: 19518.779 GC heap before
{Heap before GC invocations=324 (full 16):
 PSYoungGen      total 309248K, used 308819K [0x0000000795580000, 0x00000007bfc00000, 0x00000007c0000000)
  eden space 232960K, 99% used [0x0000000795580000,0x00000007a38fc518,0x00000007a3900000)
  from space 76288K, 99% used [0x00000007a3900000,0x00000007a83188e0,0x00000007a8380000)
  to   space 230912K, 0% used [0x00000007b1a80000,0x00000007b1a80000,0x00000007bfc00000)
 ParOldGen       total 556544K, used 458003K [0x0000000740000000, 0x0000000761f80000, 0x0000000795580000)
  object space 556544K, 82% used [0x0000000740000000,0x000000075bf44ea0,0x0000000761f80000)
 Metaspace       used 198331K, capacity 209752K, committed 339288K, reserved 1343488K
  class space    used 23223K, capacity 25198K, committed 44416K, reserved 1048576K

