# JRE version: OpenJDK Runtime Environment (8.0_242) (build 1.8.0_242-release-1644-b3-6222593)
# Java VM: OpenJDK 64-Bit Server VM (25.242-b3-6222593 mixed mode bsd-amd64 compressed oops)
Heap:
 PSYoungGen      total 571392K, used 129732K [0x0000000795580000, 0x00000007bf800000, 0x00000007c0000000)
  eden space 447488K, 18% used [0x0000000795580000,0x000000079a6398a0,0x00000007b0a80000)
  from space 123904K, 37% used [0x00000007b0a80000,0x00000007b3877930,0x00000007b8380000)
  to   space 116736K, 0% used [0x00000007b8600000,0x00000007b8600000,0x00000007bf800000)
 ParOldGen       total 288256K, used 142664K [0x0000000740000000, 0x0000000751980000, 0x0000000795580000)
  object space 288256K, 49% used [0x0000000740000000,0x0000000748b52140,0x0000000751980000)
 Metaspace       used 170651K, capacity 179318K, committed 179416K, reserved 1206272K
  class space    used 20653K, capacity 22155K, committed 22232K, reserved 1048576K
GC Heap History (10 events):
Event: 3347.287 GC heap before
{Heap before GC invocations=52 (full 5):
 PSYoungGen      total 561664K, used 451527K [0x0000000795580000, 0x00000007bfa80000, 0x00000007c0000000)
  eden space 433152K, 100% used [0x0000000795580000,0x00000007afc80000,0x00000007afc80000)
  from space 128512K, 14% used [0x00000007b7d00000,0x00000007b8ef1cc0,0x00000007bfa80000)
  to   space 130048K, 0% used [0x00000007afc80000,0x00000007afc80000,0x00000007b7b80000)
 ParOldGen       total 288256K, used 142424K [0x0000000740000000, 0x0000000751980000, 0x0000000795580000)
  object space 288256K, 49% used [0x0000000740000000,0x0000000748b16130,0x0000000751980000)
 Metaspace       used 162893K, capacity 171078K, committed 171480K, reserved 1200128K
  class space    used 19811K, capacity 21261K, committed 21464K, reserved 1048576K
Event: 3347.346 GC heap after
Heap after GC invocations=52 (full 5):
 PSYoungGen      total 563200K, used 28746K [0x0000000795580000, 0x00000007bf980000, 0x00000007c0000000)
  eden space 433152K, 0% used [0x0000000795580000,0x0000000795580000,0x00000007afc80000)
  from space 130048K, 22% used [0x00000007afc80000,0x00000007b1892b10,0x00000007b7b80000)
  to   space 125952K, 0% used [0x00000007b7e80000,0x00000007b7e80000,0x00000007bf980000)
 ParOldGen       total 288256K, used 142432K [0x0000000740000000, 0x0000000751980000, 0x0000000795580000)
  object space 288256K, 49% used [0x0000000740000000,0x0000000748b18130,0x0000000751980000)
 Metaspace       used 162893K, capacity 171078K, committed 171480K, reserved 1200128K
  class space    used 19811K, capacity 21261K, committed 21464K, reserved 1048576K
}
Event: 4099.433 GC heap before
{Heap before GC invocations=53 (full 5):
 PSYoungGen      total 563200K, used 461898K [0x0000000795580000, 0x00000007bf980000, 0x00000007c0000000)
  eden space 433152K, 100% used [0x0000000795580000,0x00000007afc80000,0x00000007afc80000)
  from space 130048K, 22% used [0x00000007afc80000,0x00000007b1892b10,0x00000007b7b80000)
  to   space 125952K, 0% used [0x00000007b7e80000,0x00000007b7e80000,0x00000007bf980000)
 ParOldGen       total 288256K, used 142432K [0x0000000740000000, 0x0000000751980000, 0x0000000795580000)
  object space 288256K, 49% used [0x0000000740000000,0x0000000748b18130,0x0000000751980000)
 Metaspace       used 163098K, capacity 171466K, committed 171736K, reserved 1200128K
  class space    used 19841K, capacity 21315K, committed 21464K, reserved 1048576K
Event: 4099.624 GC heap after
Heap after GC invocations=53 (full 5):
 PSYoungGen      total 565248K, used 20606K [0x0000000795580000, 0x00000007bf600000, 0x00000007c0000000)
  eden space 442880K, 0% used [0x0000000795580000,0x0000000795580000,0x00000007b0600000)
  from space 122368K, 16% used [0x00000007b7e80000,0x00000007b929f938,0x00000007bf600000)
  to   space 122880K, 0% used [0x00000007b0600000,0x00000007b0600000,0x00000007b7e00000)
 ParOldGen       total 288256K, used 142440K [0x0000000740000000, 0x0000000751980000, 0x0000000795580000)
  object space 288256K, 49% used [0x0000000740000000,0x0000000748b1a130,0x0000000751980000)
 Metaspace       used 163098K, capacity 171466K, committed 171736K, reserved 1200128K
  class space    used 19841K, capacity 21315K, committed 21464K, reserved 1048576K
}
Event: 4106.086 GC heap before
{Heap before GC invocations=54 (full 5):
 PSYoungGen      total 565248K, used 463486K [0x0000000795580000, 0x00000007bf600000, 0x00000007c0000000)
  eden space 442880K, 100% used [0x0000000795580000,0x00000007b0600000,0x00000007b0600000)
  from space 122368K, 16% used [0x00000007b7e80000,0x00000007b929f938,0x00000007bf600000)
  to   space 122880K, 0% used [0x00000007b0600000,0x00000007b0600000,0x00000007b7e00000)
 ParOldGen       total 288256K, used 142440K [0x0000000740000000, 0x0000000751980000, 0x0000000795580000)
  object space 288256K, 49% used [0x0000000740000000,0x0000000748b1a130,0x0000000751980000)
 Metaspace       used 163162K, capacity 171536K, committed 171736K, reserved 1200128K
  class space    used 19842K, capacity 21316K, committed 21464K, reserved 1048576K
Event: 4106.194 GC heap after
Heap after GC invocations=54 (full 5):
 PSYoungGen      total 565760K, used 29258K [0x0000000795580000, 0x00000007bf680000, 0x00000007c0000000)
  eden space 442880K, 0% used [0x0000000795580000,0x0000000795580000,0x00000007b0600000)
  from space 122880K, 23% used [0x00000007b0600000,0x00000007b2292b50,0x00000007b7e00000)
  to   space 117760K, 0% used [0x00000007b8380000,0x00000007b8380000,0x00000007bf680000)
 ParOldGen       total 288256K, used 142448K [0x0000000740000000, 0x0000000751980000, 0x0000000795580000)
  object space 288256K, 49% used [0x0000000740000000,0x0000000748b1c130,0x0000000751980000)
 Metaspace       used 163162K, capacity 171536K, committed 171736K, reserved 1200128K
  class space    used 19842K, capacity 21316K, committed 21464K, reserved 1048576K
}
Event: 4119.728 GC heap before
{Heap before GC invocations=55 (full 5):
 PSYoungGen      total 565760K, used 472138K [0x0000000795580000, 0x00000007bf680000, 0x00000007c0000000)
  eden space 442880K, 100% used [0x0000000795580000,0x00000007b0600000,0x00000007b0600000)
  from space 122880K, 23% used [0x00000007b0600000,0x00000007b2292b50,0x00000007b7e00000)
  to   space 117760K, 0% used [0x00000007b8380000,0x00000007b8380000,0x00000007bf680000)
 ParOldGen       total 288256K, used 142448K [0x0000000740000000, 0x0000000751980000, 0x0000000795580000)
  object space 288256K, 49% used [0x0000000740000000,0x0000000748b1c130,0x0000000751980000)
 Metaspace       used 166524K, capacity 174910K, committed 175320K, reserved 1202176K
  class space    used 20129K, capacity 21613K, committed 21720K, reserved 1048576K
Event: 4120.214 GC heap after
Heap after GC invocations=55 (full 5):
 PSYoungGen      total 565248K, used 81050K [0x0000000795580000, 0x00000007c0000000, 0x00000007c0000000)
  eden space 447488K, 0% used [0x0000000795580000,0x0000000795580000,0x00000007b0a80000)
  from space 117760K, 68% used [0x00000007b8380000,0x00000007bd2a6840,0x00000007bf680000)
  to   space 123904K, 0% used [0x00000007b0a80000,0x00000007b0a80000,0x00000007b8380000)
 ParOldGen       total 288256K, used 142448K [0x0000000740000000, 0x0000000751980000, 0x0000000795580000)
  object space 288256K, 49% used [0x0000000740000000,0x0000000748b1c130,0x0000000751980000)
 Metaspace       used 166524K, capacity 174910K, committed 175320K, reserved 1202176K
  class space    used 20129K, capacity 21613K, committed 21720K, reserved 1048576K
}
Event: 4133.376 GC heap before
{Heap before GC invocations=56 (full 5):
 PSYoungGen      total 565248K, used 528538K [0x0000000795580000, 0x00000007c0000000, 0x00000007c0000000)
  eden space 447488K, 100% used [0x0000000795580000,0x00000007b0a80000,0x00000007b0a80000)
  from space 117760K, 68% used [0x00000007b8380000,0x00000007bd2a6840,0x00000007bf680000)
  to   space 123904K, 0% used [0x00000007b0a80000,0x00000007b0a80000,0x00000007b8380000)
 ParOldGen       total 288256K, used 142448K [0x0000000740000000, 0x0000000751980000, 0x0000000795580000)
  object space 288256K, 49% used [0x0000000740000000,0x0000000748b1c130,0x0000000751980000)
 Metaspace       used 170633K, capacity 179250K, committed 179416K, reserved 1206272K
  class space    used 20652K, capacity 22155K, committed 22232K, reserved 1048576K
Event: 4133.507 GC heap after
Heap after GC invocations=56 (full 5):
 PSYoungGen      total 571392K, used 47070K [0x0000000795580000, 0x00000007bf800000, 0x00000007c0000000)
  eden space 447488K, 0% used [0x0000000795580000,0x0000000795580000,0x00000007b0a80000)
  from space 123904K, 37% used [0x00000007b0a80000,0x00000007b3877930,0x00000007b8380000)
  to   space 116736K, 0% used [0x00000007b8600000,0x00000007b8600000,0x00000007bf800000)
 ParOldGen       total 288256K, used 142664K [0x0000000740000000, 0x0000000751980000, 0x0000000795580000)
  object space 288256K, 49% used [0x0000000740000000,0x0000000748b52140,0x0000000751980000)
 Metaspace       used 170633K, capacity 179250K, committed 179416K, reserved 1206272K
  class space    used 20652K, capacity 22155K, committed 22232K, reserved 1048576K
}

