# JRE version: OpenJDK Runtime Environment (8.0_242) (build 1.8.0_242-release-1644-b3-6222593)
# Java VM: OpenJDK 64-Bit Server VM (25.242-b3-6222593 mixed mode bsd-amd64 compressed oops)
Heap:
 PSYoungGen      total 482304K, used 179192K [0x0000000795580000, 0x00000007bd600000, 0x00000007c0000000)
  eden space 320512K, 47% used [0x0000000795580000,0x000000079eafdbd0,0x00000007a8e80000)
  from space 161792K, 16% used [0x00000007a8e80000,0x00000007aa800618,0x00000007b2c80000)
  to   space 151040K, 0% used [0x00000007b4280000,0x00000007b4280000,0x00000007bd600000)
 ParOldGen       total 831488K, used 483004K [0x0000000740000000, 0x0000000772c00000, 0x0000000795580000)
  object space 831488K, 58% used [0x0000000740000000,0x000000075d7af0f0,0x0000000772c00000)
 Metaspace       used 171258K, capacity 182476K, committed 227160K, reserved 1249280K
  class space    used 20436K, capacity 22366K, committed 28288K, reserved 1048576K
GC Heap History (10 events):
Event: 21203.722 GC heap before
{Heap before GC invocations=359 (full 20):
 PSYoungGen      total 467456K, used 282128K [0x0000000795580000, 0x00000007be100000, 0x00000007c0000000)
  eden space 265728K, 100% used [0x0000000795580000,0x00000007a5900000,0x00000007a5900000)
  from space 201728K, 8% used [0x00000007b1c00000,0x00000007b2c04050,0x00000007be100000)
  to   space 199680K, 0% used [0x00000007a5900000,0x00000007a5900000,0x00000007b1c00000)
 ParOldGen       total 831488K, used 454024K [0x0000000740000000, 0x0000000772c00000, 0x0000000795580000)
  object space 831488K, 54% used [0x0000000740000000,0x000000075bb62028,0x0000000772c00000)
 Metaspace       used 167013K, capacity 178156K, committed 227160K, reserved 1249280K
  class space    used 19977K, capacity 21904K, committed 28288K, reserved 1048576K
Event: 21204.023 GC heap after
Heap after GC invocations=359 (full 20):
 PSYoungGen      total 465408K, used 12888K [0x0000000795580000, 0x00000007beb80000, 0x00000007c0000000)
  eden space 265728K, 0% used [0x0000000795580000,0x0000000795580000,0x00000007a5900000)
  from space 199680K, 6% used [0x00000007a5900000,0x00000007a6596230,0x00000007b1c00000)
  to   space 190464K, 0% used [0x00000007b3180000,0x00000007b3180000,0x00000007beb80000)
 ParOldGen       total 831488K, used 465261K [0x0000000740000000, 0x0000000772c00000, 0x0000000795580000)
  object space 831488K, 55% used [0x0000000740000000,0x000000075c65b568,0x0000000772c00000)
 Metaspace       used 167013K, capacity 178156K, committed 227160K, reserved 1249280K
  class space    used 19977K, capacity 21904K, committed 28288K, reserved 1048576K
}
Event: 21334.054 GC heap before
{Heap before GC invocations=360 (full 20):
 PSYoungGen      total 465408K, used 278616K [0x0000000795580000, 0x00000007beb80000, 0x00000007c0000000)
  eden space 265728K, 100% used [0x0000000795580000,0x00000007a5900000,0x00000007a5900000)
  from space 199680K, 6% used [0x00000007a5900000,0x00000007a6596230,0x00000007b1c00000)
  to   space 190464K, 0% used [0x00000007b3180000,0x00000007b3180000,0x00000007beb80000)
 ParOldGen       total 831488K, used 465261K [0x0000000740000000, 0x0000000772c00000, 0x0000000795580000)
  object space 831488K, 55% used [0x0000000740000000,0x000000075c65b568,0x0000000772c00000)
 Metaspace       used 167032K, capacity 178284K, committed 227160K, reserved 1249280K
  class space    used 19978K, capacity 21904K, committed 28288K, reserved 1048576K
Event: 21334.249 GC heap after
Heap after GC invocations=360 (full 20):
 PSYoungGen      total 458752K, used 21639K [0x0000000795580000, 0x00000007bd300000, 0x00000007c0000000)
  eden space 293376K, 0% used [0x0000000795580000,0x0000000795580000,0x00000007a7400000)
  from space 165376K, 13% used [0x00000007b3180000,0x00000007b46a1ce0,0x00000007bd300000)
  to   space 179712K, 0% used [0x00000007a7400000,0x00000007a7400000,0x00000007b2380000)
 ParOldGen       total 831488K, used 466444K [0x0000000740000000, 0x0000000772c00000, 0x0000000795580000)
  object space 831488K, 56% used [0x0000000740000000,0x000000075c7830c8,0x0000000772c00000)
 Metaspace       used 167032K, capacity 178284K, committed 227160K, reserved 1249280K
  class space    used 19978K, capacity 21904K, committed 28288K, reserved 1048576K
}
Event: 21339.423 GC heap before
{Heap before GC invocations=361 (full 20):
 PSYoungGen      total 458752K, used 315015K [0x0000000795580000, 0x00000007bd300000, 0x00000007c0000000)
  eden space 293376K, 100% used [0x0000000795580000,0x00000007a7400000,0x00000007a7400000)
  from space 165376K, 13% used [0x00000007b3180000,0x00000007b46a1ce0,0x00000007bd300000)
  to   space 179712K, 0% used [0x00000007a7400000,0x00000007a7400000,0x00000007b2380000)
 ParOldGen       total 831488K, used 466444K [0x0000000740000000, 0x0000000772c00000, 0x0000000795580000)
  object space 831488K, 56% used [0x0000000740000000,0x000000075c7830c8,0x0000000772c00000)
 Metaspace       used 167097K, capacity 178284K, committed 227160K, reserved 1249280K
  class space    used 19978K, capacity 21904K, committed 28288K, reserved 1048576K
Event: 21339.583 GC heap after
Heap after GC invocations=361 (full 20):
 PSYoungGen      total 473088K, used 6779K [0x0000000795580000, 0x00000007be280000, 0x00000007c0000000)
  eden space 293376K, 0% used [0x0000000795580000,0x0000000795580000,0x00000007a7400000)
  from space 179712K, 3% used [0x00000007a7400000,0x00000007a7a9ec38,0x00000007b2380000)
  to   space 172032K, 0% used [0x00000007b3a80000,0x00000007b3a80000,0x00000007be280000)
 ParOldGen       total 831488K, used 481710K [0x0000000740000000, 0x0000000772c00000, 0x0000000795580000)
  object space 831488K, 57% used [0x0000000740000000,0x000000075d66ba60,0x0000000772c00000)
 Metaspace       used 167097K, capacity 178284K, committed 227160K, reserved 1249280K
  class space    used 19978K, capacity 21904K, committed 28288K, reserved 1048576K
}
Event: 21648.339 GC heap before
{Heap before GC invocations=362 (full 20):
 PSYoungGen      total 473088K, used 300155K [0x0000000795580000, 0x00000007be280000, 0x00000007c0000000)
  eden space 293376K, 100% used [0x0000000795580000,0x00000007a7400000,0x00000007a7400000)
  from space 179712K, 3% used [0x00000007a7400000,0x00000007a7a9ec38,0x00000007b2380000)
  to   space 172032K, 0% used [0x00000007b3a80000,0x00000007b3a80000,0x00000007be280000)
 ParOldGen       total 831488K, used 481710K [0x0000000740000000, 0x0000000772c00000, 0x0000000795580000)
  object space 831488K, 57% used [0x0000000740000000,0x000000075d66ba60,0x0000000772c00000)
 Metaspace       used 167103K, capacity 178284K, committed 227160K, reserved 1249280K
  class space    used 19978K, capacity 21904K, committed 28288K, reserved 1048576K
Event: 21648.558 GC heap after
Heap after GC invocations=362 (full 20):
 PSYoungGen      total 467968K, used 21735K [0x0000000795580000, 0x00000007bca80000, 0x00000007c0000000)
  eden space 320512K, 0% used [0x0000000795580000,0x0000000795580000,0x00000007a8e80000)
  from space 147456K, 14% used [0x00000007b3a80000,0x00000007b4fb9d58,0x00000007bca80000)
  to   space 161792K, 0% used [0x00000007a8e80000,0x00000007a8e80000,0x00000007b2c80000)
 ParOldGen       total 831488K, used 483004K [0x0000000740000000, 0x0000000772c00000, 0x0000000795580000)
  object space 831488K, 58% used [0x0000000740000000,0x000000075d7af0f0,0x0000000772c00000)
 Metaspace       used 167103K, capacity 178284K, committed 227160K, reserved 1249280K
  class space    used 19978K, capacity 21904K, committed 28288K, reserved 1048576K
}
Event: 21653.447 GC heap before
{Heap before GC invocations=363 (full 20):
 PSYoungGen      total 467968K, used 342247K [0x0000000795580000, 0x00000007bca80000, 0x00000007c0000000)
  eden space 320512K, 100% used [0x0000000795580000,0x00000007a8e80000,0x00000007a8e80000)
  from space 147456K, 14% used [0x00000007b3a80000,0x00000007b4fb9d58,0x00000007bca80000)
  to   space 161792K, 0% used [0x00000007a8e80000,0x00000007a8e80000,0x00000007b2c80000)
 ParOldGen       total 831488K, used 483004K [0x0000000740000000, 0x0000000772c00000, 0x0000000795580000)
  object space 831488K, 58% used [0x0000000740000000,0x000000075d7af0f0,0x0000000772c00000)
 Metaspace       used 167363K, capacity 178584K, committed 227160K, reserved 1249280K
  class space    used 20002K, capacity 21944K, committed 28288K, reserved 1048576K
Event: 21653.664 GC heap after
Heap after GC invocations=363 (full 20):
 PSYoungGen      total 482304K, used 26113K [0x0000000795580000, 0x00000007bd600000, 0x00000007c0000000)
  eden space 320512K, 0% used [0x0000000795580000,0x0000000795580000,0x00000007a8e80000)
  from space 161792K, 16% used [0x00000007a8e80000,0x00000007aa800618,0x00000007b2c80000)
  to   space 151040K, 0% used [0x00000007b4280000,0x00000007b4280000,0x00000007bd600000)
 ParOldGen       total 831488K, used 483004K [0x0000000740000000, 0x0000000772c00000, 0x0000000795580000)
  object space 831488K, 58% used [0x0000000740000000,0x000000075d7af0f0,0x0000000772c00000)
 Metaspace       used 167363K, capacity 178584K, committed 227160K, reserved 1249280K
  class space    used 20002K, capacity 21944K, committed 28288K, reserved 1048576K
}

