# JRE version: OpenJDK Runtime Environment (8.0_242) (build 1.8.0_242-release-1644-b3-6222593)
# Java VM: OpenJDK 64-Bit Server VM (25.242-b3-6222593 mixed mode bsd-amd64 compressed oops)
Heap:
 PSYoungGen      total 585216K, used 13569K [0x0000000795580000, 0x00000007bdf80000, 0x00000007c0000000)
  eden space 508928K, 0% used [0x0000000795580000,0x0000000795580000,0x00000007b4680000)
  from space 76288K, 17% used [0x00000007b9500000,0x00000007ba240458,0x00000007bdf80000)
  to   space 78336K, 0% used [0x00000007b4680000,0x00000007b4680000,0x00000007b9300000)
 ParOldGen       total 498176K, used 449816K [0x0000000740000000, 0x000000075e680000, 0x0000000795580000)
  object space 498176K, 90% used [0x0000000740000000,0x000000075b746280,0x000000075e680000)
 Metaspace       used 202565K, capacity 213286K, committed 213888K, reserved 1236992K
  class space    used 23705K, capacity 25590K, committed 25728K, reserved 1048576K
GC Heap History (10 events):
Event: 15397.572 GC heap after
Heap after GC invocations=160 (full 10):
 PSYoungGen      total 546304K, used 22477K [0x0000000795580000, 0x00000007bcb80000, 0x00000007c0000000)
  eden space 496128K, 0% used [0x0000000795580000,0x0000000795580000,0x00000007b3a00000)
  from space 50176K, 44% used [0x00000007b6880000,0x00000007b7e737e8,0x00000007b9980000)
  to   space 47616K, 0% used [0x00000007b3a00000,0x00000007b3a00000,0x00000007b6880000)
 ParOldGen       total 498176K, used 323274K [0x0000000740000000, 0x000000075e680000, 0x0000000795580000)
  object space 498176K, 64% used [0x0000000740000000,0x0000000753bb2a70,0x000000075e680000)
 Metaspace       used 195012K, capacity 205698K, committed 207232K, reserved 1230848K
  class space    used 22897K, capacity 24758K, committed 25728K, reserved 1048576K
}
Event: 15994.715 GC heap before
{Heap before GC invocations=161 (full 10):
 PSYoungGen      total 546304K, used 518605K [0x0000000795580000, 0x00000007bcb80000, 0x00000007c0000000)
  eden space 496128K, 100% used [0x0000000795580000,0x00000007b3a00000,0x00000007b3a00000)
  from space 50176K, 44% used [0x00000007b6880000,0x00000007b7e737e8,0x00000007b9980000)
  to   space 47616K, 0% used [0x00000007b3a00000,0x00000007b3a00000,0x00000007b6880000)
 ParOldGen       total 498176K, used 323274K [0x0000000740000000, 0x000000075e680000, 0x0000000795580000)
  object space 498176K, 64% used [0x0000000740000000,0x0000000753bb2a70,0x000000075e680000)
 Metaspace       used 195021K, capacity 205708K, committed 207232K, reserved 1230848K
  class space    used 22897K, capacity 24759K, committed 25728K, reserved 1048576K
Event: 15994.873 GC heap after
Heap after GC invocations=161 (full 10):
 PSYoungGen      total 501760K, used 22185K [0x0000000795580000, 0x00000007b8280000, 0x00000007c0000000)
  eden space 479232K, 0% used [0x0000000795580000,0x0000000795580000,0x00000007b2980000)
  from space 22528K, 98% used [0x00000007b3a00000,0x00000007b4faa600,0x00000007b5000000)
  to   space 45568K, 0% used [0x00000007b5600000,0x00000007b5600000,0x00000007b8280000)
 ParOldGen       total 498176K, used 324311K [0x0000000740000000, 0x000000075e680000, 0x0000000795580000)
  object space 498176K, 65% used [0x0000000740000000,0x0000000753cb5ef0,0x000000075e680000)
 Metaspace       used 195021K, capacity 205708K, committed 207232K, reserved 1230848K
  class space    used 22897K, capacity 24759K, committed 25728K, reserved 1048576K
}
Event: 16003.626 GC heap before
{Heap before GC invocations=162 (full 10):
 PSYoungGen      total 501760K, used 501417K [0x0000000795580000, 0x00000007b8280000, 0x00000007c0000000)
  eden space 479232K, 100% used [0x0000000795580000,0x00000007b2980000,0x00000007b2980000)
  from space 22528K, 98% used [0x00000007b3a00000,0x00000007b4faa600,0x00000007b5000000)
  to   space 45568K, 0% used [0x00000007b5600000,0x00000007b5600000,0x00000007b8280000)
 ParOldGen       total 498176K, used 324311K [0x0000000740000000, 0x000000075e680000, 0x0000000795580000)
  object space 498176K, 65% used [0x0000000740000000,0x0000000753cb5ef0,0x000000075e680000)
 Metaspace       used 202493K, capacity 213278K, committed 213888K, reserved 1236992K
  class space    used 23705K, capacity 25590K, committed 25728K, reserved 1048576K
Event: 16004.129 GC heap after
Heap after GC invocations=162 (full 10):
 PSYoungGen      total 487936K, used 45549K [0x0000000795580000, 0x00000007c0000000, 0x00000007c0000000)
  eden space 442368K, 0% used [0x0000000795580000,0x0000000795580000,0x00000007b0580000)
  from space 45568K, 99% used [0x00000007b5600000,0x00000007b827b678,0x00000007b8280000)
  to   space 82432K, 0% used [0x00000007b0580000,0x00000007b0580000,0x00000007b5600000)
 ParOldGen       total 498176K, used 407187K [0x0000000740000000, 0x000000075e680000, 0x0000000795580000)
  object space 498176K, 81% used [0x0000000740000000,0x0000000758da4d78,0x000000075e680000)
 Metaspace       used 202493K, capacity 213278K, committed 213888K, reserved 1236992K
  class space    used 23705K, capacity 25590K, committed 25728K, reserved 1048576K
}
Event: 16058.581 GC heap before
{Heap before GC invocations=163 (full 10):
 PSYoungGen      total 487936K, used 487917K [0x0000000795580000, 0x00000007c0000000, 0x00000007c0000000)
  eden space 442368K, 100% used [0x0000000795580000,0x00000007b0580000,0x00000007b0580000)
  from space 45568K, 99% used [0x00000007b5600000,0x00000007b827b678,0x00000007b8280000)
  to   space 82432K, 0% used [0x00000007b0580000,0x00000007b0580000,0x00000007b5600000)
 ParOldGen       total 498176K, used 407187K [0x0000000740000000, 0x000000075e680000, 0x0000000795580000)
  object space 498176K, 81% used [0x0000000740000000,0x0000000758da4d78,0x000000075e680000)
 Metaspace       used 202555K, capacity 213286K, committed 213888K, reserved 1236992K
  class space    used 23705K, capacity 25590K, committed 25728K, reserved 1048576K
Event: 16058.913 GC heap after
Heap after GC invocations=163 (full 10):
 PSYoungGen      total 524800K, used 22447K [0x0000000795580000, 0x00000007be280000, 0x00000007c0000000)
  eden space 442368K, 0% used [0x0000000795580000,0x0000000795580000,0x00000007b0580000)
  from space 82432K, 27% used [0x00000007b0580000,0x00000007b1b6bff8,0x00000007b5600000)
  to   space 79360K, 0% used [0x00000007b9500000,0x00000007b9500000,0x00000007be280000)
 ParOldGen       total 498176K, used 430500K [0x0000000740000000, 0x000000075e680000, 0x0000000795580000)
  object space 498176K, 86% used [0x0000000740000000,0x000000075a4690e0,0x000000075e680000)
 Metaspace       used 202555K, capacity 213286K, committed 213888K, reserved 1236992K
  class space    used 23705K, capacity 25590K, committed 25728K, reserved 1048576K
}
Event: 16066.976 GC heap before
{Heap before GC invocations=164 (full 10):
 PSYoungGen      total 524800K, used 464815K [0x0000000795580000, 0x00000007be280000, 0x00000007c0000000)
  eden space 442368K, 100% used [0x0000000795580000,0x00000007b0580000,0x00000007b0580000)
  from space 82432K, 27% used [0x00000007b0580000,0x00000007b1b6bff8,0x00000007b5600000)
  to   space 79360K, 0% used [0x00000007b9500000,0x00000007b9500000,0x00000007be280000)
 ParOldGen       total 498176K, used 430500K [0x0000000740000000, 0x000000075e680000, 0x0000000795580000)
  object space 498176K, 86% used [0x0000000740000000,0x000000075a4690e0,0x000000075e680000)
 Metaspace       used 202565K, capacity 213286K, committed 213888K, reserved 1236992K
  class space    used 23705K, capacity 25590K, committed 25728K, reserved 1048576K
Event: 16067.056 GC heap after
Heap after GC invocations=164 (full 10):
 PSYoungGen      total 585216K, used 13569K [0x0000000795580000, 0x00000007bdf80000, 0x00000007c0000000)
  eden space 508928K, 0% used [0x0000000795580000,0x0000000795580000,0x00000007b4680000)
  from space 76288K, 17% used [0x00000007b9500000,0x00000007ba240458,0x00000007bdf80000)
  to   space 78336K, 0% used [0x00000007b4680000,0x00000007b4680000,0x00000007b9300000)
 ParOldGen       total 498176K, used 449816K [0x0000000740000000, 0x000000075e680000, 0x0000000795580000)
  object space 498176K, 90% used [0x0000000740000000,0x000000075b746280,0x000000075e680000)
 Metaspace       used 202565K, capacity 213286K, committed 213888K, reserved 1236992K
  class space    used 23705K, capacity 25590K, committed 25728K, reserved 1048576K
}
Event: 16067.056 GC heap before
{Heap before GC invocations=165 (full 11):
 PSYoungGen      total 585216K, used 13569K [0x0000000795580000, 0x00000007bdf80000, 0x00000007c0000000)
  eden space 508928K, 0% used [0x0000000795580000,0x0000000795580000,0x00000007b4680000)
  from space 76288K, 17% used [0x00000007b9500000,0x00000007ba240458,0x00000007bdf80000)
  to   space 78336K, 0% used [0x00000007b4680000,0x00000007b4680000,0x00000007b9300000)
 ParOldGen       total 498176K, used 449816K [0x0000000740000000, 0x000000075e680000, 0x0000000795580000)
  object space 498176K, 90% used [0x0000000740000000,0x000000075b746280,0x000000075e680000)
 Metaspace       used 202565K, capacity 213286K, committed 213888K, reserved 1236992K
  class space    used 23705K, capacity 25590K, committed 25728K, reserved 1048576K

