# JRE version: OpenJDK Runtime Environment (8.0_242) (build 1.8.0_242-release-1644-b3-6222593)
# Java VM: OpenJDK 64-Bit Server VM (25.242-b3-6222593 mixed mode bsd-amd64 compressed oops)
Heap:
 PSYoungGen      total 484352K, used 424802K [0x0000000795580000, 0x00000007c0000000, 0x00000007c0000000)
  eden space 293376K, 100% used [0x0000000795580000,0x00000007a7400000,0x00000007a7400000)
  from space 190976K, 68% used [0x00000007b3800000,0x00000007bb8589b8,0x00000007bf280000)
  to   space 200704K, 2% used [0x00000007a7400000,0x00000007a7910000,0x00000007b3800000)
 ParOldGen       total 533504K, used 351516K [0x0000000740000000, 0x0000000760900000, 0x0000000795580000)
  object space 533504K, 65% used [0x0000000740000000,0x0000000755747250,0x0000000760900000)
 Metaspace       used 152381K, capacity 162683K, committed 163020K, reserved 1191936K
  class space    used 18720K, capacity 20439K, committed 20480K, reserved 1048576K
GC Heap History (10 events):
Event: 10138.192 GC heap after
Heap after GC invocations=112 (full 10):
 PSYoungGen      total 403968K, used 0K [0x0000000795580000, 0x00000007c0000000, 0x00000007c0000000)
  eden space 244224K, 0% used [0x0000000795580000,0x0000000795580000,0x00000007a4400000)
  from space 159744K, 0% used [0x00000007b6400000,0x00000007b6400000,0x00000007c0000000)
  to   space 227328K, 0% used [0x00000007a4400000,0x00000007a4400000,0x00000007b2200000)
 ParOldGen       total 533504K, used 320911K [0x0000000740000000, 0x0000000760900000, 0x0000000795580000)
  object space 533504K, 60% used [0x0000000740000000,0x0000000753963d88,0x0000000760900000)
 Metaspace       used 152331K, capacity 162657K, committed 163020K, reserved 1191936K
  class space    used 18718K, capacity 20436K, committed 20480K, reserved 1048576K
}
Event: 10139.050 GC heap before
{Heap before GC invocations=113 (full 10):
 PSYoungGen      total 403968K, used 244224K [0x0000000795580000, 0x00000007c0000000, 0x00000007c0000000)
  eden space 244224K, 100% used [0x0000000795580000,0x00000007a4400000,0x00000007a4400000)
  from space 159744K, 0% used [0x00000007b6400000,0x00000007b6400000,0x00000007c0000000)
  to   space 227328K, 0% used [0x00000007a4400000,0x00000007a4400000,0x00000007b2200000)
 ParOldGen       total 533504K, used 320911K [0x0000000740000000, 0x0000000760900000, 0x0000000795580000)
  object space 533504K, 60% used [0x0000000740000000,0x0000000753963d88,0x0000000760900000)
 Metaspace       used 152335K, capacity 162657K, committed 163020K, reserved 1191936K
  class space    used 18718K, capacity 20436K, committed 20480K, reserved 1048576K
Event: 10139.172 GC heap after
Heap after GC invocations=113 (full 10):
 PSYoungGen      total 471552K, used 64216K [0x0000000795580000, 0x00000007c0000000, 0x00000007c0000000)
  eden space 244224K, 0% used [0x0000000795580000,0x0000000795580000,0x00000007a4400000)
  from space 227328K, 28% used [0x00000007a4400000,0x00000007a82b6050,0x00000007b2200000)
  to   space 213504K, 0% used [0x00000007b2f80000,0x00000007b2f80000,0x00000007c0000000)
 ParOldGen       total 533504K, used 320911K [0x0000000740000000, 0x0000000760900000, 0x0000000795580000)
  object space 533504K, 60% used [0x0000000740000000,0x0000000753963d88,0x0000000760900000)
 Metaspace       used 152335K, capacity 162657K, committed 163020K, reserved 1191936K
  class space    used 18718K, capacity 20436K, committed 20480K, reserved 1048576K
}
Event: 10140.066 GC heap before
{Heap before GC invocations=114 (full 10):
 PSYoungGen      total 471552K, used 308440K [0x0000000795580000, 0x00000007c0000000, 0x00000007c0000000)
  eden space 244224K, 100% used [0x0000000795580000,0x00000007a4400000,0x00000007a4400000)
  from space 227328K, 28% used [0x00000007a4400000,0x00000007a82b6050,0x00000007b2200000)
  to   space 213504K, 0% used [0x00000007b2f80000,0x00000007b2f80000,0x00000007c0000000)
 ParOldGen       total 533504K, used 320911K [0x0000000740000000, 0x0000000760900000, 0x0000000795580000)
  object space 533504K, 60% used [0x0000000740000000,0x0000000753963d88,0x0000000760900000)
 Metaspace       used 152351K, capacity 162665K, committed 163020K, reserved 1191936K
  class space    used 18718K, capacity 20436K, committed 20480K, reserved 1048576K
Event: 10140.175 GC heap after
Heap after GC invocations=114 (full 10):
 PSYoungGen      total 433152K, used 77273K [0x0000000795580000, 0x00000007bda80000, 0x00000007c0000000)
  eden space 258048K, 0% used [0x0000000795580000,0x0000000795580000,0x00000007a5180000)
  from space 175104K, 44% used [0x00000007b2f80000,0x00000007b7af6798,0x00000007bda80000)
  to   space 201216K, 0% used [0x00000007a5180000,0x00000007a5180000,0x00000007b1600000)
 ParOldGen       total 533504K, used 320911K [0x0000000740000000, 0x0000000760900000, 0x0000000795580000)
  object space 533504K, 60% used [0x0000000740000000,0x0000000753963d88,0x0000000760900000)
 Metaspace       used 152351K, capacity 162665K, committed 163020K, reserved 1191936K
  class space    used 18718K, capacity 20436K, committed 20480K, reserved 1048576K
}
Event: 10141.897 GC heap before
{Heap before GC invocations=115 (full 10):
 PSYoungGen      total 433152K, used 335321K [0x0000000795580000, 0x00000007bda80000, 0x00000007c0000000)
  eden space 258048K, 100% used [0x0000000795580000,0x00000007a5180000,0x00000007a5180000)
  from space 175104K, 44% used [0x00000007b2f80000,0x00000007b7af6798,0x00000007bda80000)
  to   space 201216K, 0% used [0x00000007a5180000,0x00000007a5180000,0x00000007b1600000)
 ParOldGen       total 533504K, used 320911K [0x0000000740000000, 0x0000000760900000, 0x0000000795580000)
  object space 533504K, 60% used [0x0000000740000000,0x0000000753963d88,0x0000000760900000)
 Metaspace       used 152360K, capacity 162665K, committed 163020K, reserved 1191936K
  class space    used 18718K, capacity 20436K, committed 20480K, reserved 1048576K
Event: 10142.035 GC heap after
Heap after GC invocations=115 (full 10):
 PSYoungGen      total 459264K, used 79079K [0x0000000795580000, 0x00000007bf280000, 0x00000007c0000000)
  eden space 258048K, 0% used [0x0000000795580000,0x0000000795580000,0x00000007a5180000)
  from space 201216K, 39% used [0x00000007a5180000,0x00000007a9eb9c18,0x00000007b1600000)
  to   space 190976K, 0% used [0x00000007b3800000,0x00000007b3800000,0x00000007bf280000)
 ParOldGen       total 533504K, used 320911K [0x0000000740000000, 0x0000000760900000, 0x0000000795580000)
  object space 533504K, 60% used [0x0000000740000000,0x0000000753963d88,0x0000000760900000)
 Metaspace       used 152360K, capacity 162665K, committed 163020K, reserved 1191936K
  class space    used 18718K, capacity 20436K, committed 20480K, reserved 1048576K
}
Event: 10143.362 GC heap before
{Heap before GC invocations=116 (full 10):
 PSYoungGen      total 459264K, used 337127K [0x0000000795580000, 0x00000007bf280000, 0x00000007c0000000)
  eden space 258048K, 100% used [0x0000000795580000,0x00000007a5180000,0x00000007a5180000)
  from space 201216K, 39% used [0x00000007a5180000,0x00000007a9eb9c18,0x00000007b1600000)
  to   space 190976K, 0% used [0x00000007b3800000,0x00000007b3800000,0x00000007bf280000)
 ParOldGen       total 533504K, used 320911K [0x0000000740000000, 0x0000000760900000, 0x0000000795580000)
  object space 533504K, 60% used [0x0000000740000000,0x0000000753963d88,0x0000000760900000)
 Metaspace       used 152360K, capacity 162665K, committed 163020K, reserved 1191936K
  class space    used 18718K, capacity 20436K, committed 20480K, reserved 1048576K
Event: 10143.540 GC heap after
Heap after GC invocations=116 (full 10):
 PSYoungGen      total 484352K, used 131426K [0x0000000795580000, 0x00000007c0000000, 0x00000007c0000000)
  eden space 293376K, 0% used [0x0000000795580000,0x0000000795580000,0x00000007a7400000)
  from space 190976K, 68% used [0x00000007b3800000,0x00000007bb8589b8,0x00000007bf280000)
  to   space 200704K, 0% used [0x00000007a7400000,0x00000007a7400000,0x00000007b3800000)
 ParOldGen       total 533504K, used 320911K [0x0000000740000000, 0x0000000760900000, 0x0000000795580000)
  object space 533504K, 60% used [0x0000000740000000,0x0000000753963d88,0x0000000760900000)
 Metaspace       used 152360K, capacity 162665K, committed 163020K, reserved 1191936K
  class space    used 18718K, capacity 20436K, committed 20480K, reserved 1048576K
}
Event: 10365.509 GC heap before
{Heap before GC invocations=117 (full 10):
 PSYoungGen      total 484352K, used 424802K [0x0000000795580000, 0x00000007c0000000, 0x00000007c0000000)
  eden space 293376K, 100% used [0x0000000795580000,0x00000007a7400000,0x00000007a7400000)
  from space 190976K, 68% used [0x00000007b3800000,0x00000007bb8589b8,0x00000007bf280000)
  to   space 200704K, 0% used [0x00000007a7400000,0x00000007a7400000,0x00000007b3800000)
 ParOldGen       total 533504K, used 320911K [0x0000000740000000, 0x0000000760900000, 0x0000000795580000)
  object space 533504K, 60% used [0x0000000740000000,0x0000000753963d88,0x0000000760900000)
 Metaspace       used 152381K, capacity 162683K, committed 163020K, reserved 1191936K
  class space    used 18720K, capacity 20439K, committed 20480K, reserved 1048576K

