# JRE version: OpenJDK Runtime Environment (8.0_242) (build 1.8.0_242-release-1644-b3-6222593)
# Java VM: OpenJDK 64-Bit Server VM (25.242-b3-6222593 mixed mode bsd-amd64 compressed oops)
Heap:
 PSYoungGen      total 598528K, used 54522K [0x0000000795580000, 0x00000007bfb80000, 0x00000007c0000000)
  eden space 503808K, 0% used [0x0000000795580000,0x0000000795580000,0x00000007b4180000)
  from space 94720K, 57% used [0x00000007b4180000,0x00000007b76be9c8,0x00000007b9e00000)
  to   space 95232K, 0% used [0x00000007b9e80000,0x00000007b9e80000,0x00000007bfb80000)
 ParOldGen       total 352768K, used 302474K [0x0000000740000000, 0x0000000755880000, 0x0000000795580000)
  object space 352768K, 85% used [0x0000000740000000,0x0000000752762bc8,0x0000000755880000)
 Metaspace       used 172754K, capacity 183314K, committed 184576K, reserved 1210368K
  class space    used 20666K, capacity 22420K, committed 23552K, reserved 1048576K
GC Heap History (10 events):
Event: 15863.832 GC heap after
Heap after GC invocations=152 (full 9):
 PSYoungGen      total 606720K, used 78313K [0x0000000795580000, 0x00000007c0000000, 0x00000007c0000000)
  eden space 528384K, 0% used [0x0000000795580000,0x0000000795580000,0x00000007b5980000)
  from space 78336K, 99% used [0x00000007b5980000,0x00000007ba5fa4d0,0x00000007ba600000)
  to   space 92160K, 0% used [0x00000007ba600000,0x00000007ba600000,0x00000007c0000000)
 ParOldGen       total 352768K, used 302354K [0x0000000740000000, 0x0000000755880000, 0x0000000795580000)
  object space 352768K, 85% used [0x0000000740000000,0x0000000752744bc8,0x0000000755880000)
 Metaspace       used 172721K, capacity 183314K, committed 184576K, reserved 1210368K
  class space    used 20665K, capacity 22420K, committed 23552K, reserved 1048576K
}
Event: 16243.051 GC heap before
{Heap before GC invocations=153 (full 9):
 PSYoungGen      total 606720K, used 606697K [0x0000000795580000, 0x00000007c0000000, 0x00000007c0000000)
  eden space 528384K, 100% used [0x0000000795580000,0x00000007b5980000,0x00000007b5980000)
  from space 78336K, 99% used [0x00000007b5980000,0x00000007ba5fa4d0,0x00000007ba600000)
  to   space 92160K, 0% used [0x00000007ba600000,0x00000007ba600000,0x00000007c0000000)
 ParOldGen       total 352768K, used 302354K [0x0000000740000000, 0x0000000755880000, 0x0000000795580000)
  object space 352768K, 85% used [0x0000000740000000,0x0000000752744bc8,0x0000000755880000)
 Metaspace       used 172733K, capacity 183314K, committed 184576K, reserved 1210368K
  class space    used 20665K, capacity 22420K, committed 23552K, reserved 1048576K
Event: 16243.661 GC heap after
Heap after GC invocations=153 (full 9):
 PSYoungGen      total 594432K, used 48969K [0x0000000795580000, 0x00000007c0000000, 0x00000007c0000000)
  eden space 502272K, 0% used [0x0000000795580000,0x0000000795580000,0x00000007b4000000)
  from space 92160K, 53% used [0x00000007ba600000,0x00000007bd5d2600,0x00000007c0000000)
  to   space 98304K, 0% used [0x00000007b4000000,0x00000007b4000000,0x00000007ba000000)
 ParOldGen       total 352768K, used 302418K [0x0000000740000000, 0x0000000755880000, 0x0000000795580000)
  object space 352768K, 85% used [0x0000000740000000,0x0000000752754bc8,0x0000000755880000)
 Metaspace       used 172733K, capacity 183314K, committed 184576K, reserved 1210368K
  class space    used 20665K, capacity 22420K, committed 23552K, reserved 1048576K
}
Event: 16464.387 GC heap before
{Heap before GC invocations=154 (full 9):
 PSYoungGen      total 594432K, used 551241K [0x0000000795580000, 0x00000007c0000000, 0x00000007c0000000)
  eden space 502272K, 100% used [0x0000000795580000,0x00000007b4000000,0x00000007b4000000)
  from space 92160K, 53% used [0x00000007ba600000,0x00000007bd5d2600,0x00000007c0000000)
  to   space 98304K, 0% used [0x00000007b4000000,0x00000007b4000000,0x00000007ba000000)
 ParOldGen       total 352768K, used 302418K [0x0000000740000000, 0x0000000755880000, 0x0000000795580000)
  object space 352768K, 85% used [0x0000000740000000,0x0000000752754bc8,0x0000000755880000)
 Metaspace       used 172737K, capacity 183314K, committed 184576K, reserved 1210368K
  class space    used 20665K, capacity 22420K, committed 23552K, reserved 1048576K
Event: 16464.701 GC heap after
Heap after GC invocations=154 (full 9):
 PSYoungGen      total 600576K, used 48070K [0x0000000795580000, 0x00000007c0000000, 0x00000007c0000000)
  eden space 502272K, 0% used [0x0000000795580000,0x0000000795580000,0x00000007b4000000)
  from space 98304K, 48% used [0x00000007b4000000,0x00000007b6ef1a50,0x00000007ba000000)
  to   space 96768K, 0% used [0x00000007ba180000,0x00000007ba180000,0x00000007c0000000)
 ParOldGen       total 352768K, used 302450K [0x0000000740000000, 0x0000000755880000, 0x0000000795580000)
  object space 352768K, 85% used [0x0000000740000000,0x000000075275cbc8,0x0000000755880000)
 Metaspace       used 172737K, capacity 183314K, committed 184576K, reserved 1210368K
  class space    used 20665K, capacity 22420K, committed 23552K, reserved 1048576K
}
Event: 16519.753 GC heap before
{Heap before GC invocations=155 (full 9):
 PSYoungGen      total 600576K, used 550342K [0x0000000795580000, 0x00000007c0000000, 0x00000007c0000000)
  eden space 502272K, 100% used [0x0000000795580000,0x00000007b4000000,0x00000007b4000000)
  from space 98304K, 48% used [0x00000007b4000000,0x00000007b6ef1a50,0x00000007ba000000)
  to   space 96768K, 0% used [0x00000007ba180000,0x00000007ba180000,0x00000007c0000000)
 ParOldGen       total 352768K, used 302450K [0x0000000740000000, 0x0000000755880000, 0x0000000795580000)
  object space 352768K, 85% used [0x0000000740000000,0x000000075275cbc8,0x0000000755880000)
 Metaspace       used 172750K, capacity 183314K, committed 184576K, reserved 1210368K
  class space    used 20665K, capacity 22420K, committed 23552K, reserved 1048576K
Event: 16520.110 GC heap after
Heap after GC invocations=155 (full 9):
 PSYoungGen      total 594944K, used 46646K [0x0000000795580000, 0x00000007bfa80000, 0x00000007c0000000)
  eden space 503808K, 0% used [0x0000000795580000,0x0000000795580000,0x00000007b4180000)
  from space 91136K, 51% used [0x00000007ba180000,0x00000007bcf0daa8,0x00000007bfa80000)
  to   space 94720K, 0% used [0x00000007b4180000,0x00000007b4180000,0x00000007b9e00000)
 ParOldGen       total 352768K, used 302474K [0x0000000740000000, 0x0000000755880000, 0x0000000795580000)
  object space 352768K, 85% used [0x0000000740000000,0x0000000752762bc8,0x0000000755880000)
 Metaspace       used 172750K, capacity 183314K, committed 184576K, reserved 1210368K
  class space    used 20665K, capacity 22420K, committed 23552K, reserved 1048576K
}
Event: 16529.266 GC heap before
{Heap before GC invocations=156 (full 9):
 PSYoungGen      total 594944K, used 482161K [0x0000000795580000, 0x00000007bfa80000, 0x00000007c0000000)
  eden space 503808K, 86% used [0x0000000795580000,0x00000007afecead0,0x00000007b4180000)
  from space 91136K, 51% used [0x00000007ba180000,0x00000007bcf0daa8,0x00000007bfa80000)
  to   space 94720K, 0% used [0x00000007b4180000,0x00000007b4180000,0x00000007b9e00000)
 ParOldGen       total 352768K, used 302474K [0x0000000740000000, 0x0000000755880000, 0x0000000795580000)
  object space 352768K, 85% used [0x0000000740000000,0x0000000752762bc8,0x0000000755880000)
 Metaspace       used 172754K, capacity 183314K, committed 184576K, reserved 1210368K
  class space    used 20666K, capacity 22420K, committed 23552K, reserved 1048576K
Event: 16529.491 GC heap after
Heap after GC invocations=156 (full 9):
 PSYoungGen      total 598528K, used 54522K [0x0000000795580000, 0x00000007bfb80000, 0x00000007c0000000)
  eden space 503808K, 0% used [0x0000000795580000,0x0000000795580000,0x00000007b4180000)
  from space 94720K, 57% used [0x00000007b4180000,0x00000007b76be9c8,0x00000007b9e00000)
  to   space 95232K, 0% used [0x00000007b9e80000,0x00000007b9e80000,0x00000007bfb80000)
 ParOldGen       total 352768K, used 302474K [0x0000000740000000, 0x0000000755880000, 0x0000000795580000)
  object space 352768K, 85% used [0x0000000740000000,0x0000000752762bc8,0x0000000755880000)
 Metaspace       used 172754K, capacity 183314K, committed 184576K, reserved 1210368K
  class space    used 20666K, capacity 22420K, committed 23552K, reserved 1048576K
}
Event: 16529.491 GC heap before
{Heap before GC invocations=157 (full 10):
 PSYoungGen      total 598528K, used 54522K [0x0000000795580000, 0x00000007bfb80000, 0x00000007c0000000)
  eden space 503808K, 0% used [0x0000000795580000,0x0000000795580000,0x00000007b4180000)
  from space 94720K, 57% used [0x00000007b4180000,0x00000007b76be9c8,0x00000007b9e00000)
  to   space 95232K, 0% used [0x00000007b9e80000,0x00000007b9e80000,0x00000007bfb80000)
 ParOldGen       total 352768K, used 302474K [0x0000000740000000, 0x0000000755880000, 0x0000000795580000)
  object space 352768K, 85% used [0x0000000740000000,0x0000000752762bc8,0x0000000755880000)
 Metaspace       used 172754K, capacity 183314K, committed 184576K, reserved 1210368K
  class space    used 20666K, capacity 22420K, committed 23552K, reserved 1048576K

