# JRE version: OpenJDK Runtime Environment (8.0_242) (build 1.8.0_242-release-1644-b3-6222593)
# Java VM: OpenJDK 64-Bit Server VM (25.242-b3-6222593 mixed mode bsd-amd64 compressed oops)
Heap:
 PSYoungGen      total 546304K, used 428440K [0x0000000795580000, 0x00000007c0000000, 0x00000007c0000000)
  eden space 394752K, 100% used [0x0000000795580000,0x00000007ad700000,0x00000007ad700000)
  from space 151552K, 22% used [0x00000007ad700000,0x00000007af7e63a8,0x00000007b6b00000)
  to   space 146432K, 10% used [0x00000007b7100000,0x00000007b7fa8b08,0x00000007c0000000)
 ParOldGen       total 322560K, used 119566K [0x0000000740000000, 0x0000000753b00000, 0x0000000795580000)
  object space 322560K, 37% used [0x0000000740000000,0x00000007474c3a88,0x0000000753b00000)
 Metaspace       used 212582K, capacity 224368K, committed 226008K, reserved 1247232K
  class space    used 25479K, capacity 27550K, committed 27904K, reserved 1048576K
GC Heap History (10 events):
Event: 11272.069 GC heap after
Heap after GC invocations=118 (full 7):
 PSYoungGen      total 526336K, used 27798K [0x0000000795580000, 0x00000007bfc80000, 0x00000007c0000000)
  eden space 365568K, 0% used [0x0000000795580000,0x0000000795580000,0x00000007aba80000)
  from space 160768K, 17% used [0x00000007aba80000,0x00000007ad5a5bb0,0x00000007b5780000)
  to   space 155648K, 0% used [0x00000007b6480000,0x00000007b6480000,0x00000007bfc80000)
 ParOldGen       total 322560K, used 116640K [0x0000000740000000, 0x0000000753b00000, 0x0000000795580000)
  object space 322560K, 36% used [0x0000000740000000,0x00000007471e8108,0x0000000753b00000)
 Metaspace       used 205704K, capacity 217328K, committed 219096K, reserved 1241088K
  class space    used 24703K, capacity 26748K, committed 27136K, reserved 1048576K
}
Event: 11278.193 GC heap before
{Heap before GC invocations=119 (full 7):
 PSYoungGen      total 526336K, used 393366K [0x0000000795580000, 0x00000007bfc80000, 0x00000007c0000000)
  eden space 365568K, 100% used [0x0000000795580000,0x00000007aba80000,0x00000007aba80000)
  from space 160768K, 17% used [0x00000007aba80000,0x00000007ad5a5bb0,0x00000007b5780000)
  to   space 155648K, 0% used [0x00000007b6480000,0x00000007b6480000,0x00000007bfc80000)
 ParOldGen       total 322560K, used 116640K [0x0000000740000000, 0x0000000753b00000, 0x0000000795580000)
  object space 322560K, 36% used [0x0000000740000000,0x00000007471e8108,0x0000000753b00000)
 Metaspace       used 205721K, capacity 217346K, committed 219096K, reserved 1241088K
  class space    used 24704K, capacity 26751K, committed 27136K, reserved 1048576K
Event: 11278.292 GC heap after
Heap after GC invocations=119 (full 7):
 PSYoungGen      total 519168K, used 43356K [0x0000000795580000, 0x00000007bea00000, 0x00000007c0000000)
  eden space 382464K, 0% used [0x0000000795580000,0x0000000795580000,0x00000007acb00000)
  from space 136704K, 31% used [0x00000007b6480000,0x00000007b8ed7328,0x00000007bea00000)
  to   space 146944K, 0% used [0x00000007acb00000,0x00000007acb00000,0x00000007b5a80000)
 ParOldGen       total 322560K, used 116648K [0x0000000740000000, 0x0000000753b00000, 0x0000000795580000)
  object space 322560K, 36% used [0x0000000740000000,0x00000007471ea108,0x0000000753b00000)
 Metaspace       used 205721K, capacity 217346K, committed 219096K, reserved 1241088K
  class space    used 24704K, capacity 26751K, committed 27136K, reserved 1048576K
}
Event: 11472.398 GC heap before
{Heap before GC invocations=120 (full 7):
 PSYoungGen      total 519168K, used 425820K [0x0000000795580000, 0x00000007bea00000, 0x00000007c0000000)
  eden space 382464K, 100% used [0x0000000795580000,0x00000007acb00000,0x00000007acb00000)
  from space 136704K, 31% used [0x00000007b6480000,0x00000007b8ed7328,0x00000007bea00000)
  to   space 146944K, 0% used [0x00000007acb00000,0x00000007acb00000,0x00000007b5a80000)
 ParOldGen       total 322560K, used 116648K [0x0000000740000000, 0x0000000753b00000, 0x0000000795580000)
  object space 322560K, 36% used [0x0000000740000000,0x00000007471ea108,0x0000000753b00000)
 Metaspace       used 205749K, capacity 217474K, committed 219352K, reserved 1241088K
  class space    used 24705K, capacity 26751K, committed 27136K, reserved 1048576K
Event: 11472.633 GC heap after
Heap after GC invocations=120 (full 7):
 PSYoungGen      total 529408K, used 45329K [0x0000000795580000, 0x00000007bf280000, 0x00000007c0000000)
  eden space 382464K, 0% used [0x0000000795580000,0x0000000795580000,0x00000007acb00000)
  from space 146944K, 30% used [0x00000007acb00000,0x00000007af744598,0x00000007b5a80000)
  to   space 138752K, 0% used [0x00000007b6b00000,0x00000007b6b00000,0x00000007bf280000)
 ParOldGen       total 322560K, used 116656K [0x0000000740000000, 0x0000000753b00000, 0x0000000795580000)
  object space 322560K, 36% used [0x0000000740000000,0x00000007471ec108,0x0000000753b00000)
 Metaspace       used 205749K, capacity 217474K, committed 219352K, reserved 1241088K
  class space    used 24705K, capacity 26751K, committed 27136K, reserved 1048576K
}
Event: 11476.745 GC heap before
{Heap before GC invocations=121 (full 7):
 PSYoungGen      total 529408K, used 427793K [0x0000000795580000, 0x00000007bf280000, 0x00000007c0000000)
  eden space 382464K, 100% used [0x0000000795580000,0x00000007acb00000,0x00000007acb00000)
  from space 146944K, 30% used [0x00000007acb00000,0x00000007af744598,0x00000007b5a80000)
  to   space 138752K, 0% used [0x00000007b6b00000,0x00000007b6b00000,0x00000007bf280000)
 ParOldGen       total 322560K, used 116656K [0x0000000740000000, 0x0000000753b00000, 0x0000000795580000)
  object space 322560K, 36% used [0x0000000740000000,0x00000007471ec108,0x0000000753b00000)
 Metaspace       used 212525K, capacity 224368K, committed 226008K, reserved 1247232K
  class space    used 25479K, capacity 27550K, committed 27904K, reserved 1048576K
Event: 11477.047 GC heap after
Heap after GC invocations=121 (full 7):
 PSYoungGen      total 533504K, used 109167K [0x0000000795580000, 0x00000007c0000000, 0x00000007c0000000)
  eden space 394752K, 0% used [0x0000000795580000,0x0000000795580000,0x00000007ad700000)
  from space 138752K, 78% used [0x00000007b6b00000,0x00000007bd59bd80,0x00000007bf280000)
  to   space 151552K, 0% used [0x00000007ad700000,0x00000007ad700000,0x00000007b6b00000)
 ParOldGen       total 322560K, used 118025K [0x0000000740000000, 0x0000000753b00000, 0x0000000795580000)
  object space 322560K, 36% used [0x0000000740000000,0x0000000747342788,0x0000000753b00000)
 Metaspace       used 212525K, capacity 224368K, committed 226008K, reserved 1247232K
  class space    used 25479K, capacity 27550K, committed 27904K, reserved 1048576K
}
Event: 11802.048 GC heap before
{Heap before GC invocations=122 (full 7):
 PSYoungGen      total 533504K, used 503919K [0x0000000795580000, 0x00000007c0000000, 0x00000007c0000000)
  eden space 394752K, 100% used [0x0000000795580000,0x00000007ad700000,0x00000007ad700000)
  from space 138752K, 78% used [0x00000007b6b00000,0x00000007bd59bd80,0x00000007bf280000)
  to   space 151552K, 0% used [0x00000007ad700000,0x00000007ad700000,0x00000007b6b00000)
 ParOldGen       total 322560K, used 118025K [0x0000000740000000, 0x0000000753b00000, 0x0000000795580000)
  object space 322560K, 36% used [0x0000000740000000,0x0000000747342788,0x0000000753b00000)
 Metaspace       used 212560K, capacity 224368K, committed 226008K, reserved 1247232K
  class space    used 25479K, capacity 27550K, committed 27904K, reserved 1048576K
Event: 11802.267 GC heap after
Heap after GC invocations=122 (full 7):
 PSYoungGen      total 546304K, used 33688K [0x0000000795580000, 0x00000007c0000000, 0x00000007c0000000)
  eden space 394752K, 0% used [0x0000000795580000,0x0000000795580000,0x00000007ad700000)
  from space 151552K, 22% used [0x00000007ad700000,0x00000007af7e63a8,0x00000007b6b00000)
  to   space 146432K, 0% used [0x00000007b7100000,0x00000007b7100000,0x00000007c0000000)
 ParOldGen       total 322560K, used 119566K [0x0000000740000000, 0x0000000753b00000, 0x0000000795580000)
  object space 322560K, 37% used [0x0000000740000000,0x00000007474c3a88,0x0000000753b00000)
 Metaspace       used 212560K, capacity 224368K, committed 226008K, reserved 1247232K
  class space    used 25479K, capacity 27550K, committed 27904K, reserved 1048576K
}
Event: 11938.729 GC heap before
{Heap before GC invocations=123 (full 7):
 PSYoungGen      total 546304K, used 428440K [0x0000000795580000, 0x00000007c0000000, 0x00000007c0000000)
  eden space 394752K, 100% used [0x0000000795580000,0x00000007ad700000,0x00000007ad700000)
  from space 151552K, 22% used [0x00000007ad700000,0x00000007af7e63a8,0x00000007b6b00000)
  to   space 146432K, 0% used [0x00000007b7100000,0x00000007b7100000,0x00000007c0000000)
 ParOldGen       total 322560K, used 119566K [0x0000000740000000, 0x0000000753b00000, 0x0000000795580000)
  object space 322560K, 37% used [0x0000000740000000,0x00000007474c3a88,0x0000000753b00000)
 Metaspace       used 212582K, capacity 224368K, committed 226008K, reserved 1247232K
  class space    used 25479K, capacity 27550K, committed 27904K, reserved 1048576K

