# JRE version: OpenJDK Runtime Environment (8.0_242) (build 1.8.0_242-release-1644-b3-6222593)
# Java VM: OpenJDK 64-Bit Server VM (25.242-b3-6222593 mixed mode bsd-amd64 compressed oops)
Heap:
 PSYoungGen      total 561152K, used 150701K [0x0000000795580000, 0x00000007bf680000, 0x00000007c0000000)
  eden space 539136K, 23% used [0x0000000795580000,0x000000079d3408d8,0x00000007b6400000)
  from space 22016K, 99% used [0x00000007b6400000,0x00000007b796aba0,0x00000007b7980000)
  to   space 72704K, 0% used [0x00000007baf80000,0x00000007baf80000,0x00000007bf680000)
 ParOldGen       total 644096K, used 492345K [0x0000000740000000, 0x0000000767500000, 0x0000000795580000)
  object space 644096K, 76% used [0x0000000740000000,0x000000075e0ce700,0x0000000767500000)
 Metaspace       used 264779K, capacity 279144K, committed 279320K, reserved 1292288K
  class space    used 33697K, capacity 36356K, committed 36392K, reserved 1048576K
GC Heap History (10 events):
Event: 805.517 GC heap before
{Heap before GC invocations=98 (full 7):
 PSYoungGen      total 600064K, used 551600K [0x0000000795580000, 0x00000007bf800000, 0x00000007c0000000)
  eden space 514560K, 100% used [0x0000000795580000,0x00000007b4c00000,0x00000007b4c00000)
  from space 85504K, 43% used [0x00000007ba480000,0x00000007bc8ac2f8,0x00000007bf800000)
  to   space 88064K, 0% used [0x00000007b4c00000,0x00000007b4c00000,0x00000007ba200000)
 ParOldGen       total 644096K, used 433043K [0x0000000740000000, 0x0000000767500000, 0x0000000795580000)
  object space 644096K, 67% used [0x0000000740000000,0x000000075a6e4fd0,0x0000000767500000)
 Metaspace       used 250197K, capacity 263092K, committed 263320K, reserved 1277952K
  class space    used 31765K, capacity 34162K, committed 34216K, reserved 1048576K
Event: 805.648 GC heap after
Heap after GC invocations=98 (full 7):
 PSYoungGen      total 602624K, used 27967K [0x0000000795580000, 0x00000007bf880000, 0x00000007c0000000)
  eden space 514560K, 0% used [0x0000000795580000,0x0000000795580000,0x00000007b4c00000)
  from space 88064K, 31% used [0x00000007b4c00000,0x00000007b674fe20,0x00000007ba200000)
  to   space 82944K, 0% used [0x00000007ba780000,0x00000007ba780000,0x00000007bf880000)
 ParOldGen       total 644096K, used 442471K [0x0000000740000000, 0x0000000767500000, 0x0000000795580000)
  object space 644096K, 68% used [0x0000000740000000,0x000000075b019d50,0x0000000767500000)
 Metaspace       used 250197K, capacity 263092K, committed 263320K, reserved 1277952K
  class space    used 31765K, capacity 34162K, committed 34216K, reserved 1048576K
}
Event: 806.192 GC heap before
{Heap before GC invocations=99 (full 7):
 PSYoungGen      total 602624K, used 542527K [0x0000000795580000, 0x00000007bf880000, 0x00000007c0000000)
  eden space 514560K, 100% used [0x0000000795580000,0x00000007b4c00000,0x00000007b4c00000)
  from space 88064K, 31% used [0x00000007b4c00000,0x00000007b674fe20,0x00000007ba200000)
  to   space 82944K, 0% used [0x00000007ba780000,0x00000007ba780000,0x00000007bf880000)
 ParOldGen       total 644096K, used 442471K [0x0000000740000000, 0x0000000767500000, 0x0000000795580000)
  object space 644096K, 68% used [0x0000000740000000,0x000000075b019d50,0x0000000767500000)
 Metaspace       used 250209K, capacity 263092K, committed 263320K, reserved 1277952K
  class space    used 31765K, capacity 34162K, committed 34216K, reserved 1048576K
Event: 806.327 GC heap after
Heap after GC invocations=99 (full 7):
 PSYoungGen      total 607232K, used 8854K [0x0000000795580000, 0x00000007bf500000, 0x00000007c0000000)
  eden space 527872K, 0% used [0x0000000795580000,0x0000000795580000,0x00000007b5900000)
  from space 79360K, 11% used [0x00000007ba780000,0x00000007bb025928,0x00000007bf500000)
  to   space 79872K, 0% used [0x00000007b5900000,0x00000007b5900000,0x00000007ba700000)
 ParOldGen       total 644096K, used 465032K [0x0000000740000000, 0x0000000767500000, 0x0000000795580000)
  object space 644096K, 72% used [0x0000000740000000,0x000000075c622158,0x0000000767500000)
 Metaspace       used 250209K, capacity 263092K, committed 263320K, reserved 1277952K
  class space    used 31765K, capacity 34162K, committed 34216K, reserved 1048576K
}
Event: 807.098 GC heap before
{Heap before GC invocations=100 (full 7):
 PSYoungGen      total 607232K, used 536726K [0x0000000795580000, 0x00000007bf500000, 0x00000007c0000000)
  eden space 527872K, 100% used [0x0000000795580000,0x00000007b5900000,0x00000007b5900000)
  from space 79360K, 11% used [0x00000007ba780000,0x00000007bb025928,0x00000007bf500000)
  to   space 79872K, 0% used [0x00000007b5900000,0x00000007b5900000,0x00000007ba700000)
 ParOldGen       total 644096K, used 465032K [0x0000000740000000, 0x0000000767500000, 0x0000000795580000)
  object space 644096K, 72% used [0x0000000740000000,0x000000075c622158,0x0000000767500000)
 Metaspace       used 250221K, capacity 263156K, committed 263320K, reserved 1277952K
  class space    used 31765K, capacity 34162K, committed 34216K, reserved 1048576K
Event: 807.122 GC heap after
Heap after GC invocations=100 (full 7):
 PSYoungGen      total 607744K, used 7203K [0x0000000795580000, 0x00000007bfb80000, 0x00000007c0000000)
  eden space 527872K, 0% used [0x0000000795580000,0x0000000795580000,0x00000007b5900000)
  from space 79872K, 9% used [0x00000007b5900000,0x00000007b6008e40,0x00000007ba700000)
  to   space 77312K, 0% used [0x00000007bb000000,0x00000007bb000000,0x00000007bfb80000)
 ParOldGen       total 644096K, used 466806K [0x0000000740000000, 0x0000000767500000, 0x0000000795580000)
  object space 644096K, 72% used [0x0000000740000000,0x000000075c7dd938,0x0000000767500000)
 Metaspace       used 250221K, capacity 263156K, committed 263320K, reserved 1277952K
  class space    used 31765K, capacity 34162K, committed 34216K, reserved 1048576K
}
Event: 852.163 GC heap before
{Heap before GC invocations=101 (full 7):
 PSYoungGen      total 607744K, used 535075K [0x0000000795580000, 0x00000007bfb80000, 0x00000007c0000000)
  eden space 527872K, 100% used [0x0000000795580000,0x00000007b5900000,0x00000007b5900000)
  from space 79872K, 9% used [0x00000007b5900000,0x00000007b6008e40,0x00000007ba700000)
  to   space 77312K, 0% used [0x00000007bb000000,0x00000007bb000000,0x00000007bfb80000)
 ParOldGen       total 644096K, used 466806K [0x0000000740000000, 0x0000000767500000, 0x0000000795580000)
  object space 644096K, 72% used [0x0000000740000000,0x000000075c7dd938,0x0000000767500000)
 Metaspace       used 251659K, capacity 264784K, committed 265112K, reserved 1280000K
  class space    used 31939K, capacity 34398K, committed 34472K, reserved 1048576K
Event: 852.302 GC heap after
Heap after GC invocations=101 (full 7):
 PSYoungGen      total 616448K, used 37945K [0x0000000795580000, 0x00000007bfe80000, 0x00000007c0000000)
  eden space 539136K, 0% used [0x0000000795580000,0x0000000795580000,0x00000007b6400000)
  from space 77312K, 49% used [0x00000007bb000000,0x00000007bd50e778,0x00000007bfb80000)
  to   space 77824K, 0% used [0x00000007b6400000,0x00000007b6400000,0x00000007bb000000)
 ParOldGen       total 644096K, used 472656K [0x0000000740000000, 0x0000000767500000, 0x0000000795580000)
  object space 644096K, 73% used [0x0000000740000000,0x000000075cd943e0,0x0000000767500000)
 Metaspace       used 251659K, capacity 264784K, committed 265112K, reserved 1280000K
  class space    used 31939K, capacity 34398K, committed 34472K, reserved 1048576K
}
Event: 860.988 GC heap before
{Heap before GC invocations=102 (full 7):
 PSYoungGen      total 616448K, used 577081K [0x0000000795580000, 0x00000007bfe80000, 0x00000007c0000000)
  eden space 539136K, 100% used [0x0000000795580000,0x00000007b6400000,0x00000007b6400000)
  from space 77312K, 49% used [0x00000007bb000000,0x00000007bd50e778,0x00000007bfb80000)
  to   space 77824K, 0% used [0x00000007b6400000,0x00000007b6400000,0x00000007bb000000)
 ParOldGen       total 644096K, used 472656K [0x0000000740000000, 0x0000000767500000, 0x0000000795580000)
  object space 644096K, 73% used [0x0000000740000000,0x000000075cd943e0,0x0000000767500000)
 Metaspace       used 263533K, capacity 277652K, committed 277912K, reserved 1290240K
  class space    used 33539K, capacity 36162K, committed 36264K, reserved 1048576K
Event: 861.116 GC heap after
Heap after GC invocations=102 (full 7):
 PSYoungGen      total 561152K, used 21930K [0x0000000795580000, 0x00000007bf680000, 0x00000007c0000000)
  eden space 539136K, 0% used [0x0000000795580000,0x0000000795580000,0x00000007b6400000)
  from space 22016K, 99% used [0x00000007b6400000,0x00000007b796aba0,0x00000007b7980000)
  to   space 72704K, 0% used [0x00000007baf80000,0x00000007baf80000,0x00000007bf680000)
 ParOldGen       total 644096K, used 492345K [0x0000000740000000, 0x0000000767500000, 0x0000000795580000)
  object space 644096K, 76% used [0x0000000740000000,0x000000075e0ce700,0x0000000767500000)
 Metaspace       used 263533K, capacity 277652K, committed 277912K, reserved 1290240K
  class space    used 33539K, capacity 36162K, committed 36264K, reserved 1048576K
}

