# JRE version: OpenJDK Runtime Environment (8.0_242) (build 1.8.0_242-release-1644-b3-6222593)
# Java VM: OpenJDK 64-Bit Server VM (25.242-b3-6222593 mixed mode bsd-amd64 compressed oops)
Heap:
 PSYoungGen      total 554496K, used 119654K [0x0000000795580000, 0x00000007bf880000, 0x00000007c0000000)
  eden space 428032K, 23% used [0x0000000795580000,0x000000079b928198,0x00000007af780000)
  from space 126464K, 13% used [0x00000007af780000,0x00000007b08b1910,0x00000007b7300000)
  to   space 121344K, 0% used [0x00000007b8200000,0x00000007b8200000,0x00000007bf880000)
 ParOldGen       total 556544K, used 499912K [0x0000000740000000, 0x0000000761f80000, 0x0000000795580000)
  object space 556544K, 89% used [0x0000000740000000,0x000000075e8322a8,0x0000000761f80000)
 Metaspace       used 166554K, capacity 177022K, committed 206976K, reserved 1230848K
  class space    used 20252K, capacity 21958K, committed 26496K, reserved 1048576K
GC Heap History (10 events):
Event: 10501.856 GC heap before
{Heap before GC invocations=105 (full 8):
 PSYoungGen      total 534528K, used 400566K [0x0000000795580000, 0x00000007c0000000, 0x00000007c0000000)
  eden space 380416K, 100% used [0x0000000795580000,0x00000007ac900000,0x00000007ac900000)
  from space 154112K, 13% used [0x00000007b5a80000,0x00000007b6e2d9c0,0x00000007bf100000)
  to   space 148992K, 0% used [0x00000007ac900000,0x00000007ac900000,0x00000007b5a80000)
 ParOldGen       total 556544K, used 480218K [0x0000000740000000, 0x0000000761f80000, 0x0000000795580000)
  object space 556544K, 86% used [0x0000000740000000,0x000000075d4f68a0,0x0000000761f80000)
 Metaspace       used 159682K, capacity 169988K, committed 206976K, reserved 1230848K
  class space    used 19488K, capacity 21175K, committed 26496K, reserved 1048576K
Event: 10502.004 GC heap after
Heap after GC invocations=105 (full 8):
 PSYoungGen      total 529408K, used 46536K [0x0000000795580000, 0x00000007be800000, 0x00000007c0000000)
  eden space 380416K, 0% used [0x0000000795580000,0x0000000795580000,0x00000007ac900000)
  from space 148992K, 31% used [0x00000007ac900000,0x00000007af6721f0,0x00000007b5a80000)
  to   space 139264K, 0% used [0x00000007b6000000,0x00000007b6000000,0x00000007be800000)
 ParOldGen       total 556544K, used 481888K [0x0000000740000000, 0x0000000761f80000, 0x0000000795580000)
  object space 556544K, 86% used [0x0000000740000000,0x000000075d6980a0,0x0000000761f80000)
 Metaspace       used 159682K, capacity 169988K, committed 206976K, reserved 1230848K
  class space    used 19488K, capacity 21175K, committed 26496K, reserved 1048576K
}
Event: 10557.254 GC heap before
{Heap before GC invocations=106 (full 8):
 PSYoungGen      total 529408K, used 426952K [0x0000000795580000, 0x00000007be800000, 0x00000007c0000000)
  eden space 380416K, 100% used [0x0000000795580000,0x00000007ac900000,0x00000007ac900000)
  from space 148992K, 31% used [0x00000007ac900000,0x00000007af6721f0,0x00000007b5a80000)
  to   space 139264K, 0% used [0x00000007b6000000,0x00000007b6000000,0x00000007be800000)
 ParOldGen       total 556544K, used 481888K [0x0000000740000000, 0x0000000761f80000, 0x0000000795580000)
  object space 556544K, 86% used [0x0000000740000000,0x000000075d6980a0,0x0000000761f80000)
 Metaspace       used 159736K, capacity 170112K, committed 206976K, reserved 1230848K
  class space    used 19493K, capacity 21185K, committed 26496K, reserved 1048576K
Event: 10557.478 GC heap after
Heap after GC invocations=106 (full 8):
 PSYoungGen      total 537600K, used 6464K [0x0000000795580000, 0x00000007bf180000, 0x00000007c0000000)
  eden space 398336K, 0% used [0x0000000795580000,0x0000000795580000,0x00000007ada80000)
  from space 139264K, 4% used [0x00000007b6000000,0x00000007b6650000,0x00000007be800000)
  to   space 136704K, 0% used [0x00000007ada80000,0x00000007ada80000,0x00000007b6000000)
 ParOldGen       total 556544K, used 482742K [0x0000000740000000, 0x0000000761f80000, 0x0000000795580000)
  object space 556544K, 86% used [0x0000000740000000,0x000000075d76d850,0x0000000761f80000)
 Metaspace       used 159736K, capacity 170112K, committed 206976K, reserved 1230848K
  class space    used 19493K, capacity 21185K, committed 26496K, reserved 1048576K
}
Event: 10673.320 GC heap before
{Heap before GC invocations=107 (full 8):
 PSYoungGen      total 537600K, used 404800K [0x0000000795580000, 0x00000007bf180000, 0x00000007c0000000)
  eden space 398336K, 100% used [0x0000000795580000,0x00000007ada80000,0x00000007ada80000)
  from space 139264K, 4% used [0x00000007b6000000,0x00000007b6650000,0x00000007be800000)
  to   space 136704K, 0% used [0x00000007ada80000,0x00000007ada80000,0x00000007b6000000)
 ParOldGen       total 556544K, used 482742K [0x0000000740000000, 0x0000000761f80000, 0x0000000795580000)
  object space 556544K, 86% used [0x0000000740000000,0x000000075d76d850,0x0000000761f80000)
 Metaspace       used 159751K, capacity 170176K, committed 206976K, reserved 1230848K
  class space    used 19493K, capacity 21185K, committed 26496K, reserved 1048576K
Event: 10673.523 GC heap after
Heap after GC invocations=107 (full 8):
 PSYoungGen      total 535040K, used 5280K [0x0000000795580000, 0x00000007bf880000, 0x00000007c0000000)
  eden space 398336K, 0% used [0x0000000795580000,0x0000000795580000,0x00000007ada80000)
  from space 136704K, 3% used [0x00000007ada80000,0x00000007adfa8000,0x00000007b6000000)
  to   space 134144K, 0% used [0x00000007b7580000,0x00000007b7580000,0x00000007bf880000)
 ParOldGen       total 556544K, used 483195K [0x0000000740000000, 0x0000000761f80000, 0x0000000795580000)
  object space 556544K, 86% used [0x0000000740000000,0x000000075d7decc8,0x0000000761f80000)
 Metaspace       used 159751K, capacity 170176K, committed 206976K, reserved 1230848K
  class space    used 19493K, capacity 21185K, committed 26496K, reserved 1048576K
}
Event: 10678.581 GC heap before
{Heap before GC invocations=108 (full 8):
 PSYoungGen      total 535040K, used 403616K [0x0000000795580000, 0x00000007bf880000, 0x00000007c0000000)
  eden space 398336K, 100% used [0x0000000795580000,0x00000007ada80000,0x00000007ada80000)
  from space 136704K, 3% used [0x00000007ada80000,0x00000007adfa8000,0x00000007b6000000)
  to   space 134144K, 0% used [0x00000007b7580000,0x00000007b7580000,0x00000007bf880000)
 ParOldGen       total 556544K, used 483195K [0x0000000740000000, 0x0000000761f80000, 0x0000000795580000)
  object space 556544K, 86% used [0x0000000740000000,0x000000075d7decc8,0x0000000761f80000)
 Metaspace       used 159773K, capacity 170176K, committed 206976K, reserved 1230848K
  class space    used 19493K, capacity 21185K, committed 26496K, reserved 1048576K
Event: 10678.679 GC heap after
Heap after GC invocations=108 (full 8):
 PSYoungGen      total 551936K, used 26395K [0x0000000795580000, 0x00000007bee80000, 0x00000007c0000000)
  eden space 428032K, 0% used [0x0000000795580000,0x0000000795580000,0x00000007af780000)
  from space 123904K, 21% used [0x00000007b7580000,0x00000007b8f46eb0,0x00000007bee80000)
  to   space 126464K, 0% used [0x00000007af780000,0x00000007af780000,0x00000007b7300000)
 ParOldGen       total 556544K, used 485111K [0x0000000740000000, 0x0000000761f80000, 0x0000000795580000)
  object space 556544K, 87% used [0x0000000740000000,0x000000075d9bdc80,0x0000000761f80000)
 Metaspace       used 159773K, capacity 170176K, committed 206976K, reserved 1230848K
  class space    used 19493K, capacity 21185K, committed 26496K, reserved 1048576K
}
Event: 10686.042 GC heap before
{Heap before GC invocations=109 (full 8):
 PSYoungGen      total 551936K, used 454427K [0x0000000795580000, 0x00000007bee80000, 0x00000007c0000000)
  eden space 428032K, 100% used [0x0000000795580000,0x00000007af780000,0x00000007af780000)
  from space 123904K, 21% used [0x00000007b7580000,0x00000007b8f46eb0,0x00000007bee80000)
  to   space 126464K, 0% used [0x00000007af780000,0x00000007af780000,0x00000007b7300000)
 ParOldGen       total 556544K, used 485111K [0x0000000740000000, 0x0000000761f80000, 0x0000000795580000)
  object space 556544K, 87% used [0x0000000740000000,0x000000075d9bdc80,0x0000000761f80000)
 Metaspace       used 166526K, capacity 176986K, committed 206976K, reserved 1230848K
  class space    used 20249K, capacity 21952K, committed 26496K, reserved 1048576K
Event: 10686.159 GC heap after
Heap after GC invocations=109 (full 8):
 PSYoungGen      total 554496K, used 17606K [0x0000000795580000, 0x00000007bf880000, 0x00000007c0000000)
  eden space 428032K, 0% used [0x0000000795580000,0x0000000795580000,0x00000007af780000)
  from space 126464K, 13% used [0x00000007af780000,0x00000007b08b1910,0x00000007b7300000)
  to   space 121344K, 0% used [0x00000007b8200000,0x00000007b8200000,0x00000007bf880000)
 ParOldGen       total 556544K, used 499912K [0x0000000740000000, 0x0000000761f80000, 0x0000000795580000)
  object space 556544K, 89% used [0x0000000740000000,0x000000075e8322a8,0x0000000761f80000)
 Metaspace       used 166526K, capacity 176986K, committed 206976K, reserved 1230848K
  class space    used 20249K, capacity 21952K, committed 26496K, reserved 1048576K
}

