# JRE version: OpenJDK Runtime Environment (8.0_242) (build 1.8.0_242-release-1644-b3-6222593)
# Java VM: OpenJDK 64-Bit Server VM (25.242-b3-6222593 mixed mode bsd-amd64 compressed oops)
Heap:
 PSYoungGen      total 465920K, used 258903K [0x0000000795580000, 0x00000007c0000000, 0x00000007c0000000)
  eden space 232960K, 100% used [0x0000000795580000,0x00000007a3900000,0x00000007a3900000)
  from space 232960K, 11% used [0x00000007a3900000,0x00000007a5255fe0,0x00000007b1c80000)
  to   space 232960K, 2% used [0x00000007b1c80000,0x00000007b22a0020,0x00000007c0000000)
 ParOldGen       total 538112K, used 154884K [0x0000000740000000, 0x0000000760d80000, 0x0000000795580000)
  object space 538112K, 28% used [0x0000000740000000,0x0000000749741208,0x0000000760d80000)
 Metaspace       used 164990K, capacity 176246K, committed 214144K, reserved 1236992K
  class space    used 19750K, capacity 21663K, committed 27264K, reserved 1048576K
GC Heap History (10 events):
Event: 40559.312 GC heap after
Heap after GC invocations=408 (full 24):
 PSYoungGen      total 465920K, used 149522K [0x0000000795580000, 0x00000007c0000000, 0x00000007c0000000)
  eden space 232960K, 0% used [0x0000000795580000,0x0000000795580000,0x00000007a3900000)
  from space 232960K, 64% used [0x00000007b1c80000,0x00000007bae848f8,0x00000007c0000000)
  to   space 232960K, 0% used [0x00000007a3900000,0x00000007a3900000,0x00000007b1c80000)
 ParOldGen       total 841728K, used 705968K [0x0000000740000000, 0x0000000773600000, 0x0000000795580000)
  object space 841728K, 83% used [0x0000000740000000,0x000000076b16c2c8,0x0000000773600000)
 Metaspace       used 173005K, capacity 184652K, committed 214144K, reserved 1236992K
  class space    used 20689K, capacity 22680K, committed 27264K, reserved 1048576K
}
Event: 40562.065 GC heap before
{Heap before GC invocations=409 (full 24):
 PSYoungGen      total 465920K, used 382482K [0x0000000795580000, 0x00000007c0000000, 0x00000007c0000000)
  eden space 232960K, 100% used [0x0000000795580000,0x00000007a3900000,0x00000007a3900000)
  from space 232960K, 64% used [0x00000007b1c80000,0x00000007bae848f8,0x00000007c0000000)
  to   space 232960K, 0% used [0x00000007a3900000,0x00000007a3900000,0x00000007b1c80000)
 ParOldGen       total 841728K, used 705968K [0x0000000740000000, 0x0000000773600000, 0x0000000795580000)
  object space 841728K, 83% used [0x0000000740000000,0x000000076b16c2c8,0x0000000773600000)
 Metaspace       used 173029K, capacity 184742K, committed 214144K, reserved 1236992K
  class space    used 20693K, capacity 22685K, committed 27264K, reserved 1048576K
Event: 40562.932 GC heap after
Heap after GC invocations=409 (full 24):
 PSYoungGen      total 465920K, used 64021K [0x0000000795580000, 0x00000007c0000000, 0x00000007c0000000)
  eden space 232960K, 0% used [0x0000000795580000,0x0000000795580000,0x00000007a3900000)
  from space 232960K, 27% used [0x00000007a3900000,0x00000007a7785410,0x00000007b1c80000)
  to   space 232960K, 0% used [0x00000007b1c80000,0x00000007b1c80000,0x00000007c0000000)
 ParOldGen       total 841728K, used 807316K [0x0000000740000000, 0x0000000773600000, 0x0000000795580000)
  object space 841728K, 95% used [0x0000000740000000,0x00000007714651d0,0x0000000773600000)
 Metaspace       used 173029K, capacity 184742K, committed 214144K, reserved 1236992K
  class space    used 20693K, capacity 22685K, committed 27264K, reserved 1048576K
}
Event: 40562.932 GC heap before
{Heap before GC invocations=410 (full 25):
 PSYoungGen      total 465920K, used 64021K [0x0000000795580000, 0x00000007c0000000, 0x00000007c0000000)
  eden space 232960K, 0% used [0x0000000795580000,0x0000000795580000,0x00000007a3900000)
  from space 232960K, 27% used [0x00000007a3900000,0x00000007a7785410,0x00000007b1c80000)
  to   space 232960K, 0% used [0x00000007b1c80000,0x00000007b1c80000,0x00000007c0000000)
 ParOldGen       total 841728K, used 807316K [0x0000000740000000, 0x0000000773600000, 0x0000000795580000)
  object space 841728K, 95% used [0x0000000740000000,0x00000007714651d0,0x0000000773600000)
 Metaspace       used 173029K, capacity 184742K, committed 214144K, reserved 1236992K
  class space    used 20693K, capacity 22685K, committed 27264K, reserved 1048576K
Event: 40565.691 GC heap after
Heap after GC invocations=410 (full 25):
 PSYoungGen      total 465920K, used 0K [0x0000000795580000, 0x00000007c0000000, 0x00000007c0000000)
  eden space 232960K, 0% used [0x0000000795580000,0x0000000795580000,0x00000007a3900000)
  from space 232960K, 0% used [0x00000007a3900000,0x00000007a3900000,0x00000007b1c80000)
  to   space 232960K, 0% used [0x00000007b1c80000,0x00000007b1c80000,0x00000007c0000000)
 ParOldGen       total 538112K, used 150587K [0x0000000740000000, 0x0000000760d80000, 0x0000000795580000)
  object space 538112K, 27% used [0x0000000740000000,0x000000074930eda0,0x0000000760d80000)
 Metaspace       used 164980K, capacity 176246K, committed 214144K, reserved 1236992K
  class space    used 19750K, capacity 21663K, committed 27264K, reserved 1048576K
}
Event: 40568.361 GC heap before
{Heap before GC invocations=411 (full 25):
 PSYoungGen      total 465920K, used 232960K [0x0000000795580000, 0x00000007c0000000, 0x00000007c0000000)
  eden space 232960K, 100% used [0x0000000795580000,0x00000007a3900000,0x00000007a3900000)
  from space 232960K, 0% used [0x00000007a3900000,0x00000007a3900000,0x00000007b1c80000)
  to   space 232960K, 0% used [0x00000007b1c80000,0x00000007b1c80000,0x00000007c0000000)
 ParOldGen       total 538112K, used 150587K [0x0000000740000000, 0x0000000760d80000, 0x0000000795580000)
  object space 538112K, 27% used [0x0000000740000000,0x000000074930eda0,0x0000000760d80000)
 Metaspace       used 164981K, capacity 176246K, committed 214144K, reserved 1236992K
  class space    used 19750K, capacity 21663K, committed 27264K, reserved 1048576K
Event: 40568.392 GC heap after
Heap after GC invocations=411 (full 25):
 PSYoungGen      total 465920K, used 15158K [0x0000000795580000, 0x00000007c0000000, 0x00000007c0000000)
  eden space 232960K, 0% used [0x0000000795580000,0x0000000795580000,0x00000007a3900000)
  from space 232960K, 6% used [0x00000007b1c80000,0x00000007b2b4d8f0,0x00000007c0000000)
  to   space 232960K, 0% used [0x00000007a3900000,0x00000007a3900000,0x00000007b1c80000)
 ParOldGen       total 538112K, used 150587K [0x0000000740000000, 0x0000000760d80000, 0x0000000795580000)
  object space 538112K, 27% used [0x0000000740000000,0x000000074930eda0,0x0000000760d80000)
 Metaspace       used 164981K, capacity 176246K, committed 214144K, reserved 1236992K
  class space    used 19750K, capacity 21663K, committed 27264K, reserved 1048576K
}
Event: 40569.920 GC heap before
{Heap before GC invocations=412 (full 25):
 PSYoungGen      total 465920K, used 248118K [0x0000000795580000, 0x00000007c0000000, 0x00000007c0000000)
  eden space 232960K, 100% used [0x0000000795580000,0x00000007a3900000,0x00000007a3900000)
  from space 232960K, 6% used [0x00000007b1c80000,0x00000007b2b4d8f0,0x00000007c0000000)
  to   space 232960K, 0% used [0x00000007a3900000,0x00000007a3900000,0x00000007b1c80000)
 ParOldGen       total 538112K, used 150587K [0x0000000740000000, 0x0000000760d80000, 0x0000000795580000)
  object space 538112K, 27% used [0x0000000740000000,0x000000074930eda0,0x0000000760d80000)
 Metaspace       used 164981K, capacity 176246K, committed 214144K, reserved 1236992K
  class space    used 19750K, capacity 21663K, committed 27264K, reserved 1048576K
Event: 40569.958 GC heap after
Heap after GC invocations=412 (full 25):
 PSYoungGen      total 465920K, used 25943K [0x0000000795580000, 0x00000007c0000000, 0x00000007c0000000)
  eden space 232960K, 0% used [0x0000000795580000,0x0000000795580000,0x00000007a3900000)
  from space 232960K, 11% used [0x00000007a3900000,0x00000007a5255fe0,0x00000007b1c80000)
  to   space 232960K, 0% used [0x00000007b1c80000,0x00000007b1c80000,0x00000007c0000000)
 ParOldGen       total 538112K, used 150587K [0x0000000740000000, 0x0000000760d80000, 0x0000000795580000)
  object space 538112K, 27% used [0x0000000740000000,0x000000074930eda0,0x0000000760d80000)
 Metaspace       used 164981K, capacity 176246K, committed 214144K, reserved 1236992K
  class space    used 19750K, capacity 21663K, committed 27264K, reserved 1048576K
}
Event: 40712.394 GC heap before
{Heap before GC invocations=413 (full 25):
 PSYoungGen      total 465920K, used 258903K [0x0000000795580000, 0x00000007c0000000, 0x00000007c0000000)
  eden space 232960K, 100% used [0x0000000795580000,0x00000007a3900000,0x00000007a3900000)
  from space 232960K, 11% used [0x00000007a3900000,0x00000007a5255fe0,0x00000007b1c80000)
  to   space 232960K, 0% used [0x00000007b1c80000,0x00000007b1c80000,0x00000007c0000000)
 ParOldGen       total 538112K, used 150587K [0x0000000740000000, 0x0000000760d80000, 0x0000000795580000)
  object space 538112K, 27% used [0x0000000740000000,0x000000074930eda0,0x0000000760d80000)
 Metaspace       used 164990K, capacity 176246K, committed 214144K, reserved 1236992K
  class space    used 19750K, capacity 21663K, committed 27264K, reserved 1048576K

