# JRE version: OpenJDK Runtime Environment (8.0_242) (build 1.8.0_242-release-1644-b3-6222593)
# Java VM: OpenJDK 64-Bit Server VM (25.242-b3-6222593 mixed mode bsd-amd64 compressed oops)
Heap:
 PSYoungGen      total 388608K, used 365793K [0x0000000795580000, 0x00000007c0000000, 0x00000007c0000000)
  eden space 246272K, 99% used [0x0000000795580000,0x00000007a4540760,0x00000007a4600000)
  from space 142336K, 84% used [0x00000007b7500000,0x00000007bea77d88,0x00000007c0000000)
  to   space 226304K, 0% used [0x00000007a4600000,0x00000007a4600000,0x00000007b2300000)
 ParOldGen       total 745984K, used 409962K [0x0000000740000000, 0x000000076d880000, 0x0000000795580000)
  object space 745984K, 54% used [0x0000000740000000,0x000000075905abb0,0x000000076d880000)
 Metaspace       used 170807K, capacity 180790K, committed 181016K, reserved 1208320K
  class space    used 21027K, capacity 23046K, committed 23088K, reserved 1048576K
GC Heap History (10 events):
Event: 1486.183 GC heap before
{Heap before GC invocations=84 (full 9):
 PSYoungGen      total 532992K, used 430270K [0x0000000795580000, 0x00000007bec80000, 0x00000007c0000000)
  eden space 406528K, 99% used [0x0000000795580000,0x00000007ae27fba8,0x00000007ae280000)
  from space 126464K, 18% used [0x00000007b7100000,0x00000007b8830040,0x00000007bec80000)
  to   space 136192K, 0% used [0x00000007ae280000,0x00000007ae280000,0x00000007b6780000)
 ParOldGen       total 758272K, used 562809K [0x0000000740000000, 0x000000076e480000, 0x0000000795580000)
  object space 758272K, 74% used [0x0000000740000000,0x000000076259e4b8,0x000000076e480000)
 Metaspace       used 164043K, capacity 174130K, committed 174360K, reserved 1202176K
  class space    used 20263K, capacity 22286K, committed 22320K, reserved 1048576K
Event: 1486.315 GC heap after
Heap after GC invocations=84 (full 9):
 PSYoungGen      total 542720K, used 26564K [0x0000000795580000, 0x00000007bf900000, 0x00000007c0000000)
  eden space 406528K, 0% used [0x0000000795580000,0x0000000795580000,0x00000007ae280000)
  from space 136192K, 19% used [0x00000007ae280000,0x00000007afc71180,0x00000007b6780000)
  to   space 129024K, 0% used [0x00000007b7b00000,0x00000007b7b00000,0x00000007bf900000)
 ParOldGen       total 758272K, used 562817K [0x0000000740000000, 0x000000076e480000, 0x0000000795580000)
  object space 758272K, 74% used [0x0000000740000000,0x00000007625a04b8,0x000000076e480000)
 Metaspace       used 164043K, capacity 174130K, committed 174360K, reserved 1202176K
  class space    used 20263K, capacity 22286K, committed 22320K, reserved 1048576K
}
Event: 1488.345 GC heap before
{Heap before GC invocations=85 (full 9):
 PSYoungGen      total 542720K, used 433092K [0x0000000795580000, 0x00000007bf900000, 0x00000007c0000000)
  eden space 406528K, 100% used [0x0000000795580000,0x00000007ae280000,0x00000007ae280000)
  from space 136192K, 19% used [0x00000007ae280000,0x00000007afc71180,0x00000007b6780000)
  to   space 129024K, 0% used [0x00000007b7b00000,0x00000007b7b00000,0x00000007bf900000)
 ParOldGen       total 758272K, used 562817K [0x0000000740000000, 0x000000076e480000, 0x0000000795580000)
  object space 758272K, 74% used [0x0000000740000000,0x00000007625a04b8,0x000000076e480000)
 Metaspace       used 164340K, capacity 174478K, committed 174744K, reserved 1202176K
  class space    used 20292K, capacity 22334K, committed 22448K, reserved 1048576K
Event: 1488.667 GC heap after
Heap after GC invocations=85 (full 9):
 PSYoungGen      total 543232K, used 98907K [0x0000000795580000, 0x00000007c0000000, 0x00000007c0000000)
  eden space 414208K, 0% used [0x0000000795580000,0x0000000795580000,0x00000007aea00000)
  from space 129024K, 76% used [0x00000007b7b00000,0x00000007bdb96e40,0x00000007bf900000)
  to   space 142336K, 0% used [0x00000007aea00000,0x00000007aea00000,0x00000007b7500000)
 ParOldGen       total 758272K, used 562817K [0x0000000740000000, 0x000000076e480000, 0x0000000795580000)
  object space 758272K, 74% used [0x0000000740000000,0x00000007625a04b8,0x000000076e480000)
 Metaspace       used 164340K, capacity 174478K, committed 174744K, reserved 1202176K
  class space    used 20292K, capacity 22334K, committed 22448K, reserved 1048576K
}
Event: 1490.149 GC heap before
{Heap before GC invocations=86 (full 9):
 PSYoungGen      total 543232K, used 513115K [0x0000000795580000, 0x00000007c0000000, 0x00000007c0000000)
  eden space 414208K, 100% used [0x0000000795580000,0x00000007aea00000,0x00000007aea00000)
  from space 129024K, 76% used [0x00000007b7b00000,0x00000007bdb96e40,0x00000007bf900000)
  to   space 142336K, 0% used [0x00000007aea00000,0x00000007aea00000,0x00000007b7500000)
 ParOldGen       total 758272K, used 562817K [0x0000000740000000, 0x000000076e480000, 0x0000000795580000)
  object space 758272K, 74% used [0x0000000740000000,0x00000007625a04b8,0x000000076e480000)
 Metaspace       used 166999K, capacity 177168K, committed 177304K, reserved 1204224K
  class space    used 20539K, capacity 22591K, committed 22704K, reserved 1048576K
Event: 1491.449 GC heap after
Heap after GC invocations=86 (full 9):
 PSYoungGen      total 556544K, used 142335K [0x0000000795580000, 0x00000007c0000000, 0x00000007c0000000)
  eden space 414208K, 0% used [0x0000000795580000,0x0000000795580000,0x00000007aea00000)
  from space 142336K, 99% used [0x00000007aea00000,0x00000007b74ffcc8,0x00000007b7500000)
  to   space 142336K, 0% used [0x00000007b7500000,0x00000007b7500000,0x00000007c0000000)
 ParOldGen       total 758272K, used 708700K [0x0000000740000000, 0x000000076e480000, 0x0000000795580000)
  object space 758272K, 93% used [0x0000000740000000,0x000000076b4171d0,0x000000076e480000)
 Metaspace       used 166999K, capacity 177168K, committed 177304K, reserved 1204224K
  class space    used 20539K, capacity 22591K, committed 22704K, reserved 1048576K
}
Event: 1491.449 GC heap before
{Heap before GC invocations=87 (full 10):
 PSYoungGen      total 556544K, used 142335K [0x0000000795580000, 0x00000007c0000000, 0x00000007c0000000)
  eden space 414208K, 0% used [0x0000000795580000,0x0000000795580000,0x00000007aea00000)
  from space 142336K, 99% used [0x00000007aea00000,0x00000007b74ffcc8,0x00000007b7500000)
  to   space 142336K, 0% used [0x00000007b7500000,0x00000007b7500000,0x00000007c0000000)
 ParOldGen       total 758272K, used 708700K [0x0000000740000000, 0x000000076e480000, 0x0000000795580000)
  object space 758272K, 93% used [0x0000000740000000,0x000000076b4171d0,0x000000076e480000)
 Metaspace       used 166999K, capacity 177168K, committed 177304K, reserved 1204224K
  class space    used 20539K, capacity 22591K, committed 22704K, reserved 1048576K
Event: 1498.969 GC heap after
Heap after GC invocations=87 (full 10):
 PSYoungGen      total 556544K, used 0K [0x0000000795580000, 0x00000007c0000000, 0x00000007c0000000)
  eden space 414208K, 0% used [0x0000000795580000,0x0000000795580000,0x00000007aea00000)
  from space 142336K, 0% used [0x00000007aea00000,0x00000007aea00000,0x00000007b7500000)
  to   space 142336K, 0% used [0x00000007b7500000,0x00000007b7500000,0x00000007c0000000)
 ParOldGen       total 745984K, used 409954K [0x0000000740000000, 0x000000076d880000, 0x0000000795580000)
  object space 745984K, 54% used [0x0000000740000000,0x0000000759058bb0,0x000000076d880000)
 Metaspace       used 166917K, capacity 176880K, committed 177304K, reserved 1204224K
  class space    used 20523K, capacity 22543K, committed 22704K, reserved 1048576K
}
Event: 1503.786 GC heap before
{Heap before GC invocations=88 (full 10):
 PSYoungGen      total 556544K, used 414208K [0x0000000795580000, 0x00000007c0000000, 0x00000007c0000000)
  eden space 414208K, 100% used [0x0000000795580000,0x00000007aea00000,0x00000007aea00000)
  from space 142336K, 0% used [0x00000007aea00000,0x00000007aea00000,0x00000007b7500000)
  to   space 142336K, 0% used [0x00000007b7500000,0x00000007b7500000,0x00000007c0000000)
 ParOldGen       total 745984K, used 409954K [0x0000000740000000, 0x000000076d880000, 0x0000000795580000)
  object space 745984K, 54% used [0x0000000740000000,0x0000000759058bb0,0x000000076d880000)
 Metaspace       used 170774K, capacity 180720K, committed 181016K, reserved 1208320K
  class space    used 21026K, capacity 23045K, committed 23088K, reserved 1048576K
Event: 1504.120 GC heap after
Heap after GC invocations=88 (full 10):
 PSYoungGen      total 388608K, used 120287K [0x0000000795580000, 0x00000007c0000000, 0x00000007c0000000)
  eden space 246272K, 0% used [0x0000000795580000,0x0000000795580000,0x00000007a4600000)
  from space 142336K, 84% used [0x00000007b7500000,0x00000007bea77d88,0x00000007c0000000)
  to   space 226304K, 0% used [0x00000007a4600000,0x00000007a4600000,0x00000007b2300000)
 ParOldGen       total 745984K, used 409962K [0x0000000740000000, 0x000000076d880000, 0x0000000795580000)
  object space 745984K, 54% used [0x0000000740000000,0x000000075905abb0,0x000000076d880000)
 Metaspace       used 170774K, capacity 180720K, committed 181016K, reserved 1208320K
  class space    used 21026K, capacity 23045K, committed 23088K, reserved 1048576K
}

