# JRE version: OpenJDK Runtime Environment (8.0_242) (build 1.8.0_242-release-1644-b3-6222593)
# Java VM: OpenJDK 64-Bit Server VM (25.242-b3-6222593 mixed mode bsd-amd64 compressed oops)
Heap:
 PSYoungGen      total 546304K, used 33506K [0x0000000795580000, 0x00000007bf500000, 0x00000007c0000000)
  eden space 409088K, 0% used [0x0000000795580000,0x0000000795580000,0x00000007ae500000)
  from space 137216K, 24% used [0x00000007b6f00000,0x00000007b8fb8ad8,0x00000007bf500000)
  to   space 139264K, 0% used [0x00000007ae500000,0x00000007ae500000,0x00000007b6d00000)
 ParOldGen       total 680448K, used 635535K [0x0000000740000000, 0x0000000769880000, 0x0000000795580000)
  object space 680448K, 93% used [0x0000000740000000,0x0000000766ca3db8,0x0000000769880000)
 Metaspace       used 185265K, capacity 196414K, committed 213464K, reserved 1236992K
  class space    used 22213K, capacity 24147K, committed 26880K, reserved 1048576K
GC Heap History (10 events):
Event: 11023.036 GC heap after
Heap after GC invocations=84 (full 8):
 PSYoungGen      total 531968K, used 6560K [0x0000000795580000, 0x00000007bf400000, 0x00000007c0000000)
  eden space 381440K, 0% used [0x0000000795580000,0x0000000795580000,0x00000007aca00000)
  from space 150528K, 4% used [0x00000007b6100000,0x00000007b6768200,0x00000007bf400000)
  to   space 152576K, 0% used [0x00000007aca00000,0x00000007aca00000,0x00000007b5f00000)
 ParOldGen       total 680448K, used 591821K [0x0000000740000000, 0x0000000769880000, 0x0000000795580000)
  object space 680448K, 86% used [0x0000000740000000,0x00000007641f3420,0x0000000769880000)
 Metaspace       used 177650K, capacity 188624K, committed 213464K, reserved 1236992K
  class space    used 21394K, capacity 23300K, committed 26880K, reserved 1048576K
}
Event: 11027.269 GC heap before
{Heap before GC invocations=85 (full 8):
 PSYoungGen      total 531968K, used 388000K [0x0000000795580000, 0x00000007bf400000, 0x00000007c0000000)
  eden space 381440K, 100% used [0x0000000795580000,0x00000007aca00000,0x00000007aca00000)
  from space 150528K, 4% used [0x00000007b6100000,0x00000007b6768200,0x00000007bf400000)
  to   space 152576K, 0% used [0x00000007aca00000,0x00000007aca00000,0x00000007b5f00000)
 ParOldGen       total 680448K, used 591821K [0x0000000740000000, 0x0000000769880000, 0x0000000795580000)
  object space 680448K, 86% used [0x0000000740000000,0x00000007641f3420,0x0000000769880000)
 Metaspace       used 177710K, capacity 188748K, committed 213464K, reserved 1236992K
  class space    used 21400K, capacity 23310K, committed 26880K, reserved 1048576K
Event: 11027.429 GC heap after
Heap after GC invocations=85 (full 8):
 PSYoungGen      total 534016K, used 19530K [0x0000000795580000, 0x00000007bf400000, 0x00000007c0000000)
  eden space 381440K, 0% used [0x0000000795580000,0x0000000795580000,0x00000007aca00000)
  from space 152576K, 12% used [0x00000007aca00000,0x00000007add12a60,0x00000007b5f00000)
  to   space 145408K, 0% used [0x00000007b6600000,0x00000007b6600000,0x00000007bf400000)
 ParOldGen       total 680448K, used 595583K [0x0000000740000000, 0x0000000769880000, 0x0000000795580000)
  object space 680448K, 87% used [0x0000000740000000,0x000000076459fe70,0x0000000769880000)
 Metaspace       used 177710K, capacity 188748K, committed 213464K, reserved 1236992K
  class space    used 21400K, capacity 23310K, committed 26880K, reserved 1048576K
}
Event: 11036.446 GC heap before
{Heap before GC invocations=86 (full 8):
 PSYoungGen      total 534016K, used 400970K [0x0000000795580000, 0x00000007bf400000, 0x00000007c0000000)
  eden space 381440K, 100% used [0x0000000795580000,0x00000007aca00000,0x00000007aca00000)
  from space 152576K, 12% used [0x00000007aca00000,0x00000007add12a60,0x00000007b5f00000)
  to   space 145408K, 0% used [0x00000007b6600000,0x00000007b6600000,0x00000007bf400000)
 ParOldGen       total 680448K, used 595583K [0x0000000740000000, 0x0000000769880000, 0x0000000795580000)
  object space 680448K, 87% used [0x0000000740000000,0x000000076459fe70,0x0000000769880000)
 Metaspace       used 177745K, capacity 188824K, committed 213464K, reserved 1236992K
  class space    used 21402K, capacity 23312K, committed 26880K, reserved 1048576K
Event: 11036.489 GC heap after
Heap after GC invocations=86 (full 8):
 PSYoungGen      total 542208K, used 2526K [0x0000000795580000, 0x00000007bf100000, 0x00000007c0000000)
  eden space 399872K, 0% used [0x0000000795580000,0x0000000795580000,0x00000007adc00000)
  from space 142336K, 1% used [0x00000007b6600000,0x00000007b6877bc0,0x00000007bf100000)
  to   space 141312K, 0% used [0x00000007adc00000,0x00000007adc00000,0x00000007b6600000)
 ParOldGen       total 680448K, used 612424K [0x0000000740000000, 0x0000000769880000, 0x0000000795580000)
  object space 680448K, 90% used [0x0000000740000000,0x0000000765612080,0x0000000769880000)
 Metaspace       used 177745K, capacity 188824K, committed 213464K, reserved 1236992K
  class space    used 21402K, capacity 23312K, committed 26880K, reserved 1048576K
}
Event: 11041.369 GC heap before
{Heap before GC invocations=87 (full 8):
 PSYoungGen      total 542208K, used 402398K [0x0000000795580000, 0x00000007bf100000, 0x00000007c0000000)
  eden space 399872K, 100% used [0x0000000795580000,0x00000007adc00000,0x00000007adc00000)
  from space 142336K, 1% used [0x00000007b6600000,0x00000007b6877bc0,0x00000007bf100000)
  to   space 141312K, 0% used [0x00000007adc00000,0x00000007adc00000,0x00000007b6600000)
 ParOldGen       total 680448K, used 612424K [0x0000000740000000, 0x0000000769880000, 0x0000000795580000)
  object space 680448K, 90% used [0x0000000740000000,0x0000000765612080,0x0000000769880000)
 Metaspace       used 185222K, capacity 196394K, committed 213464K, reserved 1236992K
  class space    used 22210K, capacity 24143K, committed 26880K, reserved 1048576K
Event: 11041.668 GC heap after
Heap after GC invocations=87 (full 8):
 PSYoungGen      total 541184K, used 84563K [0x0000000795580000, 0x00000007c0000000, 0x00000007c0000000)
  eden space 399872K, 0% used [0x0000000795580000,0x0000000795580000,0x00000007adc00000)
  from space 141312K, 59% used [0x00000007adc00000,0x00000007b2e94e78,0x00000007b6600000)
  to   space 148480K, 0% used [0x00000007b6f00000,0x00000007b6f00000,0x00000007c0000000)
 ParOldGen       total 680448K, used 614265K [0x0000000740000000, 0x0000000769880000, 0x0000000795580000)
  object space 680448K, 90% used [0x0000000740000000,0x00000007657de4f8,0x0000000769880000)
 Metaspace       used 185222K, capacity 196394K, committed 213464K, reserved 1236992K
  class space    used 22210K, capacity 24143K, committed 26880K, reserved 1048576K
}
Event: 11056.158 GC heap before
{Heap before GC invocations=88 (full 8):
 PSYoungGen      total 541184K, used 484435K [0x0000000795580000, 0x00000007c0000000, 0x00000007c0000000)
  eden space 399872K, 100% used [0x0000000795580000,0x00000007adc00000,0x00000007adc00000)
  from space 141312K, 59% used [0x00000007adc00000,0x00000007b2e94e78,0x00000007b6600000)
  to   space 148480K, 0% used [0x00000007b6f00000,0x00000007b6f00000,0x00000007c0000000)
 ParOldGen       total 680448K, used 614265K [0x0000000740000000, 0x0000000769880000, 0x0000000795580000)
  object space 680448K, 90% used [0x0000000740000000,0x00000007657de4f8,0x0000000769880000)
 Metaspace       used 185265K, capacity 196414K, committed 213464K, reserved 1236992K
  class space    used 22213K, capacity 24147K, committed 26880K, reserved 1048576K
Event: 11056.298 GC heap after
Heap after GC invocations=88 (full 8):
 PSYoungGen      total 546304K, used 33506K [0x0000000795580000, 0x00000007bf500000, 0x00000007c0000000)
  eden space 409088K, 0% used [0x0000000795580000,0x0000000795580000,0x00000007ae500000)
  from space 137216K, 24% used [0x00000007b6f00000,0x00000007b8fb8ad8,0x00000007bf500000)
  to   space 139264K, 0% used [0x00000007ae500000,0x00000007ae500000,0x00000007b6d00000)
 ParOldGen       total 680448K, used 635535K [0x0000000740000000, 0x0000000769880000, 0x0000000795580000)
  object space 680448K, 93% used [0x0000000740000000,0x0000000766ca3db8,0x0000000769880000)
 Metaspace       used 185265K, capacity 196414K, committed 213464K, reserved 1236992K
  class space    used 22213K, capacity 24147K, committed 26880K, reserved 1048576K
}
Event: 11056.298 GC heap before
{Heap before GC invocations=89 (full 9):
 PSYoungGen      total 546304K, used 33506K [0x0000000795580000, 0x00000007bf500000, 0x00000007c0000000)
  eden space 409088K, 0% used [0x0000000795580000,0x0000000795580000,0x00000007ae500000)
  from space 137216K, 24% used [0x00000007b6f00000,0x00000007b8fb8ad8,0x00000007bf500000)
  to   space 139264K, 0% used [0x00000007ae500000,0x00000007ae500000,0x00000007b6d00000)
 ParOldGen       total 680448K, used 635535K [0x0000000740000000, 0x0000000769880000, 0x0000000795580000)
  object space 680448K, 93% used [0x0000000740000000,0x0000000766ca3db8,0x0000000769880000)
 Metaspace       used 185265K, capacity 196414K, committed 213464K, reserved 1236992K
  class space    used 22213K, capacity 24147K, committed 26880K, reserved 1048576K

