# JRE version: OpenJDK Runtime Environment (8.0_242) (build 1.8.0_242-release-1644-b3-6222593)
# Java VM: OpenJDK 64-Bit Server VM (25.242-b3-6222593 mixed mode bsd-amd64 compressed oops)
Heap:
 PSYoungGen      total 616448K, used 616446K [0x0000000795580000, 0x00000007c0000000, 0x00000007c0000000)
  eden space 534016K, 100% used [0x0000000795580000,0x00000007b5f00000,0x00000007b5f00000)
  from space 82432K, 99% used [0x00000007b5f00000,0x00000007baf7faf0,0x00000007baf80000)
  to   space 82432K, 99% used [0x00000007baf80000,0x00000007bffff398,0x00000007c0000000)
 ParOldGen       total 738304K, used 260038K [0x0000000740000000, 0x000000076d100000, 0x0000000795580000)
  object space 738304K, 35% used [0x0000000740000000,0x000000074fdf1b28,0x000000076d100000)
 Metaspace       used 364401K, capacity 383508K, committed 383960K, reserved 1386496K
  class space    used 43839K, capacity 47180K, committed 47360K, reserved 1048576K
GC Heap History (10 events):
Event: 57533.107 GC heap after
Heap after GC invocations=352 (full 23):
 PSYoungGen      total 603136K, used 31749K [0x0000000795580000, 0x00000007bfc00000, 0x00000007c0000000)
  eden space 570880K, 0% used [0x0000000795580000,0x0000000795580000,0x00000007b8300000)
  from space 32256K, 98% used [0x00000007b8300000,0x00000007ba201690,0x00000007ba280000)
  to   space 61952K, 0% used [0x00000007bbf80000,0x00000007bbf80000,0x00000007bfc00000)
 ParOldGen       total 738304K, used 152100K [0x0000000740000000, 0x000000076d100000, 0x0000000795580000)
  object space 738304K, 20% used [0x0000000740000000,0x0000000749489108,0x000000076d100000)
 Metaspace       used 344279K, capacity 362888K, committed 370136K, reserved 1374208K
  class space    used 41532K, capacity 44804K, committed 45824K, reserved 1048576K
}
Event: 57750.494 GC heap before
{Heap before GC invocations=353 (full 23):
 PSYoungGen      total 603136K, used 602629K [0x0000000795580000, 0x00000007bfc00000, 0x00000007c0000000)
  eden space 570880K, 100% used [0x0000000795580000,0x00000007b8300000,0x00000007b8300000)
  from space 32256K, 98% used [0x00000007b8300000,0x00000007ba201690,0x00000007ba280000)
  to   space 61952K, 0% used [0x00000007bbf80000,0x00000007bbf80000,0x00000007bfc00000)
 ParOldGen       total 738304K, used 152100K [0x0000000740000000, 0x000000076d100000, 0x0000000795580000)
  object space 738304K, 20% used [0x0000000740000000,0x0000000749489108,0x000000076d100000)
 Metaspace       used 350785K, capacity 369566K, committed 370136K, reserved 1374208K
  class space    used 42283K, capacity 45567K, committed 45824K, reserved 1048576K
Event: 57750.770 GC heap after
Heap after GC invocations=353 (full 23):
 PSYoungGen      total 634368K, used 31333K [0x0000000795580000, 0x00000007c0000000, 0x00000007c0000000)
  eden space 572416K, 0% used [0x0000000795580000,0x0000000795580000,0x00000007b8480000)
  from space 61952K, 50% used [0x00000007bbf80000,0x00000007bde19410,0x00000007bfc00000)
  to   space 60416K, 0% used [0x00000007b8480000,0x00000007b8480000,0x00000007bbf80000)
 ParOldGen       total 738304K, used 152124K [0x0000000740000000, 0x000000076d100000, 0x0000000795580000)
  object space 738304K, 20% used [0x0000000740000000,0x000000074948f108,0x000000076d100000)
 Metaspace       used 350785K, capacity 369566K, committed 370136K, reserved 1374208K
  class space    used 42283K, capacity 45567K, committed 45824K, reserved 1048576K
}
Event: 57758.115 GC heap before
{Heap before GC invocations=354 (full 23):
 PSYoungGen      total 634368K, used 603749K [0x0000000795580000, 0x00000007c0000000, 0x00000007c0000000)
  eden space 572416K, 100% used [0x0000000795580000,0x00000007b8480000,0x00000007b8480000)
  from space 61952K, 50% used [0x00000007bbf80000,0x00000007bde19410,0x00000007bfc00000)
  to   space 60416K, 0% used [0x00000007b8480000,0x00000007b8480000,0x00000007bbf80000)
 ParOldGen       total 738304K, used 152124K [0x0000000740000000, 0x000000076d100000, 0x0000000795580000)
  object space 738304K, 20% used [0x0000000740000000,0x000000074948f108,0x000000076d100000)
 Metaspace       used 353697K, capacity 372556K, committed 373208K, reserved 1376256K
  class space    used 42554K, capacity 45864K, committed 46080K, reserved 1048576K
Event: 57758.811 GC heap after
Heap after GC invocations=354 (full 23):
 PSYoungGen      total 632832K, used 60389K [0x0000000795580000, 0x00000007c0000000, 0x00000007c0000000)
  eden space 572416K, 0% used [0x0000000795580000,0x0000000795580000,0x00000007b8480000)
  from space 60416K, 99% used [0x00000007b8480000,0x00000007bbf79748,0x00000007bbf80000)
  to   space 66048K, 0% used [0x00000007bbf80000,0x00000007bbf80000,0x00000007c0000000)
 ParOldGen       total 738304K, used 171668K [0x0000000740000000, 0x000000076d100000, 0x0000000795580000)
  object space 738304K, 23% used [0x0000000740000000,0x000000074a7a5088,0x000000076d100000)
 Metaspace       used 353697K, capacity 372556K, committed 373208K, reserved 1376256K
  class space    used 42554K, capacity 45864K, committed 46080K, reserved 1048576K
}
Event: 58003.778 GC heap before
{Heap before GC invocations=355 (full 23):
 PSYoungGen      total 632832K, used 632805K [0x0000000795580000, 0x00000007c0000000, 0x00000007c0000000)
  eden space 572416K, 100% used [0x0000000795580000,0x00000007b8480000,0x00000007b8480000)
  from space 60416K, 99% used [0x00000007b8480000,0x00000007bbf79748,0x00000007bbf80000)
  to   space 66048K, 0% used [0x00000007bbf80000,0x00000007bbf80000,0x00000007c0000000)
 ParOldGen       total 738304K, used 171668K [0x0000000740000000, 0x000000076d100000, 0x0000000795580000)
  object space 738304K, 23% used [0x0000000740000000,0x000000074a7a5088,0x000000076d100000)
 Metaspace       used 357557K, capacity 376480K, committed 377048K, reserved 1380352K
  class space    used 43059K, capacity 46370K, committed 46592K, reserved 1048576K
Event: 58004.137 GC heap after
Heap after GC invocations=355 (full 23):
 PSYoungGen      total 600064K, used 59540K [0x0000000795580000, 0x00000007c0000000, 0x00000007c0000000)
  eden space 534016K, 0% used [0x0000000795580000,0x0000000795580000,0x00000007b5f00000)
  from space 66048K, 90% used [0x00000007bbf80000,0x00000007bf9a51d0,0x00000007c0000000)
  to   space 82432K, 0% used [0x00000007b5f00000,0x00000007b5f00000,0x00000007baf80000)
 ParOldGen       total 738304K, used 171692K [0x0000000740000000, 0x000000076d100000, 0x0000000795580000)
  object space 738304K, 23% used [0x0000000740000000,0x000000074a7ab088,0x000000076d100000)
 Metaspace       used 357557K, capacity 376480K, committed 377048K, reserved 1380352K
  class space    used 43059K, capacity 46370K, committed 46592K, reserved 1048576K
}
Event: 58013.302 GC heap before
{Heap before GC invocations=356 (full 23):
 PSYoungGen      total 600064K, used 593556K [0x0000000795580000, 0x00000007c0000000, 0x00000007c0000000)
  eden space 534016K, 100% used [0x0000000795580000,0x00000007b5f00000,0x00000007b5f00000)
  from space 66048K, 90% used [0x00000007bbf80000,0x00000007bf9a51d0,0x00000007c0000000)
  to   space 82432K, 0% used [0x00000007b5f00000,0x00000007b5f00000,0x00000007baf80000)
 ParOldGen       total 738304K, used 171692K [0x0000000740000000, 0x000000076d100000, 0x0000000795580000)
  object space 738304K, 23% used [0x0000000740000000,0x000000074a7ab088,0x000000076d100000)
 Metaspace       used 364290K, capacity 383346K, committed 383960K, reserved 1386496K
  class space    used 43836K, capacity 47175K, committed 47360K, reserved 1048576K
Event: 58014.944 GC heap after
Heap after GC invocations=356 (full 23):
 PSYoungGen      total 616448K, used 82430K [0x0000000795580000, 0x00000007c0000000, 0x00000007c0000000)
  eden space 534016K, 0% used [0x0000000795580000,0x0000000795580000,0x00000007b5f00000)
  from space 82432K, 99% used [0x00000007b5f00000,0x00000007baf7faf0,0x00000007baf80000)
  to   space 82432K, 0% used [0x00000007baf80000,0x00000007baf80000,0x00000007c0000000)
 ParOldGen       total 738304K, used 254414K [0x0000000740000000, 0x000000076d100000, 0x0000000795580000)
  object space 738304K, 34% used [0x0000000740000000,0x000000074f873b28,0x000000076d100000)
 Metaspace       used 364290K, capacity 383346K, committed 383960K, reserved 1386496K
  class space    used 43836K, capacity 47175K, committed 47360K, reserved 1048576K
}
Event: 58075.607 GC heap before
{Heap before GC invocations=357 (full 23):
 PSYoungGen      total 616448K, used 616446K [0x0000000795580000, 0x00000007c0000000, 0x00000007c0000000)
  eden space 534016K, 100% used [0x0000000795580000,0x00000007b5f00000,0x00000007b5f00000)
  from space 82432K, 99% used [0x00000007b5f00000,0x00000007baf7faf0,0x00000007baf80000)
  to   space 82432K, 0% used [0x00000007baf80000,0x00000007baf80000,0x00000007c0000000)
 ParOldGen       total 738304K, used 254414K [0x0000000740000000, 0x000000076d100000, 0x0000000795580000)
  object space 738304K, 34% used [0x0000000740000000,0x000000074f873b28,0x000000076d100000)
 Metaspace       used 364401K, capacity 383508K, committed 383960K, reserved 1386496K
  class space    used 43839K, capacity 47180K, committed 47360K, reserved 1048576K

