# JRE version: OpenJDK Runtime Environment (8.0_242) (build 1.8.0_242-release-1644-b3-6222593)
# Java VM: OpenJDK 64-Bit Server VM (25.242-b3-6222593 mixed mode bsd-amd64 compressed oops)
Heap:
 PSYoungGen      total 549376K, used 100495K [0x0000000795580000, 0x00000007bf700000, 0x00000007c0000000)
  eden space 419328K, 21% used [0x0000000795580000,0x000000079acc5470,0x00000007aef00000)
  from space 130048K, 8% used [0x00000007b7800000,0x00000007b82dea58,0x00000007bf700000)
  to   space 135168K, 0% used [0x00000007aef00000,0x00000007aef00000,0x00000007b7300000)
 ParOldGen       total 1004032K, used 545375K [0x0000000740000000, 0x000000077d480000, 0x0000000795580000)
  object space 1004032K, 54% used [0x0000000740000000,0x0000000761497e10,0x000000077d480000)
 Metaspace       used 205255K, capacity 219932K, committed 232256K, reserved 1251328K
  class space    used 25006K, capacity 27691K, committed 29800K, reserved 1048576K
GC Heap History (10 events):
Event: 9701.933 GC heap before
{Heap before GC invocations=298 (full 16):
 PSYoungGen      total 522752K, used 375461K [0x0000000795580000, 0x00000007bf900000, 0x00000007c0000000)
  eden space 355328K, 100% used [0x0000000795580000,0x00000007ab080000,0x00000007ab080000)
  from space 167424K, 12% used [0x00000007ab080000,0x00000007ac429650,0x00000007b5400000)
  to   space 160768K, 0% used [0x00000007b5c00000,0x00000007b5c00000,0x00000007bf900000)
 ParOldGen       total 1004032K, used 495252K [0x0000000740000000, 0x000000077d480000, 0x0000000795580000)
  object space 1004032K, 49% used [0x0000000740000000,0x000000075e3a52c0,0x000000077d480000)
 Metaspace       used 204754K, capacity 219008K, committed 232256K, reserved 1251328K
  class space    used 24924K, capacity 27524K, committed 29800K, reserved 1048576K
Event: 9701.997 GC heap after
Heap after GC invocations=298 (full 16):
 PSYoungGen      total 519680K, used 16778K [0x0000000795580000, 0x00000007bed80000, 0x00000007c0000000)
  eden space 370688K, 0% used [0x0000000795580000,0x0000000795580000,0x00000007abf80000)
  from space 148992K, 11% used [0x00000007b5c00000,0x00000007b6c62870,0x00000007bed80000)
  to   space 154624K, 0% used [0x00000007abf80000,0x00000007abf80000,0x00000007b5680000)
 ParOldGen       total 1004032K, used 511508K [0x0000000740000000, 0x000000077d480000, 0x0000000795580000)
  object space 1004032K, 50% used [0x0000000740000000,0x000000075f385380,0x000000077d480000)
 Metaspace       used 204754K, capacity 219008K, committed 232256K, reserved 1251328K
  class space    used 24924K, capacity 27524K, committed 29800K, reserved 1048576K
}
Event: 9735.662 GC heap before
{Heap before GC invocations=299 (full 16):
 PSYoungGen      total 519680K, used 387466K [0x0000000795580000, 0x00000007bed80000, 0x00000007c0000000)
  eden space 370688K, 100% used [0x0000000795580000,0x00000007abf80000,0x00000007abf80000)
  from space 148992K, 11% used [0x00000007b5c00000,0x00000007b6c62870,0x00000007bed80000)
  to   space 154624K, 0% used [0x00000007abf80000,0x00000007abf80000,0x00000007b5680000)
 ParOldGen       total 1004032K, used 511508K [0x0000000740000000, 0x000000077d480000, 0x0000000795580000)
  object space 1004032K, 50% used [0x0000000740000000,0x000000075f385380,0x000000077d480000)
 Metaspace       used 205186K, capacity 219728K, committed 232256K, reserved 1251328K
  class space    used 24997K, capacity 27677K, committed 29800K, reserved 1048576K
Event: 9735.853 GC heap after
Heap after GC invocations=299 (full 16):
 PSYoungGen      total 525312K, used 21032K [0x0000000795580000, 0x00000007bf780000, 0x00000007c0000000)
  eden space 370688K, 0% used [0x0000000795580000,0x0000000795580000,0x00000007abf80000)
  from space 154624K, 13% used [0x00000007abf80000,0x00000007ad40a390,0x00000007b5680000)
  to   space 147456K, 0% used [0x00000007b6780000,0x00000007b6780000,0x00000007bf780000)
 ParOldGen       total 1004032K, used 523763K [0x0000000740000000, 0x000000077d480000, 0x0000000795580000)
  object space 1004032K, 52% used [0x0000000740000000,0x000000075ff7cdc0,0x000000077d480000)
 Metaspace       used 205186K, capacity 219728K, committed 232256K, reserved 1251328K
  class space    used 24997K, capacity 27677K, committed 29800K, reserved 1048576K
}
Event: 10011.571 GC heap before
{Heap before GC invocations=300 (full 16):
 PSYoungGen      total 525312K, used 391720K [0x0000000795580000, 0x00000007bf780000, 0x00000007c0000000)
  eden space 370688K, 100% used [0x0000000795580000,0x00000007abf80000,0x00000007abf80000)
  from space 154624K, 13% used [0x00000007abf80000,0x00000007ad40a390,0x00000007b5680000)
  to   space 147456K, 0% used [0x00000007b6780000,0x00000007b6780000,0x00000007bf780000)
 ParOldGen       total 1004032K, used 523763K [0x0000000740000000, 0x000000077d480000, 0x0000000795580000)
  object space 1004032K, 52% used [0x0000000740000000,0x000000075ff7cdc0,0x000000077d480000)
 Metaspace       used 205218K, capacity 219858K, committed 232256K, reserved 1251328K
  class space    used 25003K, capacity 27688K, committed 29800K, reserved 1048576K
Event: 10011.893 GC heap after
Heap after GC invocations=300 (full 16):
 PSYoungGen      total 531456K, used 21057K [0x0000000795580000, 0x00000007beb00000, 0x00000007c0000000)
  eden space 396800K, 0% used [0x0000000795580000,0x0000000795580000,0x00000007ad900000)
  from space 134656K, 15% used [0x00000007b6780000,0x00000007b7c10480,0x00000007beb00000)
  to   space 140288K, 0% used [0x00000007ad900000,0x00000007ad900000,0x00000007b6200000)
 ParOldGen       total 1004032K, used 526115K [0x0000000740000000, 0x000000077d480000, 0x0000000795580000)
  object space 1004032K, 52% used [0x0000000740000000,0x00000007601c8ee0,0x000000077d480000)
 Metaspace       used 205218K, capacity 219858K, committed 232256K, reserved 1251328K
  class space    used 25003K, capacity 27688K, committed 29800K, reserved 1048576K
}
Event: 10017.328 GC heap before
{Heap before GC invocations=301 (full 16):
 PSYoungGen      total 531456K, used 417857K [0x0000000795580000, 0x00000007beb00000, 0x00000007c0000000)
  eden space 396800K, 100% used [0x0000000795580000,0x00000007ad900000,0x00000007ad900000)
  from space 134656K, 15% used [0x00000007b6780000,0x00000007b7c10480,0x00000007beb00000)
  to   space 140288K, 0% used [0x00000007ad900000,0x00000007ad900000,0x00000007b6200000)
 ParOldGen       total 1004032K, used 526115K [0x0000000740000000, 0x000000077d480000, 0x0000000795580000)
  object space 1004032K, 52% used [0x0000000740000000,0x00000007601c8ee0,0x000000077d480000)
 Metaspace       used 205250K, capacity 219932K, committed 232256K, reserved 1251328K
  class space    used 25006K, capacity 27691K, committed 29800K, reserved 1048576K
Event: 10017.655 GC heap after
Heap after GC invocations=301 (full 16):
 PSYoungGen      total 537088K, used 64044K [0x0000000795580000, 0x00000007c0000000, 0x00000007c0000000)
  eden space 396800K, 0% used [0x0000000795580000,0x0000000795580000,0x00000007ad900000)
  from space 140288K, 45% used [0x00000007ad900000,0x00000007b178b0d8,0x00000007b6200000)
  to   space 139264K, 0% used [0x00000007b7800000,0x00000007b7800000,0x00000007c0000000)
 ParOldGen       total 1004032K, used 544716K [0x0000000740000000, 0x000000077d480000, 0x0000000795580000)
  object space 1004032K, 54% used [0x0000000740000000,0x00000007613f3130,0x000000077d480000)
 Metaspace       used 205250K, capacity 219932K, committed 232256K, reserved 1251328K
  class space    used 25006K, capacity 27691K, committed 29800K, reserved 1048576K
}
Event: 10022.298 GC heap before
{Heap before GC invocations=302 (full 16):
 PSYoungGen      total 537088K, used 460844K [0x0000000795580000, 0x00000007c0000000, 0x00000007c0000000)
  eden space 396800K, 100% used [0x0000000795580000,0x00000007ad900000,0x00000007ad900000)
  from space 140288K, 45% used [0x00000007ad900000,0x00000007b178b0d8,0x00000007b6200000)
  to   space 139264K, 0% used [0x00000007b7800000,0x00000007b7800000,0x00000007c0000000)
 ParOldGen       total 1004032K, used 544716K [0x0000000740000000, 0x000000077d480000, 0x0000000795580000)
  object space 1004032K, 54% used [0x0000000740000000,0x00000007613f3130,0x000000077d480000)
 Metaspace       used 205254K, capacity 219932K, committed 232256K, reserved 1251328K
  class space    used 25006K, capacity 27691K, committed 29800K, reserved 1048576K
Event: 10022.334 GC heap after
Heap after GC invocations=302 (full 16):
 PSYoungGen      total 549376K, used 11130K [0x0000000795580000, 0x00000007bf700000, 0x00000007c0000000)
  eden space 419328K, 0% used [0x0000000795580000,0x0000000795580000,0x00000007aef00000)
  from space 130048K, 8% used [0x00000007b7800000,0x00000007b82dea58,0x00000007bf700000)
  to   space 135168K, 0% used [0x00000007aef00000,0x00000007aef00000,0x00000007b7300000)
 ParOldGen       total 1004032K, used 545375K [0x0000000740000000, 0x000000077d480000, 0x0000000795580000)
  object space 1004032K, 54% used [0x0000000740000000,0x0000000761497e10,0x000000077d480000)
 Metaspace       used 205254K, capacity 219932K, committed 232256K, reserved 1251328K
  class space    used 25006K, capacity 27691K, committed 29800K, reserved 1048576K
}

