# JRE version: OpenJDK Runtime Environment (8.0_242) (build 1.8.0_242-release-1644-b3-6222593)
# Java VM: OpenJDK 64-Bit Server VM (25.242-b3-6222593 mixed mode bsd-amd64 compressed oops)
Heap:
 PSYoungGen      total 515072K, used 143577K [0x0000000795580000, 0x00000007c0000000, 0x00000007c0000000)
  eden space 331264K, 43% used [0x0000000795580000,0x000000079e1b6720,0x00000007a9900000)
  from space 183808K, 0% used [0x00000007a9900000,0x00000007a9900000,0x00000007b4c80000)
  to   space 181760K, 0% used [0x00000007b4e80000,0x00000007b4e80000,0x00000007c0000000)
 ParOldGen       total 734720K, used 417932K [0x0000000740000000, 0x000000076cd80000, 0x0000000795580000)
  object space 734720K, 56% used [0x0000000740000000,0x0000000759823100,0x000000076cd80000)
 Metaspace       used 112351K, capacity 117724K, committed 117976K, reserved 1150976K
  class space    used 14476K, capacity 15588K, committed 15616K, reserved 1048576K
GC Heap History (10 events):
Event: 290.645 GC heap before
{Heap before GC invocations=27 (full 4):
 PSYoungGen      total 357888K, used 357873K [0x0000000795580000, 0x00000007b4180000, 0x00000007c0000000)
  eden space 296448K, 100% used [0x0000000795580000,0x00000007a7700000,0x00000007a7700000)
  from space 61440K, 99% used [0x00000007ace80000,0x00000007b0a7c490,0x00000007b0a80000)
  to   space 89600K, 0% used [0x00000007a7700000,0x00000007a7700000,0x00000007ace80000)
 ParOldGen       total 260608K, used 151780K [0x0000000740000000, 0x000000074fe80000, 0x0000000795580000)
  object space 260608K, 58% used [0x0000000740000000,0x0000000749439298,0x000000074fe80000)
 Metaspace       used 106448K, capacity 111830K, committed 112216K, reserved 1146880K
  class space    used 13745K, capacity 14871K, committed 14976K, reserved 1048576K
Event: 291.773 GC heap after
Heap after GC invocations=27 (full 4):
 PSYoungGen      total 386048K, used 89592K [0x0000000795580000, 0x00000007beb80000, 0x00000007c0000000)
  eden space 296448K, 0% used [0x0000000795580000,0x0000000795580000,0x00000007a7700000)
  from space 89600K, 99% used [0x00000007a7700000,0x00000007ace7e130,0x00000007ace80000)
  to   space 140800K, 0% used [0x00000007b6200000,0x00000007b6200000,0x00000007beb80000)
 ParOldGen       total 260608K, used 250841K [0x0000000740000000, 0x000000074fe80000, 0x0000000795580000)
  object space 260608K, 96% used [0x0000000740000000,0x000000074f4f6670,0x000000074fe80000)
 Metaspace       used 106448K, capacity 111830K, committed 112216K, reserved 1146880K
  class space    used 13745K, capacity 14871K, committed 14976K, reserved 1048576K
}
Event: 291.773 GC heap before
{Heap before GC invocations=28 (full 5):
 PSYoungGen      total 386048K, used 89592K [0x0000000795580000, 0x00000007beb80000, 0x00000007c0000000)
  eden space 296448K, 0% used [0x0000000795580000,0x0000000795580000,0x00000007a7700000)
  from space 89600K, 99% used [0x00000007a7700000,0x00000007ace7e130,0x00000007ace80000)
  to   space 140800K, 0% used [0x00000007b6200000,0x00000007b6200000,0x00000007beb80000)
 ParOldGen       total 260608K, used 250841K [0x0000000740000000, 0x000000074fe80000, 0x0000000795580000)
  object space 260608K, 96% used [0x0000000740000000,0x000000074f4f6670,0x000000074fe80000)
 Metaspace       used 106448K, capacity 111830K, committed 112216K, reserved 1146880K
  class space    used 13745K, capacity 14871K, committed 14976K, reserved 1048576K
Event: 296.526 GC heap after
Heap after GC invocations=28 (full 5):
 PSYoungGen      total 386048K, used 65190K [0x0000000795580000, 0x00000007beb80000, 0x00000007c0000000)
  eden space 296448K, 0% used [0x0000000795580000,0x0000000795580000,0x00000007a7700000)
  from space 89600K, 72% used [0x00000007a7700000,0x00000007ab6a9bf8,0x00000007ace80000)
  to   space 140800K, 0% used [0x00000007b6200000,0x00000007b6200000,0x00000007beb80000)
 ParOldGen       total 494080K, used 260325K [0x0000000740000000, 0x000000075e280000, 0x0000000795580000)
  object space 494080K, 52% used [0x0000000740000000,0x000000074fe39498,0x000000075e280000)
 Metaspace       used 106400K, capacity 111716K, committed 112216K, reserved 1146880K
  class space    used 13731K, capacity 14844K, committed 14976K, reserved 1048576K
}
Event: 298.529 GC heap before
{Heap before GC invocations=29 (full 5):
 PSYoungGen      total 386048K, used 361638K [0x0000000795580000, 0x00000007beb80000, 0x00000007c0000000)
  eden space 296448K, 100% used [0x0000000795580000,0x00000007a7700000,0x00000007a7700000)
  from space 89600K, 72% used [0x00000007a7700000,0x00000007ab6a9bf8,0x00000007ace80000)
  to   space 140800K, 0% used [0x00000007b6200000,0x00000007b6200000,0x00000007beb80000)
 ParOldGen       total 494080K, used 260325K [0x0000000740000000, 0x000000075e280000, 0x0000000795580000)
  object space 494080K, 52% used [0x0000000740000000,0x000000074fe39498,0x000000075e280000)
 Metaspace       used 109174K, capacity 114484K, committed 114904K, reserved 1148928K
  class space    used 14142K, capacity 15236K, committed 15360K, reserved 1048576K
Event: 299.193 GC heap after
Heap after GC invocations=29 (full 5):
 PSYoungGen      total 472064K, used 140784K [0x0000000795580000, 0x00000007c0000000, 0x00000007c0000000)
  eden space 331264K, 0% used [0x0000000795580000,0x0000000795580000,0x00000007a9900000)
  from space 140800K, 99% used [0x00000007b6200000,0x00000007beb7c158,0x00000007beb80000)
  to   space 183808K, 0% used [0x00000007a9900000,0x00000007a9900000,0x00000007b4c80000)
 ParOldGen       total 494080K, used 311778K [0x0000000740000000, 0x000000075e280000, 0x0000000795580000)
  object space 494080K, 63% used [0x0000000740000000,0x0000000753078bf8,0x000000075e280000)
 Metaspace       used 109174K, capacity 114484K, committed 114904K, reserved 1148928K
  class space    used 14142K, capacity 15236K, committed 15360K, reserved 1048576K
}
Event: 302.872 GC heap before
{Heap before GC invocations=30 (full 5):
 PSYoungGen      total 472064K, used 471967K [0x0000000795580000, 0x00000007c0000000, 0x00000007c0000000)
  eden space 331264K, 99% used [0x0000000795580000,0x00000007a98ebb48,0x00000007a9900000)
  from space 140800K, 99% used [0x00000007b6200000,0x00000007beb7c158,0x00000007beb80000)
  to   space 183808K, 0% used [0x00000007a9900000,0x00000007a9900000,0x00000007b4c80000)
 ParOldGen       total 494080K, used 311778K [0x0000000740000000, 0x000000075e280000, 0x0000000795580000)
  object space 494080K, 63% used [0x0000000740000000,0x0000000753078bf8,0x000000075e280000)
 Metaspace       used 112242K, capacity 117654K, committed 117720K, reserved 1150976K
  class space    used 14468K, capacity 15587K, committed 15616K, reserved 1048576K
Event: 304.116 GC heap after
Heap after GC invocations=30 (full 5):
 PSYoungGen      total 515072K, used 92162K [0x0000000795580000, 0x00000007c0000000, 0x00000007c0000000)
  eden space 331264K, 0% used [0x0000000795580000,0x0000000795580000,0x00000007a9900000)
  from space 183808K, 50% used [0x00000007a9900000,0x00000007af3008b0,0x00000007b4c80000)
  to   space 181760K, 0% used [0x00000007b4e80000,0x00000007b4e80000,0x00000007c0000000)
 ParOldGen       total 494080K, used 452429K [0x0000000740000000, 0x000000075e280000, 0x0000000795580000)
  object space 494080K, 91% used [0x0000000740000000,0x000000075b9d3430,0x000000075e280000)
 Metaspace       used 112242K, capacity 117654K, committed 117720K, reserved 1150976K
  class space    used 14468K, capacity 15587K, committed 15616K, reserved 1048576K
}
Event: 304.116 GC heap before
{Heap before GC invocations=31 (full 6):
 PSYoungGen      total 515072K, used 92162K [0x0000000795580000, 0x00000007c0000000, 0x00000007c0000000)
  eden space 331264K, 0% used [0x0000000795580000,0x0000000795580000,0x00000007a9900000)
  from space 183808K, 50% used [0x00000007a9900000,0x00000007af3008b0,0x00000007b4c80000)
  to   space 181760K, 0% used [0x00000007b4e80000,0x00000007b4e80000,0x00000007c0000000)
 ParOldGen       total 494080K, used 452429K [0x0000000740000000, 0x000000075e280000, 0x0000000795580000)
  object space 494080K, 91% used [0x0000000740000000,0x000000075b9d3430,0x000000075e280000)
 Metaspace       used 112242K, capacity 117654K, committed 117720K, reserved 1150976K
  class space    used 14468K, capacity 15587K, committed 15616K, reserved 1048576K
Event: 309.216 GC heap after
Heap after GC invocations=31 (full 6):
 PSYoungGen      total 515072K, used 0K [0x0000000795580000, 0x00000007c0000000, 0x00000007c0000000)
  eden space 331264K, 0% used [0x0000000795580000,0x0000000795580000,0x00000007a9900000)
  from space 183808K, 0% used [0x00000007a9900000,0x00000007a9900000,0x00000007b4c80000)
  to   space 181760K, 0% used [0x00000007b4e80000,0x00000007b4e80000,0x00000007c0000000)
 ParOldGen       total 734720K, used 417932K [0x0000000740000000, 0x000000076cd80000, 0x0000000795580000)
  object space 734720K, 56% used [0x0000000740000000,0x0000000759823100,0x000000076cd80000)
 Metaspace       used 112237K, capacity 117636K, committed 117720K, reserved 1150976K
  class space    used 14467K, capacity 15584K, committed 15616K, reserved 1048576K
}

