# JRE version: OpenJDK Runtime Environment (8.0_242) (build 1.8.0_242-release-1644-b3-6222593)
# Java VM: OpenJDK 64-Bit Server VM (25.242-b3-6222593 mixed mode bsd-amd64 compressed oops)
Heap:
 PSYoungGen      total 531968K, used 204112K [0x0000000795580000, 0x00000007b9980000, 0x00000007c0000000)
  eden space 478208K, 39% used [0x0000000795580000,0x00000007a0c179d8,0x00000007b2880000)
  from space 53760K, 31% used [0x00000007b6500000,0x00000007b75bc820,0x00000007b9980000)
  to   space 57856K, 0% used [0x00000007b2880000,0x00000007b2880000,0x00000007b6100000)
 ParOldGen       total 611328K, used 85315K [0x0000000740000000, 0x0000000765500000, 0x0000000795580000)
  object space 611328K, 13% used [0x0000000740000000,0x0000000745350c38,0x0000000765500000)
 Metaspace       used 115690K, capacity 125332K, committed 125912K, reserved 1159168K
  class space    used 14340K, capacity 15955K, committed 16128K, reserved 1048576K
GC Heap History (10 events):
Event: 18752.803 GC heap before
{Heap before GC invocations=198 (full 12):
 PSYoungGen      total 525312K, used 3090K [0x0000000795580000, 0x00000007b9500000, 0x00000007c0000000)
  eden space 464384K, 0% used [0x0000000795580000,0x0000000795580000,0x00000007b1b00000)
  from space 60928K, 5% used [0x00000007b5780000,0x00000007b5a84800,0x00000007b9300000)
  to   space 61952K, 0% used [0x00000007b1b00000,0x00000007b1b00000,0x00000007b5780000)
 ParOldGen       total 611328K, used 85210K [0x0000000740000000, 0x0000000765500000, 0x0000000795580000)
  object space 611328K, 13% used [0x0000000740000000,0x0000000745336bf8,0x0000000765500000)
 Metaspace       used 115464K, capacity 125076K, committed 125656K, reserved 1159168K
  class space    used 14324K, capacity 15955K, committed 16128K, reserved 1048576K
Event: 18755.378 GC heap after
Heap after GC invocations=198 (full 12):
 PSYoungGen      total 525312K, used 0K [0x0000000795580000, 0x00000007b9500000, 0x00000007c0000000)
  eden space 464384K, 0% used [0x0000000795580000,0x0000000795580000,0x00000007b1b00000)
  from space 60928K, 0% used [0x00000007b5780000,0x00000007b5780000,0x00000007b9300000)
  to   space 61952K, 0% used [0x00000007b1b00000,0x00000007b1b00000,0x00000007b5780000)
 ParOldGen       total 611328K, used 85299K [0x0000000740000000, 0x0000000765500000, 0x0000000795580000)
  object space 611328K, 13% used [0x0000000740000000,0x000000074534cc38,0x0000000765500000)
 Metaspace       used 115390K, capacity 124956K, committed 125656K, reserved 1159168K
  class space    used 14313K, capacity 15935K, committed 16128K, reserved 1048576K
}
Event: 19044.077 GC heap before
{Heap before GC invocations=199 (full 12):
 PSYoungGen      total 525312K, used 464384K [0x0000000795580000, 0x00000007b9500000, 0x00000007c0000000)
  eden space 464384K, 100% used [0x0000000795580000,0x00000007b1b00000,0x00000007b1b00000)
  from space 60928K, 0% used [0x00000007b5780000,0x00000007b5780000,0x00000007b9300000)
  to   space 61952K, 0% used [0x00000007b1b00000,0x00000007b1b00000,0x00000007b5780000)
 ParOldGen       total 611328K, used 85299K [0x0000000740000000, 0x0000000765500000, 0x0000000795580000)
  object space 611328K, 13% used [0x0000000740000000,0x000000074534cc38,0x0000000765500000)
 Metaspace       used 115443K, capacity 124992K, committed 125656K, reserved 1159168K
  class space    used 14318K, capacity 15941K, committed 16128K, reserved 1048576K
Event: 19044.176 GC heap after
Heap after GC invocations=199 (full 12):
 PSYoungGen      total 526336K, used 19156K [0x0000000795580000, 0x00000007b9200000, 0x00000007c0000000)
  eden space 464384K, 0% used [0x0000000795580000,0x0000000795580000,0x00000007b1b00000)
  from space 61952K, 30% used [0x00000007b1b00000,0x00000007b2db5128,0x00000007b5780000)
  to   space 59392K, 0% used [0x00000007b5800000,0x00000007b5800000,0x00000007b9200000)
 ParOldGen       total 611328K, used 85299K [0x0000000740000000, 0x0000000765500000, 0x0000000795580000)
  object space 611328K, 13% used [0x0000000740000000,0x000000074534cc38,0x0000000765500000)
 Metaspace       used 115443K, capacity 124992K, committed 125656K, reserved 1159168K
  class space    used 14318K, capacity 15941K, committed 16128K, reserved 1048576K
}
Event: 19139.743 GC heap before
{Heap before GC invocations=200 (full 12):
 PSYoungGen      total 526336K, used 483540K [0x0000000795580000, 0x00000007b9200000, 0x00000007c0000000)
  eden space 464384K, 100% used [0x0000000795580000,0x00000007b1b00000,0x00000007b1b00000)
  from space 61952K, 30% used [0x00000007b1b00000,0x00000007b2db5128,0x00000007b5780000)
  to   space 59392K, 0% used [0x00000007b5800000,0x00000007b5800000,0x00000007b9200000)
 ParOldGen       total 611328K, used 85299K [0x0000000740000000, 0x0000000765500000, 0x0000000795580000)
  object space 611328K, 13% used [0x0000000740000000,0x000000074534cc38,0x0000000765500000)
 Metaspace       used 115609K, capacity 125188K, committed 125656K, reserved 1159168K
  class space    used 14338K, capacity 15953K, committed 16128K, reserved 1048576K
Event: 19139.865 GC heap after
Heap after GC invocations=200 (full 12):
 PSYoungGen      total 525824K, used 36493K [0x0000000795580000, 0x00000007b9380000, 0x00000007c0000000)
  eden space 466432K, 0% used [0x0000000795580000,0x0000000795580000,0x00000007b1d00000)
  from space 59392K, 61% used [0x00000007b5800000,0x00000007b7ba3470,0x00000007b9200000)
  to   space 60416K, 0% used [0x00000007b1d00000,0x00000007b1d00000,0x00000007b5800000)
 ParOldGen       total 611328K, used 85307K [0x0000000740000000, 0x0000000765500000, 0x0000000795580000)
  object space 611328K, 13% used [0x0000000740000000,0x000000074534ec38,0x0000000765500000)
 Metaspace       used 115609K, capacity 125188K, committed 125656K, reserved 1159168K
  class space    used 14338K, capacity 15953K, committed 16128K, reserved 1048576K
}
Event: 19143.591 GC heap before
{Heap before GC invocations=201 (full 12):
 PSYoungGen      total 525824K, used 502925K [0x0000000795580000, 0x00000007b9380000, 0x00000007c0000000)
  eden space 466432K, 100% used [0x0000000795580000,0x00000007b1d00000,0x00000007b1d00000)
  from space 59392K, 61% used [0x00000007b5800000,0x00000007b7ba3470,0x00000007b9200000)
  to   space 60416K, 0% used [0x00000007b1d00000,0x00000007b1d00000,0x00000007b5800000)
 ParOldGen       total 611328K, used 85307K [0x0000000740000000, 0x0000000765500000, 0x0000000795580000)
  object space 611328K, 13% used [0x0000000740000000,0x000000074534ec38,0x0000000765500000)
 Metaspace       used 115652K, capacity 125264K, committed 125656K, reserved 1159168K
  class space    used 14340K, capacity 15955K, committed 16128K, reserved 1048576K
Event: 19143.857 GC heap after
Heap after GC invocations=201 (full 12):
 PSYoungGen      total 526848K, used 33170K [0x0000000795580000, 0x00000007b9f00000, 0x00000007c0000000)
  eden space 466432K, 0% used [0x0000000795580000,0x0000000795580000,0x00000007b1d00000)
  from space 60416K, 54% used [0x00000007b1d00000,0x00000007b3d64bb8,0x00000007b5800000)
  to   space 59392K, 0% used [0x00000007b6500000,0x00000007b6500000,0x00000007b9f00000)
 ParOldGen       total 611328K, used 85315K [0x0000000740000000, 0x0000000765500000, 0x0000000795580000)
  object space 611328K, 13% used [0x0000000740000000,0x0000000745350c38,0x0000000765500000)
 Metaspace       used 115652K, capacity 125264K, committed 125656K, reserved 1159168K
  class space    used 14340K, capacity 15955K, committed 16128K, reserved 1048576K
}
Event: 19171.274 GC heap before
{Heap before GC invocations=202 (full 12):
 PSYoungGen      total 526848K, used 499602K [0x0000000795580000, 0x00000007b9f00000, 0x00000007c0000000)
  eden space 466432K, 100% used [0x0000000795580000,0x00000007b1d00000,0x00000007b1d00000)
  from space 60416K, 54% used [0x00000007b1d00000,0x00000007b3d64bb8,0x00000007b5800000)
  to   space 59392K, 0% used [0x00000007b6500000,0x00000007b6500000,0x00000007b9f00000)
 ParOldGen       total 611328K, used 85315K [0x0000000740000000, 0x0000000765500000, 0x0000000795580000)
  object space 611328K, 13% used [0x0000000740000000,0x0000000745350c38,0x0000000765500000)
 Metaspace       used 115669K, capacity 125332K, committed 125912K, reserved 1159168K
  class space    used 14340K, capacity 15955K, committed 16128K, reserved 1048576K
Event: 19171.358 GC heap after
Heap after GC invocations=202 (full 12):
 PSYoungGen      total 531968K, used 17138K [0x0000000795580000, 0x00000007b9980000, 0x00000007c0000000)
  eden space 478208K, 0% used [0x0000000795580000,0x0000000795580000,0x00000007b2880000)
  from space 53760K, 31% used [0x00000007b6500000,0x00000007b75bc820,0x00000007b9980000)
  to   space 57856K, 0% used [0x00000007b2880000,0x00000007b2880000,0x00000007b6100000)
 ParOldGen       total 611328K, used 85315K [0x0000000740000000, 0x0000000765500000, 0x0000000795580000)
  object space 611328K, 13% used [0x0000000740000000,0x0000000745350c38,0x0000000765500000)
 Metaspace       used 115669K, capacity 125332K, committed 125912K, reserved 1159168K
  class space    used 14340K, capacity 15955K, committed 16128K, reserved 1048576K
}

